#
# There is insufficient memory for the Java Runtime Environment to continue.
# Native memory allocation (malloc) failed to allocate 1171856 bytes for Chunk::new
# Possible reasons:
#   The system is out of physical RAM or swap space
#   The process is running with CompressedOops enabled, and the Java Heap may be blocking the growth of the native heap
# Possible solutions:
#   Reduce memory load on the system
#   Increase physical memory or swap space
#   Check if swap backing store is full
#   Decrease Java heap size (-Xmx/-Xms)
#   Decrease number of Java threads
#   Decrease Java thread stack sizes (-Xss)
#   Set larger code cache with -XX:ReservedCodeCacheSize=
#   JVM is running with Unscaled Compressed Oops mode in which the Java heap is
#     placed in the first 4GB address space. The Java Heap base address is the
#     maximum limit for the native heap growth. Please use -XX:HeapBaseMinAddress
#     to set the Java Heap base and to place the Java Heap above 4GB virtual address.
# This output file may be truncated or incomplete.
#
#  Out of Memory Error (allocation.cpp:389), pid=9160, tid=0x00000000000018f8
#
# JRE version: OpenJDK Runtime Environment (8.0_302-b08) (build 1.8.0_302-b08)
# Java VM: OpenJDK 64-Bit Server VM (25.302-b08 mixed mode windows-amd64 compressed oops)
# Failed to write core dump. Minidumps are not enabled by default on client versions of Windows
#

---------------  T H R E A D  ---------------

Current thread (0x0000020177316800):  JavaThread "C2 CompilerThread0" daemon [_thread_in_native, id=6392, stack(0x00000035ba700000,0x00000035ba800000)]

Stack: [0x00000035ba700000,0x00000035ba800000]
[error occurred during error reporting (printing stack bounds), id 0xc0000005]

Native frames: (J=compiled Java code, j=interpreted, Vv=VM code, C=native code)


Current CompileTask:
C2:  92901 12537       4       org.gradle.api.internal.artifacts.transform.ConsumerProvidedVariantFinder::matchAttributes (68 bytes)


---------------  P R O C E S S  ---------------

Java Threads: ( => current thread )
  0x000002017aad0000 JavaThread "stdout" [_thread_in_native, id=2856, stack(0x00000035bb500000,0x00000035bb600000)]
  0x000002017aac8000 JavaThread "stderr" [_thread_in_native, id=2260, stack(0x00000035b9f00000,0x00000035ba000000)]
  0x000002017aace000 JavaThread "pool-4-thread-1" [_thread_blocked, id=3892, stack(0x00000035b9d00000,0x00000035b9e00000)]
  0x000002017aacf000 JavaThread "WorkerExecutor Queue Thread 2" [_thread_blocked, id=5208, stack(0x00000035c4100000,0x00000035c4200000)]
  0x000002017aac5800 JavaThread "WorkerExecutor Queue" [_thread_blocked, id=8664, stack(0x00000035c4000000,0x00000035c4100000)]
  0x000002017aacc800 JavaThread "Cache worker for execution history cache (C:\Users\stuar\StudioProjects\com.example.chaostiler\.gradle\6.7.1\executionHistory)" [_thread_blocked, id=8476, stack(0x00000035c3f00000,0x00000035c4000000)]
  0x000002017aac5000 JavaThread "Execution worker for ':'" [_thread_in_Java, id=1808, stack(0x00000035c3e00000,0x00000035c3f00000)]
  0x000002017aac8800 JavaThread "build event listener" [_thread_blocked, id=8976, stack(0x00000035c3d00000,0x00000035c3e00000)]
  0x000002017aac6800 JavaThread "pool-3-thread-1" [_thread_blocked, id=3648, stack(0x00000035c3c00000,0x00000035c3d00000)]
  0x000002017aac9800 JavaThread "build event listener" [_thread_blocked, id=5124, stack(0x00000035c3b00000,0x00000035c3c00000)]
  0x000002017aac7000 JavaThread "Memory manager" [_thread_blocked, id=4384, stack(0x00000035c3a00000,0x00000035c3b00000)]
  0x000002017a6bf800 JavaThread "Build operations Thread 2" [_thread_blocked, id=8280, stack(0x00000035bc300000,0x00000035bc400000)]
  0x000002017a6b9000 JavaThread "Build operations" [_thread_blocked, id=3732, stack(0x00000035bc200000,0x00000035bc300000)]
  0x000002017a6bb800 JavaThread "Cache worker for Build Output Cleanup Cache (C:\Users\stuar\StudioProjects\com.example.chaostiler\.gradle\buildOutputCleanup)" [_thread_blocked, id=1824, stack(0x00000035bc100000,0x00000035bc200000)]
  0x000002017a568000 JavaThread "Cache worker for file content cache (C:\Users\stuar\.gradle\caches\6.7.1\fileContent)" [_thread_blocked, id=7084, stack(0x00000035bc000000,0x00000035bc100000)]
  0x000002017a56a000 JavaThread "Cache worker for execution history cache (C:\Users\stuar\.gradle\caches\6.7.1\executionHistory)" [_thread_blocked, id=1972, stack(0x00000035bbe00000,0x00000035bbf00000)]
  0x000002017a56c000 JavaThread "Cache worker for cache directory md-rule (C:\Users\stuar\.gradle\caches\6.7.1\md-rule)" [_thread_blocked, id=6468, stack(0x00000035bbd00000,0x00000035bbe00000)]
  0x000002017a56d800 JavaThread "Cache worker for cache directory md-supplier (C:\Users\stuar\.gradle\caches\6.7.1\md-supplier)" [_thread_blocked, id=8360, stack(0x00000035bbc00000,0x00000035bbd00000)]
  0x000002017a566800 JavaThread "Cache worker for checksums cache (C:\Users\stuar\StudioProjects\com.example.chaostiler\.gradle\checksums)" [_thread_blocked, id=8764, stack(0x00000035bbb00000,0x00000035bbc00000)]
  0x000002017a569800 JavaThread "Cache worker for file hash cache (C:\Users\stuar\StudioProjects\com.example.chaostiler\.gradle\6.7.1\fileHashes)" [_thread_blocked, id=5496, stack(0x00000035bba00000,0x00000035bbb00000)]
  0x000002017a56b000 JavaThread "Cache worker for journal cache (C:\Users\stuar\.gradle\caches\journal-1)" [_thread_blocked, id=7296, stack(0x00000035bb900000,0x00000035bba00000)]
  0x000002017a56c800 JavaThread "File lock request listener" [_thread_in_native, id=3344, stack(0x00000035bb800000,0x00000035bb900000)]
  0x000002017a568800 JavaThread "Cache worker for file hash cache (C:\Users\stuar\.gradle\caches\6.7.1\fileHashes)" [_thread_blocked, id=1104, stack(0x00000035bb700000,0x00000035bb800000)]
  0x0000020178cda800 JavaThread "Thread-9" [_thread_blocked, id=8800, stack(0x00000035bb600000,0x00000035bb700000)]
  0x0000020177b16000 JavaThread "Asynchronous log dispatcher for DefaultDaemonConnection: socket connection from /127.0.0.1:58797 to /127.0.0.1:58798" [_thread_blocked, id=7368, stack(0x00000035bb400000,0x00000035bb500000)]
  0x0000020178f10800 JavaThread "Daemon worker" [_thread_blocked, id=5492, stack(0x00000035bb300000,0x00000035bb400000)]
  0x000002017735a000 JavaThread "Cancel handler" [_thread_blocked, id=8160, stack(0x00000035bb200000,0x00000035bb300000)]
  0x0000020179007000 JavaThread "Handler for socket connection from /127.0.0.1:58797 to /127.0.0.1:58798" [_thread_in_native, id=6880, stack(0x00000035bb100000,0x00000035bb200000)]
  0x0000020179006800 JavaThread "Daemon periodic checks" [_thread_blocked, id=4360, stack(0x00000035bb000000,0x00000035bb100000)]
  0x0000020177343800 JavaThread "Daemon" [_thread_blocked, id=3216, stack(0x00000035baf00000,0x00000035bb000000)]
  0x0000020178f14800 JavaThread "Incoming local TCP Connector on port 58797" [_thread_in_native, id=6196, stack(0x00000035bae00000,0x00000035baf00000)]
  0x000002017908a000 JavaThread "Daemon health stats" [_thread_blocked, id=6552, stack(0x00000035bab00000,0x00000035bac00000)]
  0x000002017736f800 JavaThread "Service Thread" daemon [_thread_blocked, id=6696, stack(0x00000035ba900000,0x00000035baa00000)]
  0x0000020177367800 JavaThread "C1 CompilerThread1" daemon [_thread_blocked, id=3168, stack(0x00000035ba800000,0x00000035ba900000)]
=>0x0000020177316800 JavaThread "C2 CompilerThread0" daemon [_thread_in_native, id=6392, stack(0x00000035ba700000,0x00000035ba800000)]
  0x0000020177312000 JavaThread "Attach Listener" daemon [_thread_blocked, id=6868, stack(0x00000035ba600000,0x00000035ba700000)]
  0x000002017730f000 JavaThread "Signal Dispatcher" daemon [_thread_blocked, id=4080, stack(0x00000035ba500000,0x00000035ba600000)]
  0x00000201772df800 JavaThread "Finalizer" daemon [_thread_blocked, id=7392, stack(0x00000035ba400000,0x00000035ba500000)]
  0x00000201772de000 JavaThread "Reference Handler" daemon [_thread_blocked, id=4480, stack(0x00000035ba300000,0x00000035ba400000)]
  0x0000020160ce2000 JavaThread "main" [_thread_blocked, id=1576, stack(0x00000035b9e00000,0x00000035b9f00000)]

Other Threads:
  0x00000201772b1800 VMThread [stack: 0x00000035ba200000,0x00000035ba300000] [id=5044]
  0x0000020177372800 WatcherThread [stack: 0x00000035baa00000,0x00000035bab00000] [id=8556]

VM state:not at safepoint (normal execution)

VM Mutex/Monitor currently owned by a thread: None

heap address: 0x0000000080000000, size: 2048 MB, Compressed Oops mode: 32-bit
Narrow klass base: 0x0000000000000000, Narrow klass shift: 3
Compressed class space size: 1073741824 Address: 0x0000000100000000

Heap:
 PSYoungGen      total 282112K, used 214781K [0x00000000d5580000, 0x00000000e8400000, 0x0000000100000000)
  eden space 261632K, 79% used [0x00000000d5580000,0x00000000e1f66460,0x00000000e5500000)
  from space 20480K, 39% used [0x00000000e7000000,0x00000000e77d9158,0x00000000e8400000)
  to   space 23552K, 0% used [0x00000000e5600000,0x00000000e5600000,0x00000000e6d00000)
 ParOldGen       total 71680K, used 53653K [0x0000000080000000, 0x0000000084600000, 0x00000000d5580000)
  object space 71680K, 74% used [0x0000000080000000,0x0000000083465618,0x0000000084600000)
 Metaspace       used 81983K, capacity 85374K, committed 85632K, reserved 1124352K
  class space    used 10919K, capacity 11558K, committed 11648K, reserved 1048576K

Card table byte_map: [0x0000020171930000,0x0000020171d40000] byte_map_base: 0x0000020171530000

Marking Bits: (ParMarkBitMap*) 0x0000000053f81820
 Begin Bits: [0x0000020171ff0000, 0x0000020173ff0000)
 End Bits:   [0x0000020173ff0000, 0x0000020175ff0000)

Polling page: 0x0000020160ca0000

CodeCache: size=245760Kb used=33701Kb max_used=33701Kb free=212058Kb
 bounds [0x0000020162570000, 0x0000020164680000, 0x0000020171570000]
 total_blobs=11472 nmethods=10651 adapters=733
 compilation: enabled

Compilation events (10 events):
Event: 92.815 Thread 0x0000020177367800 12572       3       org.gradle.api.internal.artifacts.transform.DefaultExecutionGraphDependenciesResolver::collectDependenciesIdentifiers (115 bytes)
Event: 92.817 Thread 0x0000020177367800 nmethod 12572 0x000002016467b810 code [0x000002016467ba80, 0x000002016467ca50]
Event: 92.827 Thread 0x0000020177367800 12573       3       java.util.Arrays::copyOf (19 bytes)
Event: 92.828 Thread 0x0000020177367800 nmethod 12573 0x000002016467d290 code [0x000002016467d400, 0x000002016467d730]
Event: 92.835 Thread 0x0000020177367800 12574       3       com.google.common.cache.LocalCache$Segment::cleanUp (21 bytes)
Event: 92.836 Thread 0x0000020177367800 nmethod 12574 0x000002016467d850 code [0x000002016467da00, 0x000002016467e010]
Event: 92.840 Thread 0x0000020177367800 12575       3       java.util.concurrent.locks.ReentrantLock::newCondition (8 bytes)
Event: 92.840 Thread 0x0000020177367800 nmethod 12575 0x000002016467e250 code [0x000002016467e3c0, 0x000002016467e718]
Event: 92.866 Thread 0x0000020177367800 12576       3       com.google.common.collect.ImmutableCollection::toArray (8 bytes)
Event: 92.866 Thread 0x0000020177367800 nmethod 12576 0x000002016467e890 code [0x000002016467ea00, 0x000002016467ec10]

GC Heap History (10 events):
Event: 27.712 GC heap before
{Heap before GC invocations=13 (full 2):
 PSYoungGen      total 230400K, used 205587K [0x00000000d5580000, 0x00000000e5900000, 0x0000000100000000)
  eden space 218112K, 89% used [0x00000000d5580000,0x00000000e1336c10,0x00000000e2a80000)
  from space 12288K, 92% used [0x00000000e3800000,0x00000000e430e088,0x00000000e4400000)
  to   space 13824K, 0% used [0x00000000e2a80000,0x00000000e2a80000,0x00000000e3800000)
 ParOldGen       total 71680K, used 16792K [0x0000000080000000, 0x0000000084600000, 0x00000000d5580000)
  object space 71680K, 23% used [0x0000000080000000,0x00000000810661b8,0x0000000084600000)
 Metaspace       used 56843K, capacity 59026K, committed 59160K, reserved 1099776K
  class space    used 7866K, capacity 8306K, committed 8320K, reserved 1048576K
Event: 27.795 GC heap after
Heap after GC invocations=13 (full 2):
 PSYoungGen      total 231936K, used 13796K [0x00000000d5580000, 0x00000000e8400000, 0x0000000100000000)
  eden space 218112K, 0% used [0x00000000d5580000,0x00000000d5580000,0x00000000e2a80000)
  from space 13824K, 99% used [0x00000000e2a80000,0x00000000e37f9320,0x00000000e3800000)
  to   space 20480K, 0% used [0x00000000e7000000,0x00000000e7000000,0x00000000e8400000)
 ParOldGen       total 71680K, used 30205K [0x0000000080000000, 0x0000000084600000, 0x00000000d5580000)
  object space 71680K, 42% used [0x0000000080000000,0x0000000081d7f438,0x0000000084600000)
 Metaspace       used 56843K, capacity 59026K, committed 59160K, reserved 1099776K
  class space    used 7866K, capacity 8306K, committed 8320K, reserved 1048576K
}
Event: 27.795 GC heap before
{Heap before GC invocations=14 (full 3):
 PSYoungGen      total 231936K, used 13796K [0x00000000d5580000, 0x00000000e8400000, 0x0000000100000000)
  eden space 218112K, 0% used [0x00000000d5580000,0x00000000d5580000,0x00000000e2a80000)
  from space 13824K, 99% used [0x00000000e2a80000,0x00000000e37f9320,0x00000000e3800000)
  to   space 20480K, 0% used [0x00000000e7000000,0x00000000e7000000,0x00000000e8400000)
 ParOldGen       total 71680K, used 30205K [0x0000000080000000, 0x0000000084600000, 0x00000000d5580000)
  object space 71680K, 42% used [0x0000000080000000,0x0000000081d7f438,0x0000000084600000)
 Metaspace       used 56843K, capacity 59026K, committed 59160K, reserved 1099776K
  class space    used 7866K, capacity 8306K, committed 8320K, reserved 1048576K
Event: 28.298 GC heap after
Heap after GC invocations=14 (full 3):
 PSYoungGen      total 231936K, used 0K [0x00000000d5580000, 0x00000000e8400000, 0x0000000100000000)
  eden space 218112K, 0% used [0x00000000d5580000,0x00000000d5580000,0x00000000e2a80000)
  from space 13824K, 0% used [0x00000000e2a80000,0x00000000e2a80000,0x00000000e3800000)
  to   space 20480K, 0% used [0x00000000e7000000,0x00000000e7000000,0x00000000e8400000)
 ParOldGen       total 71680K, used 40296K [0x0000000080000000, 0x0000000084600000, 0x00000000d5580000)
  object space 71680K, 56% used [0x0000000080000000,0x000000008275a220,0x0000000084600000)
 Metaspace       used 56843K, capacity 59026K, committed 59160K, reserved 1099776K
  class space    used 7866K, capacity 8306K, committed 8320K, reserved 1048576K
}
Event: 40.896 GC heap before
{Heap before GC invocations=15 (full 3):
 PSYoungGen      total 231936K, used 218112K [0x00000000d5580000, 0x00000000e8400000, 0x0000000100000000)
  eden space 218112K, 100% used [0x00000000d5580000,0x00000000e2a80000,0x00000000e2a80000)
  from space 13824K, 0% used [0x00000000e2a80000,0x00000000e2a80000,0x00000000e3800000)
  to   space 20480K, 0% used [0x00000000e7000000,0x00000000e7000000,0x00000000e8400000)
 ParOldGen       total 71680K, used 40296K [0x0000000080000000, 0x0000000084600000, 0x00000000d5580000)
  object space 71680K, 56% used [0x0000000080000000,0x000000008275a220,0x0000000084600000)
 Metaspace       used 70068K, capacity 73002K, committed 73088K, reserved 1112064K
  class space    used 9782K, capacity 10334K, committed 10368K, reserved 1048576K
Event: 41.024 GC heap after
Heap after GC invocations=15 (full 3):
 PSYoungGen      total 282112K, used 20449K [0x00000000d5580000, 0x00000000e8400000, 0x0000000100000000)
  eden space 261632K, 0% used [0x00000000d5580000,0x00000000d5580000,0x00000000e5500000)
  from space 20480K, 99% used [0x00000000e7000000,0x00000000e83f8698,0x00000000e8400000)
  to   space 23552K, 0% used [0x00000000e5600000,0x00000000e5600000,0x00000000e6d00000)
 ParOldGen       total 71680K, used 40740K [0x0000000080000000, 0x0000000084600000, 0x00000000d5580000)
  object space 71680K, 56% used [0x0000000080000000,0x00000000827c91a0,0x0000000084600000)
 Metaspace       used 70068K, capacity 73002K, committed 73088K, reserved 1112064K
  class space    used 9782K, capacity 10334K, committed 10368K, reserved 1048576K
}
Event: 48.973 GC heap before
{Heap before GC invocations=16 (full 3):
 PSYoungGen      total 282112K, used 282081K [0x00000000d5580000, 0x00000000e8400000, 0x0000000100000000)
  eden space 261632K, 100% used [0x00000000d5580000,0x00000000e5500000,0x00000000e5500000)
  from space 20480K, 99% used [0x00000000e7000000,0x00000000e83f8698,0x00000000e8400000)
  to   space 23552K, 0% used [0x00000000e5600000,0x00000000e5600000,0x00000000e6d00000)
 ParOldGen       total 71680K, used 40740K [0x0000000080000000, 0x0000000084600000, 0x00000000d5580000)
  object space 71680K, 56% used [0x0000000080000000,0x00000000827c91a0,0x0000000084600000)
 Metaspace       used 71853K, capacity 74878K, committed 75008K, reserved 1114112K
  class space    used 9933K, capacity 10480K, committed 10496K, reserved 1048576K
Event: 49.127 GC heap after
Heap after GC invocations=16 (full 3):
 PSYoungGen      total 285184K, used 23531K [0x00000000d5580000, 0x00000000e8400000, 0x0000000100000000)
  eden space 261632K, 0% used [0x00000000d5580000,0x00000000d5580000,0x00000000e5500000)
  from space 23552K, 99% used [0x00000000e5600000,0x00000000e6cfac98,0x00000000e6d00000)
  to   space 20480K, 0% used [0x00000000e7000000,0x00000000e7000000,0x00000000e8400000)
 ParOldGen       total 71680K, used 52918K [0x0000000080000000, 0x0000000084600000, 0x00000000d5580000)
  object space 71680K, 73% used [0x0000000080000000,0x00000000833ad8b0,0x0000000084600000)
 Metaspace       used 71853K, capacity 74878K, committed 75008K, reserved 1114112K
  class space    used 9933K, capacity 10480K, committed 10496K, reserved 1048576K
}
Event: 65.975 GC heap before
{Heap before GC invocations=17 (full 3):
 PSYoungGen      total 285184K, used 285163K [0x00000000d5580000, 0x00000000e8400000, 0x0000000100000000)
  eden space 261632K, 100% used [0x00000000d5580000,0x00000000e5500000,0x00000000e5500000)
  from space 23552K, 99% used [0x00000000e5600000,0x00000000e6cfac98,0x00000000e6d00000)
  to   space 20480K, 0% used [0x00000000e7000000,0x00000000e7000000,0x00000000e8400000)
 ParOldGen       total 71680K, used 52918K [0x0000000080000000, 0x0000000084600000, 0x00000000d5580000)
  object space 71680K, 73% used [0x0000000080000000,0x00000000833ad8b0,0x0000000084600000)
 Metaspace       used 78854K, capacity 82066K, committed 82176K, reserved 1120256K
  class space    used 10609K, capacity 11194K, committed 11264K, reserved 1048576K
Event: 66.010 GC heap after
Heap after GC invocations=17 (full 3):
 PSYoungGen      total 282112K, used 8036K [0x00000000d5580000, 0x00000000e8400000, 0x0000000100000000)
  eden space 261632K, 0% used [0x00000000d5580000,0x00000000d5580000,0x00000000e5500000)
  from space 20480K, 39% used [0x00000000e7000000,0x00000000e77d9158,0x00000000e8400000)
  to   space 23552K, 0% used [0x00000000e5600000,0x00000000e5600000,0x00000000e6d00000)
 ParOldGen       total 71680K, used 53653K [0x0000000080000000, 0x0000000084600000, 0x00000000d5580000)
  object space 71680K, 74% used [0x0000000080000000,0x0000000083465618,0x0000000084600000)
 Metaspace       used 78854K, capacity 82066K, committed 82176K, reserved 1120256K
  class space    used 10609K, capacity 11194K, committed 11264K, reserved 1048576K
}

Deoptimization events (10 events):
Event: 90.031 Thread 0x000002017aac5800 Uncommon trap: reason=class_check action=maybe_recompile pc=0x00000201643b122c method=java.io.BufferedOutputStream.write([BII)V @ 20
Event: 90.032 Thread 0x000002017aac5800 Uncommon trap: reason=class_check action=maybe_recompile pc=0x00000201643b122c method=java.io.BufferedOutputStream.write([BII)V @ 20
Event: 90.096 Thread 0x000002017aac5000 Uncommon trap: reason=unstable_if action=reinterpret pc=0x0000020164431c0c method=org.gradle.internal.snapshot.PathUtil.compareDifferentCharsIgnoringCase(CC)I @ 12
Event: 90.936 Thread 0x000002017a568800 Uncommon trap: reason=unstable_if action=reinterpret pc=0x00000201630256c8 method=java.math.BigInteger.makePositive([B)[I @ 33
Event: 91.415 Thread 0x000002017a56b000 Uncommon trap: reason=unstable_if action=reinterpret pc=0x000002016459e310 method=java.util.concurrent.locks.AbstractQueuedSynchronizer.findNodeFromTail(Ljava/util/concurrent/locks/AbstractQueuedSynchronizer$Node;)Z @ 7
Event: 92.272 Thread 0x000002017aac5000 Uncommon trap: reason=unstable_if action=reinterpret pc=0x0000020163f44ef4 method=org.gradle.internal.fingerprint.classpath.impl.ClasspathFingerprintingStrategy$ClasspathFingerprintVisitor.visit(Lorg/gradle/internal/snapshot/CompleteFileSystemLocationSnap
Event: 92.323 Thread 0x000002017aacc800 Uncommon trap: reason=class_check action=maybe_recompile pc=0x00000201634c6394 method=org.gradle.internal.execution.history.impl.FingerprintMapSerializer.writeFingerprint(Lorg/gradle/internal/serialize/Encoder;Lorg/gradle/internal/fingerprint/FileSystemLo
Event: 92.323 Thread 0x000002017aacc800 Uncommon trap: reason=class_check action=maybe_recompile pc=0x00000201634c6394 method=org.gradle.internal.execution.history.impl.FingerprintMapSerializer.writeFingerprint(Lorg/gradle/internal/serialize/Encoder;Lorg/gradle/internal/fingerprint/FileSystemLo
Event: 92.323 Thread 0x000002017aacc800 Uncommon trap: reason=class_check action=maybe_recompile pc=0x00000201634c6394 method=org.gradle.internal.execution.history.impl.FingerprintMapSerializer.writeFingerprint(Lorg/gradle/internal/serialize/Encoder;Lorg/gradle/internal/fingerprint/FileSystemLo
Event: 92.323 Thread 0x000002017aacc800 Uncommon trap: reason=class_check action=maybe_recompile pc=0x00000201634c6394 method=org.gradle.internal.execution.history.impl.FingerprintMapSerializer.writeFingerprint(Lorg/gradle/internal/serialize/Encoder;Lorg/gradle/internal/fingerprint/FileSystemLo

Classes redefined (0 events):
No events

Internal exceptions (10 events):
Event: 67.633 Thread 0x0000020178f10800 Exception <a 'java/lang/NoSuchMethodError': <clinit>> (0x00000000d781e750) thrown at [C:\wsjdk\Corretto8Src\installers\windows\zip\corretto-build\buildRoot\src\hotspot\src\share\vm\prims\jni.cpp, line 1616]
Event: 89.030 Thread 0x0000020178f10800 Exception <a 'sun/nio/fs/WindowsException'> (0x00000000ddd18750) thrown at [C:\wsjdk\Corretto8Src\installers\windows\zip\corretto-build\buildRoot\src\hotspot\src\share\vm\prims\jni.cpp, line 711]
Event: 89.033 Thread 0x0000020178f10800 Exception <a 'sun/nio/fs/WindowsException'> (0x00000000ddd1a370) thrown at [C:\wsjdk\Corretto8Src\installers\windows\zip\corretto-build\buildRoot\src\hotspot\src\share\vm\prims\jni.cpp, line 711]
Event: 89.034 Thread 0x0000020178f10800 Exception <a 'sun/nio/fs/WindowsException'> (0x00000000ddd1b5f0) thrown at [C:\wsjdk\Corretto8Src\installers\windows\zip\corretto-build\buildRoot\src\hotspot\src\share\vm\prims\jni.cpp, line 711]
Event: 89.034 Thread 0x0000020178f10800 Exception <a 'sun/nio/fs/WindowsException'> (0x00000000ddd1d208) thrown at [C:\wsjdk\Corretto8Src\installers\windows\zip\corretto-build\buildRoot\src\hotspot\src\share\vm\prims\jni.cpp, line 711]
Event: 89.034 Thread 0x0000020178f10800 Exception <a 'sun/nio/fs/WindowsException'> (0x00000000ddd1e318) thrown at [C:\wsjdk\Corretto8Src\installers\windows\zip\corretto-build\buildRoot\src\hotspot\src\share\vm\prims\jni.cpp, line 711]
Event: 89.035 Thread 0x0000020178f10800 Exception <a 'sun/nio/fs/WindowsException'> (0x00000000ddd1ff00) thrown at [C:\wsjdk\Corretto8Src\installers\windows\zip\corretto-build\buildRoot\src\hotspot\src\share\vm\prims\jni.cpp, line 711]
Event: 89.069 Thread 0x0000020178f10800 Exception <a 'java/lang/NoSuchMethodError': <clinit>> (0x00000000dde31a40) thrown at [C:\wsjdk\Corretto8Src\installers\windows\zip\corretto-build\buildRoot\src\hotspot\src\share\vm\prims\jni.cpp, line 1616]
Event: 89.081 Thread 0x0000020178f10800 Exception <a 'java/lang/NoSuchMethodError': <clinit>> (0x00000000dde860d0) thrown at [C:\wsjdk\Corretto8Src\installers\windows\zip\corretto-build\buildRoot\src\hotspot\src\share\vm\prims\jni.cpp, line 1616]
Event: 90.028 Thread 0x000002017aac5800 Exception <a 'java/lang/NoSuchMethodError': java.lang.Object.lambda$negate$1(Ljava/lang/Object;)Z> (0x00000000dea2b588) thrown at [C:\wsjdk\Corretto8Src\installers\windows\zip\corretto-build\buildRoot\src\hotspot\src\share\vm\interpreter\linkResolver.cpp,

Events (10 events):
Event: 92.619 loading class com/google/common/collect/Maps$FilteredEntryMap$EntrySet$1
Event: 92.619 loading class com/google/common/collect/Maps$FilteredEntryMap$EntrySet$1 done
Event: 92.622 loading class com/google/common/collect/Maps$FilteredEntryMap$EntrySet$1$1
Event: 92.622 loading class com/google/common/collect/Maps$FilteredEntryMap$EntrySet$1$1 done
Event: 92.623 loading class com/google/common/collect/ForwardingMapEntry
Event: 92.623 loading class com/google/common/collect/ForwardingMapEntry done
Event: 92.626 loading class org/gradle/internal/execution/history/changes/DefaultIncrementalInputProperties
Event: 92.626 loading class org/gradle/internal/execution/history/changes/DefaultIncrementalInputProperties done
Event: 92.627 loading class org/gradle/internal/execution/history/changes/DefaultIncrementalInputProperties
Event: 92.627 loading class org/gradle/internal/execution/history/changes/DefaultIncrementalInputProperties done


Dynamic libraries:
0x00007ff77faf0000 - 0x00007ff77fb2a000 	C:\Users\stuar\.jdks\corretto-1.8.0_302\bin\java.exe
0x00007fff21930000 - 0x00007fff21b25000 	C:\Windows\SYSTEM32\ntdll.dll
0x00007fff20080000 - 0x00007fff2013d000 	C:\Windows\System32\KERNEL32.DLL
0x00007fff1f240000 - 0x00007fff1f508000 	C:\Windows\System32\KERNELBASE.dll
0x00007fff1ff30000 - 0x00007fff1ffdc000 	C:\Windows\System32\ADVAPI32.dll
0x00007fff20210000 - 0x00007fff202ae000 	C:\Windows\System32\msvcrt.dll
0x00007fff205c0000 - 0x00007fff2065b000 	C:\Windows\System32\sechost.dll
0x00007fff20400000 - 0x00007fff2052b000 	C:\Windows\System32\RPCRT4.dll
0x00007fff1fb70000 - 0x00007fff1fd10000 	C:\Windows\System32\USER32.dll
0x00007fff1f5b0000 - 0x00007fff1f5d2000 	C:\Windows\System32\win32u.dll
0x00007fff20590000 - 0x00007fff205ba000 	C:\Windows\System32\GDI32.dll
0x00007fff1f7f0000 - 0x00007fff1f8fb000 	C:\Windows\System32\gdi32full.dll
0x00007fff1f510000 - 0x00007fff1f5ad000 	C:\Windows\System32\msvcp_win.dll
0x00007fff1f0f0000 - 0x00007fff1f1f0000 	C:\Windows\System32\ucrtbase.dll
0x00007fff0c390000 - 0x00007fff0c62a000 	C:\Windows\WinSxS\amd64_microsoft.windows.common-controls_6595b64144ccf1df_6.0.19041.844_none_ca00b6081b84eb1d\COMCTL32.dll
0x00007fff1fd10000 - 0x00007fff1fd40000 	C:\Windows\System32\IMM32.DLL
0x00007fff0d8a0000 - 0x00007fff0d98f000 	C:\Users\stuar\.jdks\corretto-1.8.0_302\jre\bin\msvcr120.dll
0x00007fff0d7f0000 - 0x00007fff0d896000 	C:\Users\stuar\.jdks\corretto-1.8.0_302\jre\bin\msvcp120.dll
0x0000000053790000 - 0x0000000054000000 	C:\Users\stuar\.jdks\corretto-1.8.0_302\jre\bin\server\jvm.dll
0x00007fff202b0000 - 0x00007fff202b8000 	C:\Windows\System32\PSAPI.DLL
0x00007fff1a5b0000 - 0x00007fff1a5b9000 	C:\Windows\SYSTEM32\WSOCK32.dll
0x00007fff20140000 - 0x00007fff201ab000 	C:\Windows\System32\WS2_32.dll
0x00007fff0c630000 - 0x00007fff0c657000 	C:\Windows\SYSTEM32\WINMM.dll
0x00007fff10160000 - 0x00007fff1016a000 	C:\Windows\SYSTEM32\VERSION.dll
0x00007fff1ac40000 - 0x00007fff1ac4f000 	C:\Users\stuar\.jdks\corretto-1.8.0_302\jre\bin\verify.dll
0x00007fff1ac10000 - 0x00007fff1ac39000 	C:\Users\stuar\.jdks\corretto-1.8.0_302\jre\bin\java.dll
0x00007fff1abf0000 - 0x00007fff1ac06000 	C:\Users\stuar\.jdks\corretto-1.8.0_302\jre\bin\zip.dll
0x00007fff20e40000 - 0x00007fff21582000 	C:\Windows\System32\SHELL32.dll
0x00007fff1d1b0000 - 0x00007fff1d941000 	C:\Windows\SYSTEM32\windows.storage.dll
0x00007fff21590000 - 0x00007fff218e5000 	C:\Windows\System32\combase.dll
0x00007fff1ea70000 - 0x00007fff1ea9c000 	C:\Windows\SYSTEM32\Wldp.dll
0x00007fff1fac0000 - 0x00007fff1fb6e000 	C:\Windows\System32\SHCORE.dll
0x00007fff206e0000 - 0x00007fff20735000 	C:\Windows\System32\shlwapi.dll
0x00007fff1efb0000 - 0x00007fff1efcf000 	C:\Windows\SYSTEM32\profapi.dll
0x00007fff1abd0000 - 0x00007fff1abea000 	C:\Users\stuar\.jdks\corretto-1.8.0_302\jre\bin\net.dll
0x00007fff1e7e0000 - 0x00007fff1e84a000 	C:\Windows\system32\mswsock.dll
0x00007fff1abb0000 - 0x00007fff1abc2000 	C:\Users\stuar\.jdks\corretto-1.8.0_302\jre\bin\nio.dll
0x00007fff09310000 - 0x00007fff09337000 	C:\Users\stuar\.gradle\native\fdc75f09e3144964f2cf3f50f0aa648679c211496f362492102eb8c894070792\windows-amd64\native-platform.dll
0x00007ffeefa30000 - 0x00007ffeefbc6000 	C:\Users\stuar\.gradle\native\12488b8bf47d2d4c9fbf2f6322a914ad602e24e48041cd04a747c6da556b65c4\windows-amd64\native-platform-file-events.dll
0x00007fff1ab70000 - 0x00007fff1ab7d000 	C:\Users\stuar\.jdks\corretto-1.8.0_302\jre\bin\management.dll
0x00007fff1e9b0000 - 0x00007fff1e9c8000 	C:\Windows\SYSTEM32\CRYPTSP.dll
0x00007fff1e120000 - 0x00007fff1e154000 	C:\Windows\system32\rsaenh.dll
0x00007fff1f960000 - 0x00007fff1f987000 	C:\Windows\System32\bcrypt.dll
0x00007fff1ef70000 - 0x00007fff1ef9e000 	C:\Windows\SYSTEM32\USERENV.dll
0x00007fff1f070000 - 0x00007fff1f0f0000 	C:\Windows\System32\bcryptprimitives.dll
0x00007fff1e9d0000 - 0x00007fff1e9dc000 	C:\Windows\SYSTEM32\CRYPTBASE.dll
0x00007fff1e470000 - 0x00007fff1e4ab000 	C:\Windows\SYSTEM32\IPHLPAPI.DLL
0x00007fff20070000 - 0x00007fff20078000 	C:\Windows\System32\NSI.dll
0x00007fff181f0000 - 0x00007fff18207000 	C:\Windows\SYSTEM32\dhcpcsvc6.DLL
0x00007fff18170000 - 0x00007fff1818d000 	C:\Windows\SYSTEM32\dhcpcsvc.DLL
0x00007fff1e4b0000 - 0x00007fff1e57c000 	C:\Windows\SYSTEM32\DNSAPI.dll
0x00007fff19950000 - 0x00007fff1995b000 	C:\Windows\SYSTEM32\WINNSI.DLL

VM Arguments:
jvm_args: -Xmx2048m -Dfile.encoding=UTF-8 -Duser.country=GB -Duser.language=en -Duser.variant 
java_command: org.gradle.launcher.daemon.bootstrap.GradleDaemon 6.7.1
java_class_path (initial): C:\Users\stuar\.gradle\wrapper\dists\gradle-6.7.1-bin\bwlcbys1h7rz3272sye1xwiv6\gradle-6.7.1\lib\gradle-launcher-6.7.1.jar
Launcher Type: SUN_STANDARD

Environment Variables:
JAVA_HOME=C:\Program Files\Android\Android Studio\jre\bin\server
PATH=C:\Windows\system32;C:\Windows;C:\Windows\System32\Wbem;C:\Windows\System32\WindowsPowerShell\v1.0\;C:\Windows\System32\OpenSSH\;C:\Program Files\Git\cmd;C:\Users\stuar\AppData\Local\Microsoft\WindowsApps;
USERNAME=stuar
OS=Windows_NT
PROCESSOR_IDENTIFIER=Intel64 Family 6 Model 42 Stepping 7, GenuineIntel



---------------  S Y S T E M  ---------------

OS: Windows 10.0 , 64 bit Build 19041 (10.0.19041.928)

CPU:total 2 (initial active 2) (2 cores per cpu, 1 threads per core) family 6 model 42 stepping 7, cmov, cx8, fxsr, mmx, sse, sse2, sse3, ssse3, sse4.1, sse4.2, popcnt, clmul, tsc, tscinvbit

Memory: 4k page, physical 6178284k(267928k free), swap 6178284k(5828k free)

vm_info: OpenJDK 64-Bit Server VM (25.302-b08) for windows-amd64 JRE (1.8.0_302-b08), built on Jul 15 2021 19:37:21 by "Administrator" with MS VC++ 12.0 (VS2013)

time: Sun Aug 15 23:39:02 2021
timezone: GMT Summer Time
elapsed time: 92.927449 seconds (0d 0h 1m 32s)

