#
# There is insufficient memory for the Java Runtime Environment to continue.
# Native memory allocation (malloc) failed to allocate 1186880 bytes for Chunk::new
# Possible reasons:
#   The system is out of physical RAM or swap space
#   The process is running with CompressedOops enabled, and the Java Heap may be blocking the growth of the native heap
# Possible solutions:
#   Reduce memory load on the system
#   Increase physical memory or swap space
#   Check if swap backing store is full
#   Decrease Java heap size (-Xmx/-Xms)
#   Decrease number of Java threads
#   Decrease Java thread stack sizes (-Xss)
#   Set larger code cache with -XX:ReservedCodeCacheSize=
#   JVM is running with Unscaled Compressed Oops mode in which the Java heap is
#     placed in the first 4GB address space. The Java Heap base address is the
#     maximum limit for the native heap growth. Please use -XX:HeapBaseMinAddress
#     to set the Java Heap base and to place the Java Heap above 4GB virtual address.
# This output file may be truncated or incomplete.
#
#  Out of Memory Error (allocation.cpp:389), pid=4440, tid=0x00000000000000e4
#
# JRE version: OpenJDK Runtime Environment (8.0_302-b08) (build 1.8.0_302-b08)
# Java VM: OpenJDK 64-Bit Server VM (25.302-b08 mixed mode windows-amd64 compressed oops)
# Failed to write core dump. Minidumps are not enabled by default on client versions of Windows
#

---------------  T H R E A D  ---------------

Current thread (0x0000021e60926000):  JavaThread "C2 CompilerThread0" daemon [_thread_in_native, id=228, stack(0x0000009807300000,0x0000009807400000)]

Stack: [0x0000009807300000,0x0000009807400000]
[error occurred during error reporting (printing stack bounds), id 0xc0000005]

Native frames: (J=compiled Java code, j=interpreted, Vv=VM code, C=native code)


Current CompileTask:
C2:  59424 9179   !   4       java.io.ObjectOutputStream::writeObject0 (619 bytes)


---------------  P R O C E S S  ---------------

Java Threads: ( => current thread )
  0x0000021e65029000 JavaThread "WorkerExecutor Queue Thread 2" [_thread_in_vm, id=7848, stack(0x0000009810d00000,0x0000009810e00000)]
  0x0000021e65020800 JavaThread "WorkerExecutor Queue" [_thread_in_Java, id=3708, stack(0x0000009810c00000,0x0000009810d00000)]
  0x0000021e65023800 JavaThread "Cache worker for execution history cache (C:\Users\stuar\StudioProjects\com.example.chaostiler\.gradle\6.7.1\executionHistory)" [_thread_blocked, id=2592, stack(0x0000009810b00000,0x0000009810c00000)]
  0x0000021e6501b800 JavaThread "Execution worker for ':'" [_thread_blocked, id=6100, stack(0x0000009810a00000,0x0000009810b00000)]
  0x0000021e6501e000 JavaThread "build event listener" [_thread_blocked, id=7684, stack(0x0000009810900000,0x0000009810a00000)]
  0x0000021e6501c800 JavaThread "pool-3-thread-1" [_thread_blocked, id=6540, stack(0x0000009810800000,0x0000009810900000)]
  0x0000021e6501f800 JavaThread "build event listener" [_thread_blocked, id=3660, stack(0x0000009810700000,0x0000009810800000)]
  0x0000021e65022800 JavaThread "Memory manager" [_thread_blocked, id=6444, stack(0x0000009810600000,0x0000009810700000)]
  0x0000021e65021000 JavaThread "jar transforms Thread 119" [_thread_blocked, id=7140, stack(0x0000009810500000,0x0000009810600000)]
  0x0000021e6501d000 JavaThread "jar transforms Thread 118" [_thread_blocked, id=6872, stack(0x0000009810400000,0x0000009810500000)]
  0x0000021e6501b000 JavaThread "jar transforms Thread 117" [_thread_blocked, id=2560, stack(0x0000009810300000,0x0000009810400000)]
  0x0000021e646c4000 JavaThread "jar transforms Thread 116" [_thread_blocked, id=6664, stack(0x0000009810200000,0x0000009810300000)]
  0x0000021e646c3000 JavaThread "jar transforms Thread 115" [_thread_blocked, id=8620, stack(0x0000009810100000,0x0000009810200000)]
  0x0000021e646c2000 JavaThread "jar transforms Thread 114" [_thread_blocked, id=8940, stack(0x0000009810000000,0x0000009810100000)]
  0x0000021e646c0000 JavaThread "jar transforms Thread 113" [_thread_blocked, id=7680, stack(0x000000980ff00000,0x0000009810000000)]
  0x0000021e646be800 JavaThread "jar transforms Thread 112" [_thread_blocked, id=4076, stack(0x000000980fe00000,0x000000980ff00000)]
  0x0000021e646bf000 JavaThread "jar transforms Thread 111" [_thread_blocked, id=7356, stack(0x000000980fd00000,0x000000980fe00000)]
  0x0000021e646c1800 JavaThread "jar transforms Thread 110" [_thread_blocked, id=4164, stack(0x000000980fc00000,0x000000980fd00000)]
  0x0000021e646c0800 JavaThread "jar transforms Thread 109" [_thread_blocked, id=5656, stack(0x000000980fb00000,0x000000980fc00000)]
  0x0000021e646b6800 JavaThread "jar transforms Thread 108" [_thread_blocked, id=5852, stack(0x000000980fa00000,0x000000980fb00000)]
  0x0000021e646bd800 JavaThread "jar transforms Thread 107" [_thread_blocked, id=7920, stack(0x000000980f900000,0x000000980fa00000)]
  0x0000021e646b5800 JavaThread "jar transforms Thread 106" [_thread_blocked, id=4356, stack(0x000000980f800000,0x000000980f900000)]
  0x0000021e646bc800 JavaThread "jar transforms Thread 105" [_thread_blocked, id=6360, stack(0x000000980f700000,0x000000980f800000)]
  0x0000021e646bc000 JavaThread "jar transforms Thread 104" [_thread_blocked, id=1748, stack(0x000000980f600000,0x000000980f700000)]
  0x0000021e646b9800 JavaThread "jar transforms Thread 103" [_thread_blocked, id=1796, stack(0x000000980f500000,0x000000980f600000)]
  0x0000021e646b9000 JavaThread "jar transforms Thread 102" [_thread_blocked, id=1128, stack(0x000000980f400000,0x000000980f500000)]
  0x0000021e646bb000 JavaThread "jar transforms Thread 101" [_thread_blocked, id=8972, stack(0x000000980f300000,0x000000980f400000)]
  0x0000021e646ba800 JavaThread "jar transforms Thread 100" [_thread_blocked, id=4828, stack(0x000000980f200000,0x000000980f300000)]
  0x0000021e646b5000 JavaThread "jar transforms Thread 99" [_thread_blocked, id=9192, stack(0x000000980f100000,0x000000980f200000)]
  0x0000021e646b8000 JavaThread "jar transforms Thread 98" [_thread_blocked, id=2604, stack(0x000000980f000000,0x000000980f100000)]
  0x0000021e646b7000 JavaThread "jar transforms Thread 97" [_thread_blocked, id=5584, stack(0x000000980ef00000,0x000000980f000000)]
  0x0000021e62421000 JavaThread "jar transforms Thread 96" [_thread_blocked, id=476, stack(0x000000980ee00000,0x000000980ef00000)]
  0x0000021e62427800 JavaThread "jar transforms Thread 95" [_thread_blocked, id=8172, stack(0x000000980ed00000,0x000000980ee00000)]
  0x0000021e62426000 JavaThread "jar transforms Thread 94" [_thread_blocked, id=4552, stack(0x000000980ec00000,0x000000980ed00000)]
  0x0000021e62425000 JavaThread "jar transforms Thread 93" [_thread_blocked, id=1860, stack(0x000000980eb00000,0x000000980ec00000)]
  0x0000021e62426800 JavaThread "jar transforms Thread 92" [_thread_blocked, id=4060, stack(0x000000980ea00000,0x000000980eb00000)]
  0x0000021e62424000 JavaThread "jar transforms Thread 91" [_thread_blocked, id=824, stack(0x000000980e900000,0x000000980ea00000)]
  0x0000021e62422800 JavaThread "jar transforms Thread 90" [_thread_blocked, id=3620, stack(0x000000980e800000,0x000000980e900000)]
  0x0000021e62422000 JavaThread "jar transforms Thread 89" [_thread_blocked, id=8772, stack(0x000000980e700000,0x000000980e800000)]
  0x0000021e62428000 JavaThread "jar transforms Thread 88" [_thread_blocked, id=4264, stack(0x000000980e600000,0x000000980e700000)]
  0x0000021e62423800 JavaThread "jar transforms Thread 87" [_thread_blocked, id=6084, stack(0x000000980e500000,0x000000980e600000)]
  0x0000021e62419000 JavaThread "jar transforms Thread 86" [_thread_blocked, id=5516, stack(0x000000980e400000,0x000000980e500000)]
  0x0000021e6241a000 JavaThread "jar transforms Thread 85" [_thread_blocked, id=3564, stack(0x000000980e300000,0x000000980e400000)]
  0x0000021e62420800 JavaThread "jar transforms Thread 84" [_thread_blocked, id=232, stack(0x000000980e200000,0x000000980e300000)]
  0x0000021e6241f800 JavaThread "jar transforms Thread 83" [_thread_blocked, id=832, stack(0x000000980e100000,0x000000980e200000)]
  0x0000021e6241b800 JavaThread "jar transforms Thread 82" [_thread_blocked, id=4964, stack(0x000000980e000000,0x000000980e100000)]
  0x0000021e6241e800 JavaThread "jar transforms Thread 81" [_thread_blocked, id=2492, stack(0x000000980df00000,0x000000980e000000)]
  0x0000021e6241d000 JavaThread "jar transforms Thread 80" [_thread_blocked, id=9020, stack(0x000000980de00000,0x000000980df00000)]
  0x0000021e6241b000 JavaThread "jar transforms Thread 79" [_thread_blocked, id=8396, stack(0x000000980dd00000,0x000000980de00000)]
  0x0000021e6241c800 JavaThread "jar transforms Thread 78" [_thread_blocked, id=5252, stack(0x000000980dc00000,0x000000980dd00000)]
  0x0000021e6241e000 JavaThread "jar transforms Thread 77" [_thread_blocked, id=8204, stack(0x000000980db00000,0x000000980dc00000)]
  0x0000021e63cb6000 JavaThread "jar transforms Thread 76" [_thread_blocked, id=6340, stack(0x000000980da00000,0x000000980db00000)]
  0x0000021e63cb5000 JavaThread "jar transforms Thread 75" [_thread_blocked, id=3104, stack(0x000000980d900000,0x000000980da00000)]
  0x0000021e63cb4800 JavaThread "jar transforms Thread 74" [_thread_blocked, id=7916, stack(0x000000980d800000,0x000000980d900000)]
  0x0000021e63cb2000 JavaThread "jar transforms Thread 73" [_thread_blocked, id=4324, stack(0x000000980d700000,0x000000980d800000)]
  0x0000021e63cb3800 JavaThread "jar transforms Thread 72" [_thread_blocked, id=7568, stack(0x000000980d600000,0x000000980d700000)]
  0x0000021e63cb1000 JavaThread "jar transforms Thread 71" [_thread_blocked, id=1172, stack(0x000000980d500000,0x000000980d600000)]
  0x0000021e63cb2800 JavaThread "jar transforms Thread 70" [_thread_blocked, id=5220, stack(0x000000980d400000,0x000000980d500000)]
  0x0000021e63cb6800 JavaThread "jar transforms Thread 69" [_thread_blocked, id=6600, stack(0x000000980d300000,0x000000980d400000)]
  0x0000021e63cb0800 JavaThread "jar transforms Thread 68" [_thread_blocked, id=1724, stack(0x000000980d200000,0x000000980d300000)]
  0x0000021e63ca8800 JavaThread "jar transforms Thread 67" [_thread_blocked, id=9120, stack(0x000000980d100000,0x000000980d200000)]
  0x0000021e63caf800 JavaThread "jar transforms Thread 66" [_thread_blocked, id=6040, stack(0x000000980d000000,0x000000980d100000)]
  0x0000021e63ca7800 JavaThread "jar transforms Thread 65" [_thread_blocked, id=8320, stack(0x000000980cf00000,0x000000980d000000)]
  0x0000021e63cae000 JavaThread "jar transforms Thread 64" [_thread_blocked, id=7996, stack(0x000000980ce00000,0x000000980cf00000)]
  0x0000021e63caf000 JavaThread "jar transforms Thread 63" [_thread_blocked, id=4760, stack(0x000000980cd00000,0x000000980ce00000)]
  0x0000021e63ca9800 JavaThread "jar transforms Thread 62" [_thread_blocked, id=5104, stack(0x000000980cc00000,0x000000980cd00000)]
  0x0000021e63cad000 JavaThread "jar transforms Thread 61" [_thread_blocked, id=4328, stack(0x000000980cb00000,0x000000980cc00000)]
  0x0000021e63cac800 JavaThread "jar transforms Thread 60" [_thread_blocked, id=4008, stack(0x000000980ca00000,0x000000980cb00000)]
  0x0000021e63cab000 JavaThread "jar transforms Thread 59" [_thread_blocked, id=1508, stack(0x000000980c900000,0x000000980ca00000)]
  0x0000021e63cab800 JavaThread "jar transforms Thread 58" [_thread_blocked, id=4308, stack(0x000000980c800000,0x000000980c900000)]
  0x0000021e63caa000 JavaThread "jar transforms Thread 57" [_thread_blocked, id=8188, stack(0x000000980c700000,0x000000980c800000)]
  0x0000021e64fdc000 JavaThread "jar transforms Thread 56" [_thread_blocked, id=2800, stack(0x000000980c600000,0x000000980c700000)]
  0x0000021e64fd8800 JavaThread "jar transforms Thread 55" [_thread_blocked, id=5788, stack(0x000000980c500000,0x000000980c600000)]
  0x0000021e64fda800 JavaThread "jar transforms Thread 54" [_thread_blocked, id=2972, stack(0x000000980c400000,0x000000980c500000)]
  0x0000021e64fde000 JavaThread "jar transforms Thread 53" [_thread_blocked, id=8176, stack(0x000000980c300000,0x000000980c400000)]
  0x0000021e64fd8000 JavaThread "jar transforms Thread 52" [_thread_blocked, id=8244, stack(0x000000980c200000,0x000000980c300000)]
  0x0000021e64fd9800 JavaThread "jar transforms Thread 51" [_thread_blocked, id=4428, stack(0x000000980c100000,0x000000980c200000)]
  0x0000021e64fdc800 JavaThread "jar transforms Thread 50" [_thread_blocked, id=4072, stack(0x000000980c000000,0x000000980c100000)]
  0x0000021e64fdb000 JavaThread "jar transforms Thread 49" [_thread_blocked, id=7828, stack(0x000000980bf00000,0x000000980c000000)]
  0x0000021e64fdd800 JavaThread "jar transforms Thread 48" [_thread_blocked, id=4968, stack(0x000000980be00000,0x000000980bf00000)]
  0x0000021e64fd7000 JavaThread "jar transforms Thread 47" [_thread_blocked, id=1680, stack(0x000000980bd00000,0x000000980be00000)]
  0x0000021e64fcf800 JavaThread "jar transforms Thread 46" [_thread_blocked, id=5388, stack(0x000000980bc00000,0x000000980bd00000)]
  0x0000021e64fd6800 JavaThread "jar transforms Thread 45" [_thread_blocked, id=1124, stack(0x000000980bb00000,0x000000980bc00000)]
  0x0000021e64fd5800 JavaThread "jar transforms Thread 44" [_thread_blocked, id=8096, stack(0x000000980ba00000,0x000000980bb00000)]
  0x0000021e64fd2800 JavaThread "jar transforms Thread 43" [_thread_blocked, id=1276, stack(0x000000980b900000,0x000000980ba00000)]
  0x0000021e64fd1800 JavaThread "jar transforms Thread 42" [_thread_blocked, id=5304, stack(0x000000980b800000,0x000000980b900000)]
  0x0000021e64fd1000 JavaThread "jar transforms Thread 41" [_thread_blocked, id=2904, stack(0x000000980b700000,0x000000980b800000)]
  0x0000021e64fd5000 JavaThread "jar transforms Thread 40" [_thread_blocked, id=2148, stack(0x000000980b600000,0x000000980b700000)]
  0x0000021e64fd4000 JavaThread "jar transforms Thread 39" [_thread_blocked, id=2404, stack(0x000000980b500000,0x000000980b600000)]
  0x0000021e64fd0000 JavaThread "jar transforms Thread 38" [_thread_blocked, id=2420, stack(0x000000980b400000,0x000000980b500000)]
  0x0000021e64fd3000 JavaThread "jar transforms Thread 37" [_thread_blocked, id=8256, stack(0x000000980b300000,0x000000980b400000)]
  0x0000021e63945800 JavaThread "jar transforms Thread 36" [_thread_blocked, id=3984, stack(0x000000980b200000,0x000000980b300000)]
  0x0000021e63944800 JavaThread "jar transforms Thread 35" [_thread_blocked, id=3552, stack(0x000000980b100000,0x000000980b200000)]
  0x0000021e63946000 JavaThread "jar transforms Thread 34" [_thread_blocked, id=6576, stack(0x000000980b000000,0x000000980b100000)]
  0x0000021e63943000 JavaThread "jar transforms Thread 33" [_thread_blocked, id=1716, stack(0x000000980af00000,0x000000980b000000)]
  0x0000021e63944000 JavaThread "jar transforms Thread 32" [_thread_blocked, id=4772, stack(0x000000980ae00000,0x000000980af00000)]
  0x0000021e63942800 JavaThread "jar transforms Thread 31" [_thread_blocked, id=7288, stack(0x000000980ad00000,0x000000980ae00000)]
  0x0000021e6393a800 JavaThread "jar transforms Thread 30" [_thread_blocked, id=5448, stack(0x000000980ac00000,0x000000980ad00000)]
  0x0000021e63941800 JavaThread "jar transforms Thread 29" [_thread_blocked, id=6752, stack(0x000000980ab00000,0x000000980ac00000)]
  0x0000021e6393d000 JavaThread "jar transforms Thread 28" [_thread_blocked, id=1100, stack(0x000000980aa00000,0x000000980ab00000)]
  0x0000021e6393f000 JavaThread "jar transforms Thread 27" [_thread_blocked, id=4100, stack(0x000000980a900000,0x000000980aa00000)]
  0x0000021e63940800 JavaThread "jar transforms Thread 26" [_thread_blocked, id=2780, stack(0x000000980a800000,0x000000980a900000)]
  0x0000021e6393c000 JavaThread "jar transforms Thread 25" [_thread_blocked, id=8464, stack(0x000000980a700000,0x000000980a800000)]
  0x0000021e63940000 JavaThread "jar transforms Thread 24" [_thread_blocked, id=7876, stack(0x000000980a600000,0x000000980a700000)]
  0x0000021e6393b800 JavaThread "jar transforms Thread 23" [_thread_blocked, id=2760, stack(0x000000980a500000,0x000000980a600000)]
  0x0000021e63938000 JavaThread "jar transforms Thread 22" [_thread_blocked, id=4116, stack(0x000000980a400000,0x000000980a500000)]
  0x0000021e63937800 JavaThread "jar transforms Thread 21" [_thread_blocked, id=2068, stack(0x000000980a300000,0x000000980a400000)]
  0x0000021e6393e800 JavaThread "jar transforms Thread 20" [_thread_blocked, id=2820, stack(0x000000980a200000,0x000000980a300000)]
  0x0000021e6393d800 JavaThread "jar transforms Thread 19" [_thread_blocked, id=7348, stack(0x000000980a100000,0x000000980a200000)]
  0x0000021e63939800 JavaThread "jar transforms Thread 18" [_thread_blocked, id=3816, stack(0x000000980a000000,0x000000980a100000)]
  0x0000021e63939000 JavaThread "jar transforms Thread 17" [_thread_blocked, id=5008, stack(0x0000009809f00000,0x000000980a000000)]
  0x0000021e6476a000 JavaThread "jar transforms Thread 16" [_thread_blocked, id=684, stack(0x0000009809e00000,0x0000009809f00000)]
  0x0000021e64765800 JavaThread "jar transforms Thread 15" [_thread_blocked, id=8544, stack(0x0000009809d00000,0x0000009809e00000)]
  0x0000021e64769800 JavaThread "jar transforms Thread 14" [_thread_blocked, id=5400, stack(0x0000009809c00000,0x0000009809d00000)]
  0x0000021e64768800 JavaThread "jar transforms Thread 13" [_thread_blocked, id=884, stack(0x0000009809b00000,0x0000009809c00000)]
  0x0000021e64768000 JavaThread "jar transforms Thread 12" [_thread_blocked, id=5484, stack(0x0000009809a00000,0x0000009809b00000)]
  0x0000021e64766800 JavaThread "jar transforms Thread 11" [_thread_blocked, id=968, stack(0x0000009809900000,0x0000009809a00000)]
  0x0000021e64764800 JavaThread "jar transforms Thread 10" [_thread_blocked, id=3504, stack(0x0000009809800000,0x0000009809900000)]
  0x0000021e64767000 JavaThread "jar transforms Thread 9" [_thread_blocked, id=8520, stack(0x0000009809700000,0x0000009809800000)]
  0x0000021e6475d000 JavaThread "jar transforms Thread 8" [_thread_blocked, id=4672, stack(0x0000009809600000,0x0000009809700000)]
  0x0000021e64764000 JavaThread "jar transforms Thread 7" [_thread_blocked, id=5544, stack(0x0000009809500000,0x0000009809600000)]
  0x0000021e64763000 JavaThread "jar transforms Thread 6" [_thread_blocked, id=8720, stack(0x0000009809400000,0x0000009809500000)]
  0x0000021e6475d800 JavaThread "jar transforms Thread 5" [_thread_blocked, id=6748, stack(0x0000009809300000,0x0000009809400000)]
  0x0000021e64762800 JavaThread "jar transforms Thread 4" [_thread_blocked, id=5568, stack(0x0000009809200000,0x0000009809300000)]
  0x0000021e6475f000 JavaThread "jar transforms Thread 3" [_thread_blocked, id=4408, stack(0x0000009809100000,0x0000009809200000)]
  0x0000021e64761800 JavaThread "jar transforms Thread 2" [_thread_blocked, id=4620, stack(0x0000009809000000,0x0000009809100000)]
  0x0000021e64760000 JavaThread "Build operations Thread 2" [_thread_blocked, id=3584, stack(0x0000009808f00000,0x0000009809000000)]
  0x0000021e64761000 JavaThread "Build operations" [_thread_blocked, id=8452, stack(0x0000009808e00000,0x0000009808f00000)]
  0x0000021e6475b800 JavaThread "Cache worker for Build Output Cleanup Cache (C:\Users\stuar\StudioProjects\com.example.chaostiler\.gradle\buildOutputCleanup)" [_thread_blocked, id=6372, stack(0x0000009808d00000,0x0000009808e00000)]
  0x0000021e61eb4000 JavaThread "Cache worker for file content cache (C:\Users\stuar\.gradle\caches\6.7.1\fileContent)" [_thread_blocked, id=7732, stack(0x0000009808c00000,0x0000009808d00000)]
  0x0000021e61eb2800 JavaThread "jar transforms" [_thread_blocked, id=1248, stack(0x0000009808b00000,0x0000009808c00000)]
  0x0000021e61eb3000 JavaThread "Cache worker for execution history cache (C:\Users\stuar\.gradle\caches\6.7.1\executionHistory)" [_thread_blocked, id=6424, stack(0x0000009808a00000,0x0000009808b00000)]
  0x0000021e61eb8000 JavaThread "Cache worker for cache directory md-rule (C:\Users\stuar\.gradle\caches\6.7.1\md-rule)" [_thread_blocked, id=7312, stack(0x0000009808900000,0x0000009808a00000)]
  0x0000021e61eb1800 JavaThread "Cache worker for cache directory md-supplier (C:\Users\stuar\.gradle\caches\6.7.1\md-supplier)" [_thread_blocked, id=1352, stack(0x0000009808800000,0x0000009808900000)]
  0x0000021e61eb8800 JavaThread "Cache worker for checksums cache (C:\Users\stuar\StudioProjects\com.example.chaostiler\.gradle\checksums)" [_thread_blocked, id=6832, stack(0x0000009808700000,0x0000009808800000)]
  0x0000021e61eb7000 JavaThread "Cache worker for file hash cache (C:\Users\stuar\StudioProjects\com.example.chaostiler\.gradle\6.7.1\fileHashes)" [_thread_blocked, id=6760, stack(0x0000009808600000,0x0000009808700000)]
  0x0000021e61eb6800 JavaThread "Cache worker for journal cache (C:\Users\stuar\.gradle\caches\journal-1)" [_thread_blocked, id=5196, stack(0x0000009808500000,0x0000009808600000)]
  0x0000021e61eb5000 JavaThread "File lock request listener" [_thread_in_native, id=6508, stack(0x0000009808400000,0x0000009808500000)]
  0x0000021e61eb5800 JavaThread "Cache worker for file hash cache (C:\Users\stuar\.gradle\caches\6.7.1\fileHashes)" [_thread_blocked, id=4460, stack(0x0000009808300000,0x0000009808400000)]
  0x0000021e60975800 JavaThread "Thread-9" [_thread_blocked, id=1992, stack(0x0000009808200000,0x0000009808300000)]
  0x0000021e6096e800 JavaThread "Stdin handler" [_thread_blocked, id=5084, stack(0x0000009808100000,0x0000009808200000)]
  0x0000021e61c91800 JavaThread "Asynchronous log dispatcher for DefaultDaemonConnection: socket connection from /127.0.0.1:58761 to /127.0.0.1:58762" [_thread_blocked, id=7792, stack(0x0000009808000000,0x0000009808100000)]
  0x0000021e619a5000 JavaThread "Daemon worker" [_thread_blocked, id=1168, stack(0x0000009807f00000,0x0000009808000000)]
  0x0000021e619a3800 JavaThread "Cancel handler" [_thread_blocked, id=3500, stack(0x0000009807e00000,0x0000009807f00000)]
  0x0000021e612c6800 JavaThread "Daemon periodic checks" [_thread_blocked, id=3508, stack(0x0000009807d00000,0x0000009807e00000)]
  0x0000021e62359800 JavaThread "Handler for socket connection from /127.0.0.1:58761 to /127.0.0.1:58762" [_thread_in_native, id=7752, stack(0x0000009807c00000,0x0000009807d00000)]
  0x0000021e611e7000 JavaThread "Daemon" [_thread_blocked, id=7504, stack(0x0000009807b00000,0x0000009807c00000)]
  0x0000021e619d3000 JavaThread "Incoming local TCP Connector on port 58761" [_thread_in_native, id=7852, stack(0x0000009807a00000,0x0000009807b00000)]
  0x0000021e62162000 JavaThread "Daemon health stats" [_thread_blocked, id=4404, stack(0x0000009807700000,0x0000009807800000)]
  0x0000021e6097f800 JavaThread "Service Thread" daemon [_thread_blocked, id=2496, stack(0x0000009807500000,0x0000009807600000)]
  0x0000021e6097d000 JavaThread "C1 CompilerThread1" daemon [_thread_in_vm, id=9016, stack(0x0000009807400000,0x0000009807500000)]
=>0x0000021e60926000 JavaThread "C2 CompilerThread0" daemon [_thread_in_native, id=228, stack(0x0000009807300000,0x0000009807400000)]
  0x0000021e60922000 JavaThread "Attach Listener" daemon [_thread_blocked, id=8500, stack(0x0000009807200000,0x0000009807300000)]
  0x0000021e6091f000 JavaThread "Signal Dispatcher" daemon [_thread_blocked, id=8856, stack(0x0000009807100000,0x0000009807200000)]
  0x0000021e608ef800 JavaThread "Finalizer" daemon [_thread_blocked, id=8536, stack(0x0000009807000000,0x0000009807100000)]
  0x0000021e608ee000 JavaThread "Reference Handler" daemon [_thread_blocked, id=7616, stack(0x0000009806f00000,0x0000009807000000)]
  0x0000021e4a2d2000 JavaThread "main" [_thread_blocked, id=8276, stack(0x0000009806a00000,0x0000009806b00000)]

Other Threads:
  0x0000021e608c1800 VMThread [stack: 0x0000009806e00000,0x0000009806f00000] [id=3188]
  0x0000021e60982800 WatcherThread [stack: 0x0000009807600000,0x0000009807700000] [id=1412]

VM state:not at safepoint (normal execution)

VM Mutex/Monitor currently owned by a thread: None

heap address: 0x0000000080000000, size: 2048 MB, Compressed Oops mode: 32-bit
Narrow klass base: 0x0000000000000000, Narrow klass shift: 3
Compressed class space size: 1073741824 Address: 0x0000000100000000

Heap:
 PSYoungGen      total 218624K, used 205299K [0x00000000d5580000, 0x00000000e6e00000, 0x0000000100000000)
  eden space 199680K, 93% used [0x00000000d5580000,0x00000000e0be8ff0,0x00000000e1880000)
  from space 18944K, 97% used [0x00000000e1880000,0x00000000e2a93cb0,0x00000000e2b00000)
  to   space 21504K, 0% used [0x00000000e5900000,0x00000000e5900000,0x00000000e6e00000)
 ParOldGen       total 111104K, used 44220K [0x0000000080000000, 0x0000000086c80000, 0x00000000d5580000)
  object space 111104K, 39% used [0x0000000080000000,0x0000000082b2f298,0x0000000086c80000)
 Metaspace       used 73315K, capacity 76430K, committed 76672K, reserved 1116160K
  class space    used 10047K, capacity 10594K, committed 10624K, reserved 1048576K

Card table byte_map: [0x0000021e5af60000,0x0000021e5b370000] byte_map_base: 0x0000021e5ab60000

Marking Bits: (ParMarkBitMap*) 0x0000000053f81820
 Begin Bits: [0x0000021e5b620000, 0x0000021e5d620000)
 End Bits:   [0x0000021e5d620000, 0x0000021e5f620000)

Polling page: 0x0000021e4a290000

CodeCache: size=245760Kb used=26562Kb max_used=26562Kb free=219197Kb
 bounds [0x0000021e4bba0000, 0x0000021e4d5b0000, 0x0000021e5aba0000]
 total_blobs=9256 nmethods=8438 adapters=731
 compilation: enabled

Compilation events (10 events):
Event: 59.398 Thread 0x0000021e6097d000 nmethod 9480 0x0000021e4d599e10 code [0x0000021e4d599fa0, 0x0000021e4d59a2d0]
Event: 59.398 Thread 0x0000021e6097d000 9481       2       com.android.aaptcompiler.ParsedResource::setValue (6 bytes)
Event: 59.399 Thread 0x0000021e6097d000 nmethod 9481 0x0000021e4d59a410 code [0x0000021e4d59a560, 0x0000021e4d59a6d8]
Event: 59.399 Thread 0x0000021e6097d000 9482       2       com.android.aaptcompiler.TableExtractor::addResourceToTable (242 bytes)
Event: 59.403 Thread 0x0000021e6097d000 nmethod 9482 0x0000021e4d59a750 code [0x0000021e4d59aa00, 0x0000021e4d59b490]
Event: 59.403 Thread 0x0000021e6097d000 9483       2       com.android.aaptcompiler.ResourceTable$addResourceWithId$1::<init> (7 bytes)
Event: 59.403 Thread 0x0000021e6097d000 nmethod 9483 0x0000021e4d59be10 code [0x0000021e4d59bf60, 0x0000021e4d59c0d8]
Event: 59.403 Thread 0x0000021e6097d000 9484       2       com.android.aaptcompiler.ResourceTable$addResourceWithId$2::<init> (7 bytes)
Event: 59.404 Thread 0x0000021e6097d000 nmethod 9484 0x0000021e4d59c150 code [0x0000021e4d59c2a0, 0x0000021e4d59c418]
Event: 59.404 Thread 0x0000021e6097d000 9485       2       com.android.aaptcompiler.ResourceTable::addResourceImpl (963 bytes)

GC Heap History (10 events):
Event: 28.607 GC heap before
{Heap before GC invocations=14 (full 2):
 PSYoungGen      total 148480K, used 144298K [0x00000000d5580000, 0x00000000e1280000, 0x0000000100000000)
  eden space 136704K, 100% used [0x00000000d5580000,0x00000000ddb00000,0x00000000ddb00000)
  from space 11776K, 64% used [0x00000000ddb00000,0x00000000de26aa10,0x00000000de680000)
  to   space 11776K, 0% used [0x00000000e0700000,0x00000000e0700000,0x00000000e1280000)
 ParOldGen       total 69120K, used 16801K [0x0000000080000000, 0x0000000084380000, 0x00000000d5580000)
  object space 69120K, 24% used [0x0000000080000000,0x0000000081068748,0x0000000084380000)
 Metaspace       used 51951K, capacity 54028K, committed 54144K, reserved 1095680K
  class space    used 7100K, capacity 7541K, committed 7552K, reserved 1048576K
Event: 28.673 GC heap after
Heap after GC invocations=14 (full 2):
 PSYoungGen      total 177152K, used 11762K [0x00000000d5580000, 0x00000000e1900000, 0x0000000100000000)
  eden space 165376K, 0% used [0x00000000d5580000,0x00000000d5580000,0x00000000df700000)
  from space 11776K, 99% used [0x00000000e0700000,0x00000000e127cad0,0x00000000e1280000)
  to   space 16384K, 0% used [0x00000000df700000,0x00000000df700000,0x00000000e0700000)
 ParOldGen       total 69120K, used 25067K [0x0000000080000000, 0x0000000084380000, 0x00000000d5580000)
  object space 69120K, 36% used [0x0000000080000000,0x000000008187ad10,0x0000000084380000)
 Metaspace       used 51951K, capacity 54028K, committed 54144K, reserved 1095680K
  class space    used 7100K, capacity 7541K, committed 7552K, reserved 1048576K
}
Event: 31.614 GC heap before
{Heap before GC invocations=15 (full 2):
 PSYoungGen      total 177152K, used 96547K [0x00000000d5580000, 0x00000000e1900000, 0x0000000100000000)
  eden space 165376K, 51% used [0x00000000d5580000,0x00000000da84c400,0x00000000df700000)
  from space 11776K, 99% used [0x00000000e0700000,0x00000000e127cad0,0x00000000e1280000)
  to   space 16384K, 0% used [0x00000000df700000,0x00000000df700000,0x00000000e0700000)
 ParOldGen       total 69120K, used 25067K [0x0000000080000000, 0x0000000084380000, 0x00000000d5580000)
  object space 69120K, 36% used [0x0000000080000000,0x000000008187ad10,0x0000000084380000)
 Metaspace       used 56846K, capacity 59026K, committed 59160K, reserved 1099776K
  class space    used 7867K, capacity 8306K, committed 8320K, reserved 1048576K
Event: 31.685 GC heap after
Heap after GC invocations=15 (full 2):
 PSYoungGen      total 181760K, used 10382K [0x00000000d5580000, 0x00000000e3d00000, 0x0000000100000000)
  eden space 165376K, 0% used [0x00000000d5580000,0x00000000d5580000,0x00000000df700000)
  from space 16384K, 63% used [0x00000000df700000,0x00000000e0123b18,0x00000000e0700000)
  to   space 16384K, 0% used [0x00000000e2d00000,0x00000000e2d00000,0x00000000e3d00000)
 ParOldGen       total 69120K, used 35774K [0x0000000080000000, 0x0000000084380000, 0x00000000d5580000)
  object space 69120K, 51% used [0x0000000080000000,0x00000000822ef9e8,0x0000000084380000)
 Metaspace       used 56846K, capacity 59026K, committed 59160K, reserved 1099776K
  class space    used 7867K, capacity 8306K, committed 8320K, reserved 1048576K
}
Event: 31.685 GC heap before
{Heap before GC invocations=16 (full 3):
 PSYoungGen      total 181760K, used 10382K [0x00000000d5580000, 0x00000000e3d00000, 0x0000000100000000)
  eden space 165376K, 0% used [0x00000000d5580000,0x00000000d5580000,0x00000000df700000)
  from space 16384K, 63% used [0x00000000df700000,0x00000000e0123b18,0x00000000e0700000)
  to   space 16384K, 0% used [0x00000000e2d00000,0x00000000e2d00000,0x00000000e3d00000)
 ParOldGen       total 69120K, used 35774K [0x0000000080000000, 0x0000000084380000, 0x00000000d5580000)
  object space 69120K, 51% used [0x0000000080000000,0x00000000822ef9e8,0x0000000084380000)
 Metaspace       used 56846K, capacity 59026K, committed 59160K, reserved 1099776K
  class space    used 7867K, capacity 8306K, committed 8320K, reserved 1048576K
Event: 32.185 GC heap after
Heap after GC invocations=16 (full 3):
 PSYoungGen      total 181760K, used 0K [0x00000000d5580000, 0x00000000e3d00000, 0x0000000100000000)
  eden space 165376K, 0% used [0x00000000d5580000,0x00000000d5580000,0x00000000df700000)
  from space 16384K, 0% used [0x00000000df700000,0x00000000df700000,0x00000000e0700000)
  to   space 16384K, 0% used [0x00000000e2d00000,0x00000000e2d00000,0x00000000e3d00000)
 ParOldGen       total 111104K, used 34326K [0x0000000080000000, 0x0000000086c80000, 0x00000000d5580000)
  object space 111104K, 30% used [0x0000000080000000,0x0000000082185bd0,0x0000000086c80000)
 Metaspace       used 56846K, capacity 59026K, committed 59160K, reserved 1099776K
  class space    used 7867K, capacity 8306K, committed 8320K, reserved 1048576K
}
Event: 42.432 GC heap before
{Heap before GC invocations=17 (full 3):
 PSYoungGen      total 181760K, used 165376K [0x00000000d5580000, 0x00000000e3d00000, 0x0000000100000000)
  eden space 165376K, 100% used [0x00000000d5580000,0x00000000df700000,0x00000000df700000)
  from space 16384K, 0% used [0x00000000df700000,0x00000000df700000,0x00000000e0700000)
  to   space 16384K, 0% used [0x00000000e2d00000,0x00000000e2d00000,0x00000000e3d00000)
 ParOldGen       total 111104K, used 34326K [0x0000000080000000, 0x0000000086c80000, 0x00000000d5580000)
  object space 111104K, 30% used [0x0000000080000000,0x0000000082185bd0,0x0000000086c80000)
 Metaspace       used 69493K, capacity 72444K, committed 72576K, reserved 1112064K
  class space    used 9739K, capacity 10307K, committed 10368K, reserved 1048576K
Event: 42.539 GC heap after
Heap after GC invocations=17 (full 3):
 PSYoungGen      total 216064K, used 16365K [0x00000000d5580000, 0x00000000e3d80000, 0x0000000100000000)
  eden space 199680K, 0% used [0x00000000d5580000,0x00000000d5580000,0x00000000e1880000)
  from space 16384K, 99% used [0x00000000e2d00000,0x00000000e3cfb550,0x00000000e3d00000)
  to   space 18944K, 0% used [0x00000000e1880000,0x00000000e1880000,0x00000000e2b00000)
 ParOldGen       total 111104K, used 35363K [0x0000000080000000, 0x0000000086c80000, 0x00000000d5580000)
  object space 111104K, 31% used [0x0000000080000000,0x0000000082288d68,0x0000000086c80000)
 Metaspace       used 69493K, capacity 72444K, committed 72576K, reserved 1112064K
  class space    used 9739K, capacity 10307K, committed 10368K, reserved 1048576K
}
Event: 49.701 GC heap before
{Heap before GC invocations=18 (full 3):
 PSYoungGen      total 216064K, used 216045K [0x00000000d5580000, 0x00000000e3d80000, 0x0000000100000000)
  eden space 199680K, 100% used [0x00000000d5580000,0x00000000e1880000,0x00000000e1880000)
  from space 16384K, 99% used [0x00000000e2d00000,0x00000000e3cfb550,0x00000000e3d00000)
  to   space 18944K, 0% used [0x00000000e1880000,0x00000000e1880000,0x00000000e2b00000)
 ParOldGen       total 111104K, used 35363K [0x0000000080000000, 0x0000000086c80000, 0x00000000d5580000)
  object space 111104K, 31% used [0x0000000080000000,0x0000000082288d68,0x0000000086c80000)
 Metaspace       used 71313K, capacity 74368K, committed 74496K, reserved 1114112K
  class space    used 9894K, capacity 10479K, committed 10496K, reserved 1048576K
Event: 49.879 GC heap after
Heap after GC invocations=18 (full 3):
 PSYoungGen      total 218624K, used 18511K [0x00000000d5580000, 0x00000000e6e00000, 0x0000000100000000)
  eden space 199680K, 0% used [0x00000000d5580000,0x00000000d5580000,0x00000000e1880000)
  from space 18944K, 97% used [0x00000000e1880000,0x00000000e2a93cb0,0x00000000e2b00000)
  to   space 21504K, 0% used [0x00000000e5900000,0x00000000e5900000,0x00000000e6e00000)
 ParOldGen       total 111104K, used 44220K [0x0000000080000000, 0x0000000086c80000, 0x00000000d5580000)
  object space 111104K, 39% used [0x0000000080000000,0x0000000082b2f298,0x0000000086c80000)
 Metaspace       used 71313K, capacity 74368K, committed 74496K, reserved 1114112K
  class space    used 9894K, capacity 10479K, committed 10496K, reserved 1048576K
}

Deoptimization events (10 events):
Event: 57.324 Thread 0x0000021e6501b800 Uncommon trap: reason=bimorphic action=maybe_recompile pc=0x0000021e4d3bab50 method=org.apache.xerces.dom.ParentNode.checkNormalizationAfterInsert(Lorg/apache/xerces/dom/ChildNode;)V @ 23
Event: 57.324 Thread 0x0000021e6501b800 Uncommon trap: reason=bimorphic action=maybe_recompile pc=0x0000021e4d3bab50 method=org.apache.xerces.dom.ParentNode.checkNormalizationAfterInsert(Lorg/apache/xerces/dom/ChildNode;)V @ 23
Event: 57.324 Thread 0x0000021e6501b800 Uncommon trap: reason=bimorphic action=maybe_recompile pc=0x0000021e4d3bab50 method=org.apache.xerces.dom.ParentNode.checkNormalizationAfterInsert(Lorg/apache/xerces/dom/ChildNode;)V @ 23
Event: 57.324 Thread 0x0000021e6501b800 Uncommon trap: reason=bimorphic action=maybe_recompile pc=0x0000021e4d3bab50 method=org.apache.xerces.dom.ParentNode.checkNormalizationAfterInsert(Lorg/apache/xerces/dom/ChildNode;)V @ 23
Event: 57.443 Thread 0x0000021e6501b800 Uncommon trap: reason=class_check action=maybe_recompile pc=0x0000021e4d420aa0 method=org.apache.xerces.dom.NamedNodeMapImpl.item(I)Lorg/w3c/dom/Node; @ 30
Event: 57.558 Thread 0x0000021e6501b800 Uncommon trap: reason=unstable_if action=reinterpret pc=0x0000021e4d463020 method=com.android.utils.XmlUtils.toXmlAttributeValue(Ljava/lang/String;)Ljava/lang/String; @ 33
Event: 57.558 Thread 0x0000021e6501b800 Uncommon trap: reason=unstable_if action=reinterpret pc=0x0000021e4d3c8fc0 method=com.android.utils.XmlUtils.toXmlAttributeValue(Ljava/lang/String;)Ljava/lang/String; @ 33
Event: 57.656 Thread 0x0000021e6501b800 Uncommon trap: reason=unstable_if action=reinterpret pc=0x0000021e4d45ec38 method=com.android.utils.XmlUtils.append(Lcom/android/utils/XmlUtils$PositionAwareStringBuilder;Lorg/w3c/dom/Node;Ljava/util/Map;Ljava/util/Set;)V @ 546
Event: 58.649 Thread 0x0000021e619a5000 Uncommon trap: reason=unstable_if action=reinterpret pc=0x0000021e4ccd8890 method=java.util.HashMap$HashIterator.<init>(Ljava/util/HashMap;)V @ 45
Event: 58.959 Thread 0x0000021e65029000 Uncommon trap: reason=unstable_if action=reinterpret pc=0x0000021e4bd433c0 method=java.lang.CharacterData.of(I)Ljava/lang/CharacterData; @ 4

Classes redefined (0 events):
No events

Internal exceptions (10 events):
Event: 44.495 Thread 0x0000021e64761000 Implicit null exception at 0x0000021e4cf19bc7 to 0x0000021e4cf1a499
Event: 44.978 Thread 0x0000021e64761000 Implicit null exception at 0x0000021e4cf4b8a3 to 0x0000021e4cf4bd4d
Event: 45.284 Thread 0x0000021e6501b800 Exception <a 'java/lang/NoSuchMethodError': java.lang.Object.lambda$flatMap$0(Ljava/lang/Throwable;)Lorg/gradle/api/internal/artifacts/transform/CacheableInvocation;> (0x00000000d8a58770) thrown at [C:\wsjdk\Corretto8Src\installers\windows\zip\corretto-bu
Event: 45.357 Thread 0x0000021e6501b800 Exception <a 'java/lang/NoSuchMethodError': <clinit>> (0x00000000d8b1d840) thrown at [C:\wsjdk\Corretto8Src\installers\windows\zip\corretto-build\buildRoot\src\hotspot\src\share\vm\prims\jni.cpp, line 1616]
Event: 49.412 Thread 0x0000021e6501b800 Implicit null exception at 0x0000021e4bf94952 to 0x0000021e4bf94ac9
Event: 52.742 Thread 0x0000021e6501b800 Exception <a 'java/lang/NoSuchMethodError': java.lang.Object.lambda$codePoints$1()Ljava/util/Spliterator$OfInt;> (0x00000000dad23fe8) thrown at [C:\wsjdk\Corretto8Src\installers\windows\zip\corretto-build\buildRoot\src\hotspot\src\share\vm\interpreter\lin
Event: 53.363 Thread 0x0000021e6501b800 Implicit null exception at 0x0000021e4c78572f to 0x0000021e4c785ca5
Event: 54.546 Thread 0x0000021e6501b800 Implicit null exception at 0x0000021e4d40c507 to 0x0000021e4d40e23d
Event: 57.656 Thread 0x0000021e6501b800 Implicit null exception at 0x0000021e4d460d59 to 0x0000021e4d45ec05
Event: 57.850 Thread 0x0000021e6501b800 Exception <a 'java/lang/NoSuchMethodError': <clinit>> (0x00000000df4ebd98) thrown at [C:\wsjdk\Corretto8Src\installers\windows\zip\corretto-build\buildRoot\src\hotspot\src\share\vm\prims\jni.cpp, line 1616]

Events (10 events):
Event: 59.303 loading class com/android/aaptcompiler/ResourceTable$sort$5
Event: 59.303 loading class com/android/aaptcompiler/ResourceTable$sort$5 done
Event: 59.304 loading class com/android/aaptcompiler/ResourceTable$sort$6
Event: 59.304 loading class com/android/aaptcompiler/ResourceTable$sort$6 done
Event: 59.305 loading class com/android/aaptcompiler/Container
Event: 59.305 loading class com/android/aaptcompiler/Container done
Event: 59.309 loading class com/android/aaptcompiler/ResourceTable$CollisionResult
Event: 59.309 loading class com/android/aaptcompiler/ResourceTable$CollisionResult done
Event: 59.310 loading class com/android/aaptcompiler/ResourceTable$WhenMappings
Event: 59.310 loading class com/android/aaptcompiler/ResourceTable$WhenMappings done


Dynamic libraries:
0x00007ff77faf0000 - 0x00007ff77fb2a000 	C:\Users\stuar\.jdks\corretto-1.8.0_302\bin\java.exe
0x00007fff21930000 - 0x00007fff21b25000 	C:\Windows\SYSTEM32\ntdll.dll
0x00007fff20080000 - 0x00007fff2013d000 	C:\Windows\System32\KERNEL32.DLL
0x00007fff1f240000 - 0x00007fff1f508000 	C:\Windows\System32\KERNELBASE.dll
0x00007fff1ff30000 - 0x00007fff1ffdc000 	C:\Windows\System32\ADVAPI32.dll
0x00007fff20210000 - 0x00007fff202ae000 	C:\Windows\System32\msvcrt.dll
0x00007fff205c0000 - 0x00007fff2065b000 	C:\Windows\System32\sechost.dll
0x00007fff20400000 - 0x00007fff2052b000 	C:\Windows\System32\RPCRT4.dll
0x00007fff1fb70000 - 0x00007fff1fd10000 	C:\Windows\System32\USER32.dll
0x00007fff1f5b0000 - 0x00007fff1f5d2000 	C:\Windows\System32\win32u.dll
0x00007fff20590000 - 0x00007fff205ba000 	C:\Windows\System32\GDI32.dll
0x00007fff1f7f0000 - 0x00007fff1f8fb000 	C:\Windows\System32\gdi32full.dll
0x00007fff1f510000 - 0x00007fff1f5ad000 	C:\Windows\System32\msvcp_win.dll
0x00007fff1f0f0000 - 0x00007fff1f1f0000 	C:\Windows\System32\ucrtbase.dll
0x00007fff0c390000 - 0x00007fff0c62a000 	C:\Windows\WinSxS\amd64_microsoft.windows.common-controls_6595b64144ccf1df_6.0.19041.844_none_ca00b6081b84eb1d\COMCTL32.dll
0x00007fff1fd10000 - 0x00007fff1fd40000 	C:\Windows\System32\IMM32.DLL
0x00007fff0d8a0000 - 0x00007fff0d98f000 	C:\Users\stuar\.jdks\corretto-1.8.0_302\jre\bin\msvcr120.dll
0x00007fff0d7f0000 - 0x00007fff0d896000 	C:\Users\stuar\.jdks\corretto-1.8.0_302\jre\bin\msvcp120.dll
0x0000000053790000 - 0x0000000054000000 	C:\Users\stuar\.jdks\corretto-1.8.0_302\jre\bin\server\jvm.dll
0x00007fff202b0000 - 0x00007fff202b8000 	C:\Windows\System32\PSAPI.DLL
0x00007fff1a5b0000 - 0x00007fff1a5b9000 	C:\Windows\SYSTEM32\WSOCK32.dll
0x00007fff20140000 - 0x00007fff201ab000 	C:\Windows\System32\WS2_32.dll
0x00007fff0c630000 - 0x00007fff0c657000 	C:\Windows\SYSTEM32\WINMM.dll
0x00007fff10160000 - 0x00007fff1016a000 	C:\Windows\SYSTEM32\VERSION.dll
0x00007fff1abc0000 - 0x00007fff1abcf000 	C:\Users\stuar\.jdks\corretto-1.8.0_302\jre\bin\verify.dll
0x00007fff1ab50000 - 0x00007fff1ab79000 	C:\Users\stuar\.jdks\corretto-1.8.0_302\jre\bin\java.dll
0x00007fff17030000 - 0x00007fff17046000 	C:\Users\stuar\.jdks\corretto-1.8.0_302\jre\bin\zip.dll
0x00007fff20e40000 - 0x00007fff21582000 	C:\Windows\System32\SHELL32.dll
0x00007fff1d1b0000 - 0x00007fff1d941000 	C:\Windows\SYSTEM32\windows.storage.dll
0x00007fff21590000 - 0x00007fff218e5000 	C:\Windows\System32\combase.dll
0x00007fff1ea70000 - 0x00007fff1ea9c000 	C:\Windows\SYSTEM32\Wldp.dll
0x00007fff1fac0000 - 0x00007fff1fb6e000 	C:\Windows\System32\SHCORE.dll
0x00007fff206e0000 - 0x00007fff20735000 	C:\Windows\System32\shlwapi.dll
0x00007fff1efb0000 - 0x00007fff1efcf000 	C:\Windows\SYSTEM32\profapi.dll
0x00007fff16cf0000 - 0x00007fff16d0a000 	C:\Users\stuar\.jdks\corretto-1.8.0_302\jre\bin\net.dll
0x00007fff1e7e0000 - 0x00007fff1e84a000 	C:\Windows\system32\mswsock.dll
0x00007fff12100000 - 0x00007fff12112000 	C:\Users\stuar\.jdks\corretto-1.8.0_302\jre\bin\nio.dll
0x00007fff09310000 - 0x00007fff09337000 	C:\Users\stuar\.gradle\native\fdc75f09e3144964f2cf3f50f0aa648679c211496f362492102eb8c894070792\windows-amd64\native-platform.dll
0x00007ffeefa30000 - 0x00007ffeefbc6000 	C:\Users\stuar\.gradle\native\12488b8bf47d2d4c9fbf2f6322a914ad602e24e48041cd04a747c6da556b65c4\windows-amd64\native-platform-file-events.dll
0x00007fff1abb0000 - 0x00007fff1abbd000 	C:\Users\stuar\.jdks\corretto-1.8.0_302\jre\bin\management.dll
0x00007fff1e9b0000 - 0x00007fff1e9c8000 	C:\Windows\SYSTEM32\CRYPTSP.dll
0x00007fff1e120000 - 0x00007fff1e154000 	C:\Windows\system32\rsaenh.dll
0x00007fff1f960000 - 0x00007fff1f987000 	C:\Windows\System32\bcrypt.dll
0x00007fff1ef70000 - 0x00007fff1ef9e000 	C:\Windows\SYSTEM32\USERENV.dll
0x00007fff1f070000 - 0x00007fff1f0f0000 	C:\Windows\System32\bcryptprimitives.dll
0x00007fff1e9d0000 - 0x00007fff1e9dc000 	C:\Windows\SYSTEM32\CRYPTBASE.dll
0x00007fff1e470000 - 0x00007fff1e4ab000 	C:\Windows\SYSTEM32\IPHLPAPI.DLL
0x00007fff20070000 - 0x00007fff20078000 	C:\Windows\System32\NSI.dll
0x00007fff181f0000 - 0x00007fff18207000 	C:\Windows\SYSTEM32\dhcpcsvc6.DLL
0x00007fff18170000 - 0x00007fff1818d000 	C:\Windows\SYSTEM32\dhcpcsvc.DLL
0x00007fff1e4b0000 - 0x00007fff1e57c000 	C:\Windows\SYSTEM32\DNSAPI.dll
0x00007fff19950000 - 0x00007fff1995b000 	C:\Windows\SYSTEM32\WINNSI.DLL

VM Arguments:
jvm_args: -Xmx2048m -Dfile.encoding=UTF-8 -Duser.country=GB -Duser.language=en -Duser.variant 
java_command: org.gradle.launcher.daemon.bootstrap.GradleDaemon 6.7.1
java_class_path (initial): C:\Users\stuar\.gradle\wrapper\dists\gradle-6.7.1-bin\bwlcbys1h7rz3272sye1xwiv6\gradle-6.7.1\lib\gradle-launcher-6.7.1.jar
Launcher Type: SUN_STANDARD

Environment Variables:
JAVA_HOME=C:\Program Files\Android\Android Studio\jre\bin\server
PATH=C:\Windows\system32;C:\Windows;C:\Windows\System32\Wbem;C:\Windows\System32\WindowsPowerShell\v1.0\;C:\Windows\System32\OpenSSH\;C:\Program Files\Git\cmd;C:\Users\stuar\AppData\Local\Microsoft\WindowsApps;
USERNAME=stuar
OS=Windows_NT
PROCESSOR_IDENTIFIER=Intel64 Family 6 Model 42 Stepping 7, GenuineIntel



---------------  S Y S T E M  ---------------

OS: Windows 10.0 , 64 bit Build 19041 (10.0.19041.928)

CPU:total 2 (initial active 2) (2 cores per cpu, 1 threads per core) family 6 model 42 stepping 7, cmov, cx8, fxsr, mmx, sse, sse2, sse3, ssse3, sse4.1, sse4.2, popcnt, clmul, tsc, tscinvbit

Memory: 4k page, physical 6178284k(240952k free), swap 6178284k(5504k free)

vm_info: OpenJDK 64-Bit Server VM (25.302-b08) for windows-amd64 JRE (1.8.0_302-b08), built on Jul 15 2021 19:37:21 by "Administrator" with MS VC++ 12.0 (VS2013)

time: Sun Aug 15 23:31:41 2021
timezone: GMT Summer Time
elapsed time: 59.473044 seconds (0d 0h 0m 59s)

