#
# There is insufficient memory for the Java Runtime Environment to continue.
# Native memory allocation (malloc) failed to allocate 732816 bytes for Chunk::new
# Possible reasons:
#   The system is out of physical RAM or swap space
#   The process is running with CompressedOops enabled, and the Java Heap may be blocking the growth of the native heap
# Possible solutions:
#   Reduce memory load on the system
#   Increase physical memory or swap space
#   Check if swap backing store is full
#   Decrease Java heap size (-Xmx/-Xms)
#   Decrease number of Java threads
#   Decrease Java thread stack sizes (-Xss)
#   Set larger code cache with -XX:ReservedCodeCacheSize=
#   JVM is running with Unscaled Compressed Oops mode in which the Java heap is
#     placed in the first 4GB address space. The Java Heap base address is the
#     maximum limit for the native heap growth. Please use -XX:HeapBaseMinAddress
#     to set the Java Heap base and to place the Java Heap above 4GB virtual address.
# This output file may be truncated or incomplete.
#
#  Out of Memory Error (allocation.cpp:389), pid=6480, tid=0x00000000000012a8
#
# JRE version: OpenJDK Runtime Environment (8.0_302-b08) (build 1.8.0_302-b08)
# Java VM: OpenJDK 64-Bit Server VM (25.302-b08 mixed mode windows-amd64 compressed oops)
# Failed to write core dump. Minidumps are not enabled by default on client versions of Windows
#

---------------  T H R E A D  ---------------

Current thread (0x00000244a834b000):  JavaThread "C2 CompilerThread0" daemon [_thread_in_native, id=4776, stack(0x0000005d29300000,0x0000005d29400000)]

Stack: [0x0000005d29300000,0x0000005d29400000]
[error occurred during error reporting (printing stack bounds), id 0xc0000005]

Native frames: (J=compiled Java code, j=interpreted, Vv=VM code, C=native code)


Current CompileTask:
C2:  34584 5799       4       sun.reflect.generics.parser.SignatureParser::parsePackageNameAndSimpleClassTypeSignature (139 bytes)


---------------  P R O C E S S  ---------------

Java Threads: ( => current thread )
  0x00000244ac293800 JavaThread "Memory manager" [_thread_blocked, id=7680, stack(0x0000005d32600000,0x0000005d32700000)]
  0x00000244ac292800 JavaThread "jar transforms Thread 119" [_thread_blocked, id=7356, stack(0x0000005d32500000,0x0000005d32600000)]
  0x00000244ac292000 JavaThread "jar transforms Thread 118" [_thread_blocked, id=4164, stack(0x0000005d32400000,0x0000005d32500000)]
  0x00000244ac296800 JavaThread "jar transforms Thread 117" [_thread_blocked, id=5656, stack(0x0000005d32300000,0x0000005d32400000)]
  0x00000244ac307000 JavaThread "jar transforms Thread 116" [_thread_blocked, id=5852, stack(0x0000005d32200000,0x0000005d32300000)]
  0x00000244ac306800 JavaThread "jar transforms Thread 115" [_thread_blocked, id=7920, stack(0x0000005d32100000,0x0000005d32200000)]
  0x00000244ac305800 JavaThread "jar transforms Thread 114" [_thread_blocked, id=4356, stack(0x0000005d32000000,0x0000005d32100000)]
  0x00000244ac304800 JavaThread "jar transforms Thread 113" [_thread_blocked, id=6360, stack(0x0000005d31f00000,0x0000005d32000000)]
  0x00000244ac304000 JavaThread "jar transforms Thread 112" [_thread_blocked, id=1748, stack(0x0000005d31e00000,0x0000005d31f00000)]
  0x00000244ac301800 JavaThread "jar transforms Thread 111" [_thread_blocked, id=1796, stack(0x0000005d31d00000,0x0000005d31e00000)]
  0x00000244ac303000 JavaThread "jar transforms Thread 110" [_thread_blocked, id=1128, stack(0x0000005d31c00000,0x0000005d31d00000)]
  0x00000244ac302800 JavaThread "jar transforms Thread 109" [_thread_blocked, id=8972, stack(0x0000005d31b00000,0x0000005d31c00000)]
  0x00000244ac2fa000 JavaThread "jar transforms Thread 108" [_thread_blocked, id=4828, stack(0x0000005d31a00000,0x0000005d31b00000)]
  0x00000244ac301000 JavaThread "jar transforms Thread 107" [_thread_blocked, id=9192, stack(0x0000005d31900000,0x0000005d31a00000)]
  0x00000244ac2f9000 JavaThread "jar transforms Thread 106" [_thread_blocked, id=2604, stack(0x0000005d31800000,0x0000005d31900000)]
  0x00000244ac300000 JavaThread "jar transforms Thread 105" [_thread_blocked, id=5584, stack(0x0000005d31700000,0x0000005d31800000)]
  0x00000244ac2fd000 JavaThread "jar transforms Thread 104" [_thread_blocked, id=476, stack(0x0000005d31600000,0x0000005d31700000)]
  0x00000244ac2fb800 JavaThread "jar transforms Thread 103" [_thread_blocked, id=8172, stack(0x0000005d31500000,0x0000005d31600000)]
  0x00000244ac2f8000 JavaThread "jar transforms Thread 102" [_thread_blocked, id=4552, stack(0x0000005d31400000,0x0000005d31500000)]
  0x00000244ac2fa800 JavaThread "jar transforms Thread 101" [_thread_blocked, id=1860, stack(0x0000005d31300000,0x0000005d31400000)]
  0x00000244ac2fe800 JavaThread "jar transforms Thread 100" [_thread_blocked, id=4060, stack(0x0000005d31200000,0x0000005d31300000)]
  0x00000244ac2ff800 JavaThread "jar transforms Thread 99" [_thread_blocked, id=824, stack(0x0000005d31100000,0x0000005d31200000)]
  0x00000244ac2fd800 JavaThread "jar transforms Thread 98" [_thread_blocked, id=3620, stack(0x0000005d31000000,0x0000005d31100000)]
  0x00000244ac2fc000 JavaThread "jar transforms Thread 97" [_thread_blocked, id=8772, stack(0x0000005d30f00000,0x0000005d31000000)]
  0x00000244a8ade800 JavaThread "jar transforms Thread 96" [_thread_blocked, id=4264, stack(0x0000005d30e00000,0x0000005d30f00000)]
  0x00000244a8adf800 JavaThread "jar transforms Thread 95" [_thread_blocked, id=6084, stack(0x0000005d30d00000,0x0000005d30e00000)]
  0x00000244a8ade000 JavaThread "jar transforms Thread 94" [_thread_blocked, id=5516, stack(0x0000005d30c00000,0x0000005d30d00000)]
  0x00000244a8adc800 JavaThread "jar transforms Thread 93" [_thread_blocked, id=3564, stack(0x0000005d30b00000,0x0000005d30c00000)]
  0x00000244a8add000 JavaThread "jar transforms Thread 92" [_thread_blocked, id=232, stack(0x0000005d30a00000,0x0000005d30b00000)]
  0x00000244a8ae0800 JavaThread "jar transforms Thread 91" [_thread_blocked, id=832, stack(0x0000005d30900000,0x0000005d30a00000)]
  0x00000244a8ae1000 JavaThread "jar transforms Thread 90" [_thread_blocked, id=4964, stack(0x0000005d30800000,0x0000005d30900000)]
  0x00000244a8ad4800 JavaThread "jar transforms Thread 89" [_thread_blocked, id=2492, stack(0x0000005d30700000,0x0000005d30800000)]
  0x00000244a8adb800 JavaThread "jar transforms Thread 88" [_thread_blocked, id=9020, stack(0x0000005d30600000,0x0000005d30700000)]
  0x00000244a8ad6000 JavaThread "jar transforms Thread 87" [_thread_blocked, id=8396, stack(0x0000005d30500000,0x0000005d30600000)]
  0x00000244a8ada000 JavaThread "jar transforms Thread 86" [_thread_blocked, id=5252, stack(0x0000005d30400000,0x0000005d30500000)]
  0x00000244a8adb000 JavaThread "jar transforms Thread 85" [_thread_blocked, id=8204, stack(0x0000005d30300000,0x0000005d30400000)]
  0x00000244a8ad5800 JavaThread "jar transforms Thread 84" [_thread_blocked, id=6340, stack(0x0000005d30200000,0x0000005d30300000)]
  0x00000244a8ad7000 JavaThread "jar transforms Thread 83" [_thread_blocked, id=3104, stack(0x0000005d30100000,0x0000005d30200000)]
  0x00000244a8ad7800 JavaThread "jar transforms Thread 82" [_thread_blocked, id=7916, stack(0x0000005d30000000,0x0000005d30100000)]
  0x00000244a8ad8800 JavaThread "jar transforms Thread 81" [_thread_blocked, id=4324, stack(0x0000005d2ff00000,0x0000005d30000000)]
  0x00000244a8ad9000 JavaThread "jar transforms Thread 80" [_thread_blocked, id=7568, stack(0x0000005d2fe00000,0x0000005d2ff00000)]
  0x00000244a8ad2000 JavaThread "jar transforms Thread 79" [_thread_blocked, id=1172, stack(0x0000005d2fd00000,0x0000005d2fe00000)]
  0x00000244a8ad3800 JavaThread "jar transforms Thread 78" [_thread_blocked, id=5220, stack(0x0000005d2fc00000,0x0000005d2fd00000)]
  0x00000244a8ad3000 JavaThread "jar transforms Thread 77" [_thread_blocked, id=6600, stack(0x0000005d2fb00000,0x0000005d2fc00000)]
  0x00000244ac8cf000 JavaThread "jar transforms Thread 76" [_thread_blocked, id=1724, stack(0x0000005d2fa00000,0x0000005d2fb00000)]
  0x00000244ac8d6000 JavaThread "jar transforms Thread 75" [_thread_blocked, id=9120, stack(0x0000005d2f900000,0x0000005d2fa00000)]
  0x00000244ac8d2000 JavaThread "jar transforms Thread 74" [_thread_blocked, id=6040, stack(0x0000005d2f800000,0x0000005d2f900000)]
  0x00000244ac8ce000 JavaThread "jar transforms Thread 73" [_thread_blocked, id=8320, stack(0x0000005d2f700000,0x0000005d2f800000)]
  0x00000244ac8d2800 JavaThread "jar transforms Thread 72" [_thread_blocked, id=7996, stack(0x0000005d2f600000,0x0000005d2f700000)]
  0x00000244ac8d3800 JavaThread "jar transforms Thread 71" [_thread_blocked, id=4760, stack(0x0000005d2f500000,0x0000005d2f600000)]
  0x00000244ac8cf800 JavaThread "jar transforms Thread 70" [_thread_blocked, id=5104, stack(0x0000005d2f400000,0x0000005d2f500000)]
  0x00000244ac8d4800 JavaThread "jar transforms Thread 69" [_thread_blocked, id=4328, stack(0x0000005d2f300000,0x0000005d2f400000)]
  0x00000244ac8d5000 JavaThread "jar transforms Thread 68" [_thread_blocked, id=4008, stack(0x0000005d2f200000,0x0000005d2f300000)]
  0x00000244ac8cb000 JavaThread "jar transforms Thread 67" [_thread_blocked, id=1508, stack(0x0000005d2f100000,0x0000005d2f200000)]
  0x00000244ac8d1000 JavaThread "jar transforms Thread 66" [_thread_blocked, id=4308, stack(0x0000005d2f000000,0x0000005d2f100000)]
  0x00000244ac8c9800 JavaThread "jar transforms Thread 65" [_thread_blocked, id=8188, stack(0x0000005d2ef00000,0x0000005d2f000000)]
  0x00000244ac8cd000 JavaThread "jar transforms Thread 64" [_thread_blocked, id=2800, stack(0x0000005d2ee00000,0x0000005d2ef00000)]
  0x00000244ac8d0800 JavaThread "jar transforms Thread 63" [_thread_blocked, id=5788, stack(0x0000005d2ed00000,0x0000005d2ee00000)]
  0x00000244ac8c7800 JavaThread "jar transforms Thread 62" [_thread_blocked, id=2972, stack(0x0000005d2ec00000,0x0000005d2ed00000)]
  0x00000244ac8c8800 JavaThread "jar transforms Thread 61" [_thread_blocked, id=8176, stack(0x0000005d2eb00000,0x0000005d2ec00000)]
  0x00000244ac8cc800 JavaThread "jar transforms Thread 60" [_thread_blocked, id=8244, stack(0x0000005d2ea00000,0x0000005d2eb00000)]
  0x00000244ac8c7000 JavaThread "jar transforms Thread 59" [_thread_blocked, id=4428, stack(0x0000005d2e900000,0x0000005d2ea00000)]
  0x00000244ac8cb800 JavaThread "jar transforms Thread 58" [_thread_blocked, id=4072, stack(0x0000005d2e800000,0x0000005d2e900000)]
  0x00000244ac8ca000 JavaThread "jar transforms Thread 57" [_thread_blocked, id=7828, stack(0x0000005d2e700000,0x0000005d2e800000)]
  0x00000244ab37b800 JavaThread "jar transforms Thread 56" [_thread_blocked, id=4968, stack(0x0000005d2e600000,0x0000005d2e700000)]
  0x00000244ab37a800 JavaThread "jar transforms Thread 55" [_thread_blocked, id=1680, stack(0x0000005d2e500000,0x0000005d2e600000)]
  0x00000244ab378800 JavaThread "jar transforms Thread 54" [_thread_blocked, id=5388, stack(0x0000005d2e400000,0x0000005d2e500000)]
  0x00000244ab377800 JavaThread "jar transforms Thread 53" [_thread_blocked, id=1124, stack(0x0000005d2e300000,0x0000005d2e400000)]
  0x00000244ab379000 JavaThread "jar transforms Thread 52" [_thread_blocked, id=8096, stack(0x0000005d2e200000,0x0000005d2e300000)]
  0x00000244ab37a000 JavaThread "jar transforms Thread 51" [_thread_blocked, id=1276, stack(0x0000005d2e100000,0x0000005d2e200000)]
  0x00000244ab377000 JavaThread "jar transforms Thread 50" [_thread_blocked, id=5304, stack(0x0000005d2e000000,0x0000005d2e100000)]
  0x00000244ab36f000 JavaThread "jar transforms Thread 49" [_thread_blocked, id=2904, stack(0x0000005d2df00000,0x0000005d2e000000)]
  0x00000244ab376000 JavaThread "jar transforms Thread 48" [_thread_blocked, id=2148, stack(0x0000005d2de00000,0x0000005d2df00000)]
  0x00000244ab370800 JavaThread "jar transforms Thread 47" [_thread_blocked, id=2404, stack(0x0000005d2dd00000,0x0000005d2de00000)]
  0x00000244ab36e000 JavaThread "jar transforms Thread 46" [_thread_blocked, id=2420, stack(0x0000005d2dc00000,0x0000005d2dd00000)]
  0x00000244ab375000 JavaThread "jar transforms Thread 45" [_thread_blocked, id=8256, stack(0x0000005d2db00000,0x0000005d2dc00000)]
  0x00000244ab36d800 JavaThread "jar transforms Thread 44" [_thread_blocked, id=3984, stack(0x0000005d2da00000,0x0000005d2db00000)]
  0x00000244ab36f800 JavaThread "jar transforms Thread 43" [_thread_blocked, id=3552, stack(0x0000005d2d900000,0x0000005d2da00000)]
  0x00000244ab374800 JavaThread "jar transforms Thread 42" [_thread_blocked, id=6576, stack(0x0000005d2d800000,0x0000005d2d900000)]
  0x00000244ab371800 JavaThread "jar transforms Thread 41" [_thread_blocked, id=1716, stack(0x0000005d2d700000,0x0000005d2d800000)]
  0x00000244ab373000 JavaThread "jar transforms Thread 40" [_thread_blocked, id=4772, stack(0x0000005d2d600000,0x0000005d2d700000)]
  0x00000244ab36c800 JavaThread "jar transforms Thread 39" [_thread_blocked, id=7288, stack(0x0000005d2d500000,0x0000005d2d600000)]
  0x00000244ab372000 JavaThread "jar transforms Thread 38" [_thread_blocked, id=5448, stack(0x0000005d2d400000,0x0000005d2d500000)]
  0x00000244ab373800 JavaThread "jar transforms Thread 37" [_thread_blocked, id=6752, stack(0x0000005d2d300000,0x0000005d2d400000)]
  0x00000244ace52800 JavaThread "jar transforms Thread 36" [_thread_blocked, id=1100, stack(0x0000005d2d200000,0x0000005d2d300000)]
  0x00000244ace55000 JavaThread "jar transforms Thread 35" [_thread_blocked, id=4100, stack(0x0000005d2d100000,0x0000005d2d200000)]
  0x00000244ace59800 JavaThread "jar transforms Thread 34" [_thread_blocked, id=2780, stack(0x0000005d2d000000,0x0000005d2d100000)]
  0x00000244ace57800 JavaThread "jar transforms Thread 33" [_thread_blocked, id=8464, stack(0x0000005d2cf00000,0x0000005d2d000000)]
  0x00000244ace59000 JavaThread "jar transforms Thread 32" [_thread_blocked, id=7876, stack(0x0000005d2ce00000,0x0000005d2cf00000)]
  0x00000244ace58000 JavaThread "jar transforms Thread 31" [_thread_blocked, id=2760, stack(0x0000005d2cd00000,0x0000005d2ce00000)]
  0x00000244ace54000 JavaThread "jar transforms Thread 30" [_thread_blocked, id=4116, stack(0x0000005d2cc00000,0x0000005d2cd00000)]
  0x00000244ace53800 JavaThread "jar transforms Thread 29" [_thread_blocked, id=2068, stack(0x0000005d2cb00000,0x0000005d2cc00000)]
  0x00000244ace55800 JavaThread "jar transforms Thread 28" [_thread_blocked, id=2820, stack(0x0000005d2ca00000,0x0000005d2cb00000)]
  0x00000244ace56800 JavaThread "jar transforms Thread 27" [_thread_blocked, id=7348, stack(0x0000005d2c900000,0x0000005d2ca00000)]
  0x00000244ace52000 JavaThread "jar transforms Thread 26" [_thread_blocked, id=3816, stack(0x0000005d2c800000,0x0000005d2c900000)]
  0x00000244ace4a800 JavaThread "jar transforms Thread 25" [_thread_blocked, id=5008, stack(0x0000005d2c700000,0x0000005d2c800000)]
  0x00000244ace51000 JavaThread "jar transforms Thread 24" [_thread_blocked, id=684, stack(0x0000005d2c600000,0x0000005d2c700000)]
  0x00000244ace50000 JavaThread "jar transforms Thread 23" [_thread_blocked, id=8544, stack(0x0000005d2c500000,0x0000005d2c600000)]
  0x00000244ace4f800 JavaThread "jar transforms Thread 22" [_thread_blocked, id=5400, stack(0x0000005d2c400000,0x0000005d2c500000)]
  0x00000244ace4e000 JavaThread "jar transforms Thread 21" [_thread_blocked, id=884, stack(0x0000005d2c300000,0x0000005d2c400000)]
  0x00000244ace4d000 JavaThread "Build operations Thread 2" [_thread_blocked, id=5484, stack(0x0000005d2c200000,0x0000005d2c300000)]
  0x00000244ace4e800 JavaThread "Build operations" [_thread_blocked, id=968, stack(0x0000005d2c100000,0x0000005d2c200000)]
  0x00000244ace4c800 JavaThread "Cache worker for Build Output Cleanup Cache (C:\Users\stuar\StudioProjects\com.example.chaostiler\.gradle\buildOutputCleanup)" [_thread_blocked, id=8520, stack(0x0000005d2c000000,0x0000005d2c100000)]
  0x00000244acb10000 JavaThread "Cache worker for file content cache (C:\Users\stuar\.gradle\caches\6.7.1\fileContent)" [_thread_blocked, id=8720, stack(0x0000005d2bf00000,0x0000005d2c000000)]
  0x00000244acb0f800 JavaThread "Cache worker for execution history cache (C:\Users\stuar\.gradle\caches\6.7.1\executionHistory)" [_thread_blocked, id=5568, stack(0x0000005d2be00000,0x0000005d2bf00000)]
  0x00000244acb0e000 JavaThread "Cache worker for cache directory md-rule (C:\Users\stuar\.gradle\caches\6.7.1\md-rule)" [_thread_blocked, id=4408, stack(0x0000005d2bd00000,0x0000005d2be00000)]
  0x00000244acb0d000 JavaThread "Cache worker for cache directory md-supplier (C:\Users\stuar\.gradle\caches\6.7.1\md-supplier)" [_thread_blocked, id=6372, stack(0x0000005d2bc00000,0x0000005d2bd00000)]
  0x00000244acb0a800 JavaThread "Cache worker for checksums cache (C:\Users\stuar\StudioProjects\com.example.chaostiler\.gradle\checksums)" [_thread_blocked, id=1992, stack(0x0000005d2bb00000,0x0000005d2bc00000)]
  0x00000244acb0c000 JavaThread "jar transforms Thread 20" [_thread_blocked, id=6424, stack(0x0000005d2ba00000,0x0000005d2bb00000)]
  0x00000244acb0b800 JavaThread "jar transforms Thread 19" [_thread_blocked, id=7312, stack(0x0000005d2b900000,0x0000005d2ba00000)]
  0x00000244acb0e800 JavaThread "jar transforms Thread 18" [_thread_blocked, id=1352, stack(0x0000005d2b800000,0x0000005d2b900000)]
  0x00000244acb03000 JavaThread "jar transforms Thread 17" [_thread_blocked, id=6832, stack(0x0000005d2b700000,0x0000005d2b800000)]
  0x00000244acb0a000 JavaThread "jar transforms Thread 16" [_thread_blocked, id=7792, stack(0x0000005d2b600000,0x0000005d2b700000)]
  0x00000244acb09000 JavaThread "jar transforms Thread 15" [_thread_blocked, id=6760, stack(0x0000005d2b500000,0x0000005d2b600000)]
  0x00000244acb04800 JavaThread "jar transforms Thread 14" [_thread_blocked, id=5196, stack(0x0000005d2b400000,0x0000005d2b500000)]
  0x00000244acb06000 JavaThread "jar transforms Thread 13" [_thread_blocked, id=6508, stack(0x0000005d2b300000,0x0000005d2b400000)]
  0x00000244acb06800 JavaThread "jar transforms Thread 12" [_thread_blocked, id=4460, stack(0x0000005d2b200000,0x0000005d2b300000)]
  0x00000244acb05000 JavaThread "jar transforms Thread 11" [_thread_blocked, id=5084, stack(0x0000005d2b100000,0x0000005d2b200000)]
  0x00000244acb08800 JavaThread "jar transforms Thread 10" [_thread_blocked, id=1168, stack(0x0000005d2b000000,0x0000005d2b100000)]
  0x00000244acb03800 JavaThread "jar transforms Thread 9" [_thread_blocked, id=3500, stack(0x0000005d2af00000,0x0000005d2b000000)]
  0x00000244acb07800 JavaThread "jar transforms Thread 8" [_thread_blocked, id=7752, stack(0x0000005d2ae00000,0x0000005d2af00000)]
  0x00000244acb02000 JavaThread "jar transforms Thread 7" [_thread_blocked, id=3508, stack(0x0000005d2ad00000,0x0000005d2ae00000)]
  0x00000244a8bc6800 JavaThread "jar transforms Thread 6" [_thread_blocked, id=7504, stack(0x0000005d2ac00000,0x0000005d2ad00000)]
  0x00000244a8bc7800 JavaThread "jar transforms Thread 5" [_thread_blocked, id=7852, stack(0x0000005d2ab00000,0x0000005d2ac00000)]
  0x00000244a8bc6000 JavaThread "jar transforms Thread 4" [_thread_blocked, id=8852, stack(0x0000005d2aa00000,0x0000005d2ab00000)]
  0x00000244a8bc5000 JavaThread "jar transforms Thread 3" [_thread_blocked, id=8276, stack(0x0000005d2a900000,0x0000005d2aa00000)]
  0x00000244a8bcc000 JavaThread "jar transforms Thread 2" [_thread_blocked, id=4404, stack(0x0000005d2a800000,0x0000005d2a900000)]
  0x00000244a8bcb800 JavaThread "jar transforms" [_thread_blocked, id=1412, stack(0x0000005d2a700000,0x0000005d2a800000)]
  0x00000244a8bca800 JavaThread "Cache worker for file hash cache (C:\Users\stuar\StudioProjects\com.example.chaostiler\.gradle\6.7.1\fileHashes)" [_thread_blocked, id=9016, stack(0x0000005d2a600000,0x0000005d2a700000)]
  0x00000244a8bc8000 JavaThread "Cache worker for journal cache (C:\Users\stuar\.gradle\caches\journal-1)" [_thread_blocked, id=4788, stack(0x0000005d2a500000,0x0000005d2a600000)]
  0x00000244a8bc9000 JavaThread "File lock request listener" [_thread_in_native, id=728, stack(0x0000005d2a400000,0x0000005d2a500000)]
  0x00000244a8bca000 JavaThread "Cache worker for file hash cache (C:\Users\stuar\.gradle\caches\6.7.1\fileHashes)" [_thread_blocked, id=5368, stack(0x0000005d2a300000,0x0000005d2a400000)]
  0x00000244aa209000 JavaThread "Thread-9" [_thread_blocked, id=7192, stack(0x0000005d2a200000,0x0000005d2a300000)]
  0x00000244a97b5000 JavaThread "Stdin handler" [_thread_blocked, id=4880, stack(0x0000005d2a100000,0x0000005d2a200000)]
  0x00000244a97b4800 JavaThread "Asynchronous log dispatcher for DefaultDaemonConnection: socket connection from /127.0.0.1:58790 to /127.0.0.1:58791" [_thread_blocked, id=8028, stack(0x0000005d2a000000,0x0000005d2a100000)]
  0x00000244a97b3000 JavaThread "Daemon worker" [_thread_in_vm, id=2360, stack(0x0000005d29f00000,0x0000005d2a000000)]
  0x00000244a97a1000 JavaThread "Cancel handler" [_thread_blocked, id=2652, stack(0x0000005d29e00000,0x0000005d29f00000)]
  0x00000244a8b76000 JavaThread "Handler for socket connection from /127.0.0.1:58790 to /127.0.0.1:58791" [_thread_in_native, id=576, stack(0x0000005d29d00000,0x0000005d29e00000)]
  0x00000244a8b75800 JavaThread "Daemon periodic checks" [_thread_blocked, id=2692, stack(0x0000005d29c00000,0x0000005d29d00000)]
  0x00000244a990f800 JavaThread "Daemon" [_thread_blocked, id=7204, stack(0x0000005d29b00000,0x0000005d29c00000)]
  0x00000244a9fae000 JavaThread "Incoming local TCP Connector on port 58790" [_thread_in_native, id=296, stack(0x0000005d29a00000,0x0000005d29b00000)]
  0x00000244a9b78000 JavaThread "Daemon health stats" [_thread_blocked, id=8896, stack(0x0000005d29700000,0x0000005d29800000)]
  0x00000244a83b0800 JavaThread "Service Thread" daemon [_thread_blocked, id=7316, stack(0x0000005d29500000,0x0000005d29600000)]
  0x00000244a834e000 JavaThread "C1 CompilerThread1" daemon [_thread_blocked, id=452, stack(0x0000005d29400000,0x0000005d29500000)]
=>0x00000244a834b000 JavaThread "C2 CompilerThread0" daemon [_thread_in_native, id=4776, stack(0x0000005d29300000,0x0000005d29400000)]
  0x00000244a8343000 JavaThread "Attach Listener" daemon [_thread_blocked, id=180, stack(0x0000005d29200000,0x0000005d29300000)]
  0x00000244a833f000 JavaThread "Signal Dispatcher" daemon [_thread_blocked, id=8324, stack(0x0000005d29100000,0x0000005d29200000)]
  0x00000244a830f800 JavaThread "Finalizer" daemon [_thread_blocked, id=7436, stack(0x0000005d29000000,0x0000005d29100000)]
  0x00000244a830e000 JavaThread "Reference Handler" daemon [_thread_blocked, id=7536, stack(0x0000005d28f00000,0x0000005d29000000)]
  0x0000024491ba2000 JavaThread "main" [_thread_blocked, id=6484, stack(0x0000005d28a00000,0x0000005d28b00000)]

Other Threads:
  0x00000244a82e1800 VMThread [stack: 0x0000005d28e00000,0x0000005d28f00000] [id=6672]
  0x00000244a83dc000 WatcherThread [stack: 0x0000005d29600000,0x0000005d29700000] [id=7824]

VM state:not at safepoint (normal execution)

VM Mutex/Monitor currently owned by a thread: None

heap address: 0x0000000080000000, size: 2048 MB, Compressed Oops mode: 32-bit
Narrow klass base: 0x0000000000000000, Narrow klass shift: 3
Compressed class space size: 1073741824 Address: 0x0000000100000000

Heap:
 PSYoungGen      total 254976K, used 25032K [0x00000000d5580000, 0x00000000e6800000, 0x0000000100000000)
  eden space 237056K, 10% used [0x00000000d5580000,0x00000000d6df21a0,0x00000000e3d00000)
  from space 17920K, 0% used [0x00000000e5680000,0x00000000e5680000,0x00000000e6800000)
  to   space 22016K, 0% used [0x00000000e3d00000,0x00000000e3d00000,0x00000000e5280000)
 ParOldGen       total 125440K, used 34065K [0x0000000080000000, 0x0000000087a80000, 0x00000000d5580000)
  object space 125440K, 27% used [0x0000000080000000,0x00000000821445b0,0x0000000087a80000)
 Metaspace       used 60378K, capacity 62860K, committed 62976K, reserved 1103872K
  class space    used 8420K, capacity 8912K, committed 8960K, reserved 1048576K

Card table byte_map: [0x00000244a2950000,0x00000244a2d60000] byte_map_base: 0x00000244a2550000

Marking Bits: (ParMarkBitMap*) 0x0000000053f81820
 Begin Bits: [0x00000244a3010000, 0x00000244a5010000)
 End Bits:   [0x00000244a5010000, 0x00000244a7010000)

Polling page: 0x0000024493560000

CodeCache: size=245760Kb used=17442Kb max_used=17552Kb free=228317Kb
 bounds [0x0000024493590000, 0x00000244946e0000, 0x00000244a2590000]
 total_blobs=5975 nmethods=5206 adapters=682
 compilation: enabled

Compilation events (10 events):
Event: 34.558 Thread 0x00000244a834e000 5808       3       org.gradle.api.internal.artifacts.configurations.DefaultConfiguration$$Lambda$149/1433251862::validateMutation (9 bytes)
Event: 34.558 Thread 0x00000244a834e000 nmethod 5808 0x00000244937621d0 code [0x0000024493762360, 0x00000244937626e0]
Event: 34.561 Thread 0x00000244a834e000 5809       1       org.gradle.internal.metaobject.BeanDynamicObject::access$300 (5 bytes)
Event: 34.561 Thread 0x00000244a834e000 nmethod 5809 0x00000244937ded50 code [0x00000244937deea0, 0x00000244937def98]
Event: 34.562 Thread 0x00000244a834e000 5810       1       org.gradle.internal.extensibility.DefaultConvention::getExtraProperties (5 bytes)
Event: 34.562 Thread 0x00000244a834e000 nmethod 5810 0x0000024493ca2c10 code [0x0000024493ca2d60, 0x0000024493ca2e78]
Event: 34.562 Thread 0x00000244a834e000 5811   !   3       org.gradle.api.internal.DefaultNamedDomainObjectCollection::applyRules (109 bytes)
Event: 34.563 Thread 0x00000244a834e000 nmethod 5811 0x00000244939a0850 code [0x00000244939a0a60, 0x00000244939a1530]
Event: 34.564 Thread 0x00000244a834e000 5812       3       java.util.TreeSet::add (22 bytes)
Event: 34.564 Thread 0x00000244a834e000 nmethod 5812 0x0000024493f2c750 code [0x0000024493f2c8c0, 0x0000024493f2cb50]

GC Heap History (10 events):
Event: 24.638 GC heap before
{Heap before GC invocations=12 (full 2):
 PSYoungGen      total 201728K, used 190464K [0x00000000d5580000, 0x00000000e3000000, 0x0000000100000000)
  eden space 190464K, 100% used [0x00000000d5580000,0x00000000e0f80000,0x00000000e0f80000)
  from space 11264K, 0% used [0x00000000e0f80000,0x00000000e0f80000,0x00000000e1a80000)
  to   space 12288K, 0% used [0x00000000e2400000,0x00000000e2400000,0x00000000e3000000)
 ParOldGen       total 75776K, used 17090K [0x0000000080000000, 0x0000000084a00000, 0x00000000d5580000)
  object space 75776K, 22% used [0x0000000080000000,0x00000000810b08d8,0x0000000084a00000)
 Metaspace       used 42733K, capacity 44796K, committed 45056K, reserved 1087488K
  class space    used 5931K, capacity 6319K, committed 6400K, reserved 1048576K
Event: 24.710 GC heap after
Heap after GC invocations=12 (full 2):
 PSYoungGen      total 208896K, used 12265K [0x00000000d5580000, 0x00000000e5980000, 0x0000000100000000)
  eden space 196608K, 0% used [0x00000000d5580000,0x00000000d5580000,0x00000000e1580000)
  from space 12288K, 99% used [0x00000000e2400000,0x00000000e2ffa738,0x00000000e3000000)
  to   space 14848K, 0% used [0x00000000e1580000,0x00000000e1580000,0x00000000e2400000)
 ParOldGen       total 75776K, used 19667K [0x0000000080000000, 0x0000000084a00000, 0x00000000d5580000)
  object space 75776K, 25% used [0x0000000080000000,0x0000000081334d50,0x0000000084a00000)
 Metaspace       used 42733K, capacity 44796K, committed 45056K, reserved 1087488K
  class space    used 5931K, capacity 6319K, committed 6400K, reserved 1048576K
}
Event: 31.775 GC heap before
{Heap before GC invocations=13 (full 2):
 PSYoungGen      total 208896K, used 192976K [0x00000000d5580000, 0x00000000e5980000, 0x0000000100000000)
  eden space 196608K, 91% used [0x00000000d5580000,0x00000000e05f98d8,0x00000000e1580000)
  from space 12288K, 99% used [0x00000000e2400000,0x00000000e2ffa738,0x00000000e3000000)
  to   space 14848K, 0% used [0x00000000e1580000,0x00000000e1580000,0x00000000e2400000)
 ParOldGen       total 75776K, used 19667K [0x0000000080000000, 0x0000000084a00000, 0x00000000d5580000)
  object space 75776K, 25% used [0x0000000080000000,0x0000000081334d50,0x0000000084a00000)
 Metaspace       used 56560K, capacity 58998K, committed 59028K, reserved 1099776K
  class space    used 7724K, capacity 8185K, committed 8192K, reserved 1048576K
Event: 31.868 GC heap after
Heap after GC invocations=13 (full 2):
 PSYoungGen      total 211456K, used 14824K [0x00000000d5580000, 0x00000000e6c00000, 0x0000000100000000)
  eden space 196608K, 0% used [0x00000000d5580000,0x00000000d5580000,0x00000000e1580000)
  from space 14848K, 99% used [0x00000000e1580000,0x00000000e23fa070,0x00000000e2400000)
  to   space 22016K, 0% used [0x00000000e5680000,0x00000000e5680000,0x00000000e6c00000)
 ParOldGen       total 75776K, used 32873K [0x0000000080000000, 0x0000000084a00000, 0x00000000d5580000)
  object space 75776K, 43% used [0x0000000080000000,0x000000008201a600,0x0000000084a00000)
 Metaspace       used 56560K, capacity 58998K, committed 59028K, reserved 1099776K
  class space    used 7724K, capacity 8185K, committed 8192K, reserved 1048576K
}
Event: 31.868 GC heap before
{Heap before GC invocations=14 (full 3):
 PSYoungGen      total 211456K, used 14824K [0x00000000d5580000, 0x00000000e6c00000, 0x0000000100000000)
  eden space 196608K, 0% used [0x00000000d5580000,0x00000000d5580000,0x00000000e1580000)
  from space 14848K, 99% used [0x00000000e1580000,0x00000000e23fa070,0x00000000e2400000)
  to   space 22016K, 0% used [0x00000000e5680000,0x00000000e5680000,0x00000000e6c00000)
 ParOldGen       total 75776K, used 32873K [0x0000000080000000, 0x0000000084a00000, 0x00000000d5580000)
  object space 75776K, 43% used [0x0000000080000000,0x000000008201a600,0x0000000084a00000)
 Metaspace       used 56560K, capacity 58998K, committed 59028K, reserved 1099776K
  class space    used 7724K, capacity 8185K, committed 8192K, reserved 1048576K
Event: 32.415 GC heap after
Heap after GC invocations=14 (full 3):
 PSYoungGen      total 211456K, used 0K [0x00000000d5580000, 0x00000000e6c00000, 0x0000000100000000)
  eden space 196608K, 0% used [0x00000000d5580000,0x00000000d5580000,0x00000000e1580000)
  from space 14848K, 0% used [0x00000000e1580000,0x00000000e1580000,0x00000000e2400000)
  to   space 22016K, 0% used [0x00000000e5680000,0x00000000e5680000,0x00000000e6c00000)
 ParOldGen       total 125440K, used 41009K [0x0000000080000000, 0x0000000087a80000, 0x00000000d5580000)
  object space 125440K, 32% used [0x0000000080000000,0x000000008280c450,0x0000000087a80000)
 Metaspace       used 56552K, capacity 58974K, committed 59028K, reserved 1099776K
  class space    used 7722K, capacity 8181K, committed 8192K, reserved 1048576K
}
Event: 33.245 GC heap before
{Heap before GC invocations=15 (full 3):
 PSYoungGen      total 211456K, used 17606K [0x00000000d5580000, 0x00000000e6c00000, 0x0000000100000000)
  eden space 196608K, 8% used [0x00000000d5580000,0x00000000d66b19c8,0x00000000e1580000)
  from space 14848K, 0% used [0x00000000e1580000,0x00000000e1580000,0x00000000e2400000)
  to   space 22016K, 0% used [0x00000000e5680000,0x00000000e5680000,0x00000000e6c00000)
 ParOldGen       total 125440K, used 41009K [0x0000000080000000, 0x0000000087a80000, 0x00000000d5580000)
  object space 125440K, 32% used [0x0000000080000000,0x000000008280c450,0x0000000087a80000)
 Metaspace       used 58258K, capacity 60660K, committed 60800K, reserved 1105920K
  class space    used 8063K, capacity 8508K, committed 8576K, reserved 1048576K
Event: 33.264 GC heap after
Heap after GC invocations=15 (full 3):
 PSYoungGen      total 254976K, used 2650K [0x00000000d5580000, 0x00000000e6800000, 0x0000000100000000)
  eden space 237056K, 0% used [0x00000000d5580000,0x00000000d5580000,0x00000000e3d00000)
  from space 17920K, 14% used [0x00000000e5680000,0x00000000e5916a50,0x00000000e6800000)
  to   space 22016K, 0% used [0x00000000e3d00000,0x00000000e3d00000,0x00000000e5280000)
 ParOldGen       total 125440K, used 41017K [0x0000000080000000, 0x0000000087a80000, 0x00000000d5580000)
  object space 125440K, 32% used [0x0000000080000000,0x000000008280e450,0x0000000087a80000)
 Metaspace       used 58258K, capacity 60660K, committed 60800K, reserved 1105920K
  class space    used 8063K, capacity 8508K, committed 8576K, reserved 1048576K
}
Event: 33.264 GC heap before
{Heap before GC invocations=16 (full 4):
 PSYoungGen      total 254976K, used 2650K [0x00000000d5580000, 0x00000000e6800000, 0x0000000100000000)
  eden space 237056K, 0% used [0x00000000d5580000,0x00000000d5580000,0x00000000e3d00000)
  from space 17920K, 14% used [0x00000000e5680000,0x00000000e5916a50,0x00000000e6800000)
  to   space 22016K, 0% used [0x00000000e3d00000,0x00000000e3d00000,0x00000000e5280000)
 ParOldGen       total 125440K, used 41017K [0x0000000080000000, 0x0000000087a80000, 0x00000000d5580000)
  object space 125440K, 32% used [0x0000000080000000,0x000000008280e450,0x0000000087a80000)
 Metaspace       used 58258K, capacity 60660K, committed 60800K, reserved 1105920K
  class space    used 8063K, capacity 8508K, committed 8576K, reserved 1048576K
Event: 33.543 GC heap after
Heap after GC invocations=16 (full 4):
 PSYoungGen      total 254976K, used 0K [0x00000000d5580000, 0x00000000e6800000, 0x0000000100000000)
  eden space 237056K, 0% used [0x00000000d5580000,0x00000000d5580000,0x00000000e3d00000)
  from space 17920K, 0% used [0x00000000e5680000,0x00000000e5680000,0x00000000e6800000)
  to   space 22016K, 0% used [0x00000000e3d00000,0x00000000e3d00000,0x00000000e5280000)
 ParOldGen       total 125440K, used 34065K [0x0000000080000000, 0x0000000087a80000, 0x00000000d5580000)
  object space 125440K, 27% used [0x0000000080000000,0x00000000821445b0,0x0000000087a80000)
 Metaspace       used 58258K, capacity 60660K, committed 60800K, reserved 1103872K
  class space    used 8063K, capacity 8508K, committed 8576K, reserved 1048576K
}

Deoptimization events (10 events):
Event: 27.784 Thread 0x00000244a97b3000 Uncommon trap: reason=unstable_if action=reinterpret pc=0x000002449416da5c method=java.util.ArrayDeque.addLast(Ljava/lang/Object;)V @ 45
Event: 28.686 Thread 0x00000244a97b3000 Uncommon trap: reason=unstable_if action=reinterpret pc=0x0000024494417038 method=org.gradle.internal.reflect.PropertyAccessorType.of(Ljava/lang/reflect/Method;)Lorg/gradle/internal/reflect/PropertyAccessorType; @ 56
Event: 29.743 Thread 0x00000244a97b3000 Uncommon trap: reason=range_check action=make_not_entrant pc=0x00000244942e4ee4 method=java.lang.String.charAt(I)C @ 27
Event: 29.744 Thread 0x00000244a97b3000 Uncommon trap: reason=unstable_if action=reinterpret pc=0x0000024493782f8c method=java.lang.String.replace(CC)Ljava/lang/String; @ 2
Event: 29.762 Thread 0x00000244a97b3000 Uncommon trap: reason=unstable_if action=reinterpret pc=0x00000244942f2ad4 method=org.codehaus.groovy.runtime.metaclass.MetaMethodIndex.copyNonPrivateNonNewMetaMethods(Lorg/codehaus/groovy/runtime/metaclass/MetaMethodIndex$Entry;Lorg/codehaus/groovy/runti
Event: 29.765 Thread 0x00000244a97b3000 Uncommon trap: reason=unstable_if action=reinterpret pc=0x000002449404d31c method=groovy.lang.MetaClassImpl$1MOPIter.methodNameAction(Ljava/lang/Class;Lorg/codehaus/groovy/runtime/metaclass/MetaMethodIndex$Entry;)V @ 182
Event: 30.196 Thread 0x00000244a97b3000 Uncommon trap: reason=unstable_if action=reinterpret pc=0x0000024493be1c60 method=sun.net.www.protocol.jar.Handler.parseURL(Ljava/net/URL;Ljava/lang/String;II)V @ 116
Event: 30.591 Thread 0x00000244a97b3000 Uncommon trap: reason=unstable_if action=reinterpret pc=0x0000024493774bc8 method=java.util.concurrent.ConcurrentHashMap.putVal(Ljava/lang/Object;Ljava/lang/Object;Z)Ljava/lang/Object; @ 195
Event: 31.082 Thread 0x00000244a97b3000 Uncommon trap: reason=null_check action=make_not_entrant pc=0x0000024493d1c894 method=java.lang.Class.searchMethods([Ljava/lang/reflect/Method;Ljava/lang/String;[Ljava/lang/Class;)Ljava/lang/reflect/Method; @ 59
Event: 33.747 Thread 0x00000244a97b3000 Uncommon trap: reason=unstable_if action=reinterpret pc=0x0000024493aac17c method=java.lang.CharacterDataLatin1.isWhitespace(I)Z @ 14

Classes redefined (0 events):
No events

Internal exceptions (10 events):
Event: 34.453 Thread 0x00000244a97b3000 Exception <a 'java/lang/ClassNotFoundException': com/android/build/gradle/internal/api/ApkVariantOutputImpl_DecoratedBeanInfo> (0x00000000d698a778) thrown at [C:\wsjdk\Corretto8Src\installers\windows\zip\corretto-build\buildRoot\src\hotspot\src\share\vm\c
Event: 34.454 Thread 0x00000244a97b3000 Exception <a 'java/lang/ClassNotFoundException': com/android/build/gradle/internal/api/ApkVariantOutputImplBeanInfo> (0x00000000d69ad198) thrown at [C:\wsjdk\Corretto8Src\installers\windows\zip\corretto-build\buildRoot\src\hotspot\src\share\vm\classfile\s
Event: 34.456 Thread 0x00000244a97b3000 Exception <a 'java/lang/ClassNotFoundException': com/android/build/gradle/internal/api/BaseVariantOutputImplBeanInfo> (0x00000000d69d1150) thrown at [C:\wsjdk\Corretto8Src\installers\windows\zip\corretto-build\buildRoot\src\hotspot\src\share\vm\classfile\
Event: 34.457 Thread 0x00000244a97b3000 Exception <a 'java/lang/ClassNotFoundException': com/android/build/gradle/internal/api/BaseVariantOutputImplCustomizer> (0x00000000d69f5838) thrown at [C:\wsjdk\Corretto8Src\installers\windows\zip\corretto-build\buildRoot\src\hotspot\src\share\vm\classfil
Event: 34.460 Thread 0x00000244a97b3000 Exception <a 'java/lang/ClassNotFoundException': com/android/build/gradle/internal/api/ApkVariantOutputImplCustomizer> (0x00000000d6a33b80) thrown at [C:\wsjdk\Corretto8Src\installers\windows\zip\corretto-build\buildRoot\src\hotspot\src\share\vm\classfile
Event: 34.462 Thread 0x00000244a97b3000 Exception <a 'java/lang/ClassNotFoundException': com/android/build/gradle/internal/api/ApkVariantOutputImpl_DecoratedCustomizer> (0x00000000d6a6dcf0) thrown at [C:\wsjdk\Corretto8Src\installers\windows\zip\corretto-build\buildRoot\src\hotspot\src\share\vm
Event: 34.545 Thread 0x00000244a97b3000 Exception <a 'java/lang/ClassNotFoundException': com/android/build/gradle/internal/api/ReadOnlyBuildTypeBeanInfo> (0x00000000d6c06f60) thrown at [C:\wsjdk\Corretto8Src\installers\windows\zip\corretto-build\buildRoot\src\hotspot\src\share\vm\classfile\syst
Event: 34.546 Thread 0x00000244a97b3000 Exception <a 'java/lang/ClassNotFoundException': com/android/build/gradle/internal/api/ReadOnlyBaseConfigBeanInfo> (0x00000000d6c29950) thrown at [C:\wsjdk\Corretto8Src\installers\windows\zip\corretto-build\buildRoot\src\hotspot\src\share\vm\classfile\sys
Event: 34.549 Thread 0x00000244a97b3000 Exception <a 'java/lang/ClassNotFoundException': com/android/build/gradle/internal/api/ReadOnlyBaseConfigCustomizer> (0x00000000d6c4c2e0) thrown at [C:\wsjdk\Corretto8Src\installers\windows\zip\corretto-build\buildRoot\src\hotspot\src\share\vm\classfile\s
Event: 34.552 Thread 0x00000244a97b3000 Exception <a 'java/lang/ClassNotFoundException': com/android/build/gradle/internal/api/ReadOnlyBuildTypeCustomizer> (0x00000000d6c83808) thrown at [C:\wsjdk\Corretto8Src\installers\windows\zip\corretto-build\buildRoot\src\hotspot\src\share\vm\classfile\sy

Events (10 events):
Event: 34.573 loading class org/jetbrains/kotlin/gradle/tasks/KotlinTasksProvider$registerKotlinJVMTask$result$1
Event: 34.573 loading class org/jetbrains/kotlin/gradle/tasks/KotlinTasksProvider$registerKotlinJVMTask$result$1 done
Event: 34.575 loading class org/jetbrains/kotlin/gradle/tasks/TasksProviderKt
Event: 34.575 loading class org/jetbrains/kotlin/gradle/tasks/TasksProviderKt done
Event: 34.577 loading class org/jetbrains/kotlin/gradle/tasks/TasksProviderKt$sam$org_gradle_api_Action$0
Event: 34.577 loading class org/jetbrains/kotlin/gradle/tasks/TasksProviderKt$sam$org_gradle_api_Action$0 done
Event: 34.578 loading class org/jetbrains/kotlin/gradle/tasks/KotlinTasksProvider$configure$1
Event: 34.578 loading class org/jetbrains/kotlin/gradle/tasks/KotlinTasksProvider$configure$1 done
Event: 34.579 loading class org/jetbrains/kotlin/gradle/plugin/RunOnceAfterEvaluatedKt
Event: 34.579 loading class org/jetbrains/kotlin/gradle/plugin/RunOnceAfterEvaluatedKt done


Dynamic libraries:
0x00007ff77faf0000 - 0x00007ff77fb2a000 	C:\Users\stuar\.jdks\corretto-1.8.0_302\bin\java.exe
0x00007fff21930000 - 0x00007fff21b25000 	C:\Windows\SYSTEM32\ntdll.dll
0x00007fff20080000 - 0x00007fff2013d000 	C:\Windows\System32\KERNEL32.DLL
0x00007fff1f240000 - 0x00007fff1f508000 	C:\Windows\System32\KERNELBASE.dll
0x00007fff1ff30000 - 0x00007fff1ffdc000 	C:\Windows\System32\ADVAPI32.dll
0x00007fff20210000 - 0x00007fff202ae000 	C:\Windows\System32\msvcrt.dll
0x00007fff205c0000 - 0x00007fff2065b000 	C:\Windows\System32\sechost.dll
0x00007fff20400000 - 0x00007fff2052b000 	C:\Windows\System32\RPCRT4.dll
0x00007fff1fb70000 - 0x00007fff1fd10000 	C:\Windows\System32\USER32.dll
0x00007fff1f5b0000 - 0x00007fff1f5d2000 	C:\Windows\System32\win32u.dll
0x00007fff20590000 - 0x00007fff205ba000 	C:\Windows\System32\GDI32.dll
0x00007fff1f7f0000 - 0x00007fff1f8fb000 	C:\Windows\System32\gdi32full.dll
0x00007fff1f510000 - 0x00007fff1f5ad000 	C:\Windows\System32\msvcp_win.dll
0x00007fff1f0f0000 - 0x00007fff1f1f0000 	C:\Windows\System32\ucrtbase.dll
0x00007fff0c390000 - 0x00007fff0c62a000 	C:\Windows\WinSxS\amd64_microsoft.windows.common-controls_6595b64144ccf1df_6.0.19041.844_none_ca00b6081b84eb1d\COMCTL32.dll
0x00007fff1fd10000 - 0x00007fff1fd40000 	C:\Windows\System32\IMM32.DLL
0x00007ffeff7f0000 - 0x00007ffeff8df000 	C:\Users\stuar\.jdks\corretto-1.8.0_302\jre\bin\msvcr120.dll
0x00007ffeff740000 - 0x00007ffeff7e6000 	C:\Users\stuar\.jdks\corretto-1.8.0_302\jre\bin\msvcp120.dll
0x0000000053790000 - 0x0000000054000000 	C:\Users\stuar\.jdks\corretto-1.8.0_302\jre\bin\server\jvm.dll
0x00007fff202b0000 - 0x00007fff202b8000 	C:\Windows\System32\PSAPI.DLL
0x00007fff1a5b0000 - 0x00007fff1a5b9000 	C:\Windows\SYSTEM32\WSOCK32.dll
0x00007fff20140000 - 0x00007fff201ab000 	C:\Windows\System32\WS2_32.dll
0x00007fff0c630000 - 0x00007fff0c657000 	C:\Windows\SYSTEM32\WINMM.dll
0x00007fff10160000 - 0x00007fff1016a000 	C:\Windows\SYSTEM32\VERSION.dll
0x00007fff1ac40000 - 0x00007fff1ac4f000 	C:\Users\stuar\.jdks\corretto-1.8.0_302\jre\bin\verify.dll
0x00007fff1ac10000 - 0x00007fff1ac39000 	C:\Users\stuar\.jdks\corretto-1.8.0_302\jre\bin\java.dll
0x00007fff1ab40000 - 0x00007fff1ab56000 	C:\Users\stuar\.jdks\corretto-1.8.0_302\jre\bin\zip.dll
0x00007fff20e40000 - 0x00007fff21582000 	C:\Windows\System32\SHELL32.dll
0x00007fff1d1b0000 - 0x00007fff1d941000 	C:\Windows\SYSTEM32\windows.storage.dll
0x00007fff21590000 - 0x00007fff218e5000 	C:\Windows\System32\combase.dll
0x00007fff1ea70000 - 0x00007fff1ea9c000 	C:\Windows\SYSTEM32\Wldp.dll
0x00007fff1fac0000 - 0x00007fff1fb6e000 	C:\Windows\System32\SHCORE.dll
0x00007fff206e0000 - 0x00007fff20735000 	C:\Windows\System32\shlwapi.dll
0x00007fff1efb0000 - 0x00007fff1efcf000 	C:\Windows\SYSTEM32\profapi.dll
0x00007fff17030000 - 0x00007fff1704a000 	C:\Users\stuar\.jdks\corretto-1.8.0_302\jre\bin\net.dll
0x00007fff1e7e0000 - 0x00007fff1e84a000 	C:\Windows\system32\mswsock.dll
0x00007fff16cf0000 - 0x00007fff16d02000 	C:\Users\stuar\.jdks\corretto-1.8.0_302\jre\bin\nio.dll
0x00007fff09310000 - 0x00007fff09337000 	C:\Users\stuar\.gradle\native\fdc75f09e3144964f2cf3f50f0aa648679c211496f362492102eb8c894070792\windows-amd64\native-platform.dll
0x00007ffeefa30000 - 0x00007ffeefbc6000 	C:\Users\stuar\.gradle\native\12488b8bf47d2d4c9fbf2f6322a914ad602e24e48041cd04a747c6da556b65c4\windows-amd64\native-platform-file-events.dll
0x00007fff1abb0000 - 0x00007fff1abbd000 	C:\Users\stuar\.jdks\corretto-1.8.0_302\jre\bin\management.dll
0x00007fff1e9b0000 - 0x00007fff1e9c8000 	C:\Windows\SYSTEM32\CRYPTSP.dll
0x00007fff1e120000 - 0x00007fff1e154000 	C:\Windows\system32\rsaenh.dll
0x00007fff1f960000 - 0x00007fff1f987000 	C:\Windows\System32\bcrypt.dll
0x00007fff1ef70000 - 0x00007fff1ef9e000 	C:\Windows\SYSTEM32\USERENV.dll
0x00007fff1f070000 - 0x00007fff1f0f0000 	C:\Windows\System32\bcryptprimitives.dll
0x00007fff1e9d0000 - 0x00007fff1e9dc000 	C:\Windows\SYSTEM32\CRYPTBASE.dll
0x00007fff1e470000 - 0x00007fff1e4ab000 	C:\Windows\SYSTEM32\IPHLPAPI.DLL
0x00007fff20070000 - 0x00007fff20078000 	C:\Windows\System32\NSI.dll
0x00007fff181f0000 - 0x00007fff18207000 	C:\Windows\SYSTEM32\dhcpcsvc6.DLL
0x00007fff18170000 - 0x00007fff1818d000 	C:\Windows\SYSTEM32\dhcpcsvc.DLL
0x00007fff1e4b0000 - 0x00007fff1e57c000 	C:\Windows\SYSTEM32\DNSAPI.dll
0x00007fff19950000 - 0x00007fff1995b000 	C:\Windows\SYSTEM32\WINNSI.DLL

VM Arguments:
jvm_args: -Xmx2048m -Dfile.encoding=UTF-8 -Duser.country=GB -Duser.language=en -Duser.variant 
java_command: org.gradle.launcher.daemon.bootstrap.GradleDaemon 6.7.1
java_class_path (initial): C:\Users\stuar\.gradle\wrapper\dists\gradle-6.7.1-bin\bwlcbys1h7rz3272sye1xwiv6\gradle-6.7.1\lib\gradle-launcher-6.7.1.jar
Launcher Type: SUN_STANDARD

Environment Variables:
JAVA_HOME=C:\Program Files\Android\Android Studio\jre\bin\server
PATH=C:\Windows\system32;C:\Windows;C:\Windows\System32\Wbem;C:\Windows\System32\WindowsPowerShell\v1.0\;C:\Windows\System32\OpenSSH\;C:\Program Files\Git\cmd;C:\Users\stuar\AppData\Local\Microsoft\WindowsApps;
USERNAME=stuar
OS=Windows_NT
PROCESSOR_IDENTIFIER=Intel64 Family 6 Model 42 Stepping 7, GenuineIntel



---------------  S Y S T E M  ---------------

OS: Windows 10.0 , 64 bit Build 19041 (10.0.19041.928)

CPU:total 2 (initial active 2) (2 cores per cpu, 1 threads per core) family 6 model 42 stepping 7, cmov, cx8, fxsr, mmx, sse, sse2, sse3, ssse3, sse4.1, sse4.2, popcnt, clmul, tsc, tscinvbit

Memory: 4k page, physical 6178284k(374700k free), swap 6178284k(5556k free)

vm_info: OpenJDK 64-Bit Server VM (25.302-b08) for windows-amd64 JRE (1.8.0_302-b08), built on Jul 15 2021 19:37:21 by "Administrator" with MS VC++ 12.0 (VS2013)

time: Sun Aug 15 23:36:52 2021
timezone: GMT Summer Time
elapsed time: 34.629380 seconds (0d 0h 0m 34s)

