#
# There is insufficient memory for the Java Runtime Environment to continue.
# Native memory allocation (malloc) failed to allocate 2231056 bytes for Chunk::new
# Possible reasons:
#   The system is out of physical RAM or swap space
#   The process is running with CompressedOops enabled, and the Java Heap may be blocking the growth of the native heap
# Possible solutions:
#   Reduce memory load on the system
#   Increase physical memory or swap space
#   Check if swap backing store is full
#   Decrease Java heap size (-Xmx/-Xms)
#   Decrease number of Java threads
#   Decrease Java thread stack sizes (-Xss)
#   Set larger code cache with -XX:ReservedCodeCacheSize=
#   JVM is running with Unscaled Compressed Oops mode in which the Java heap is
#     placed in the first 4GB address space. The Java Heap base address is the
#     maximum limit for the native heap growth. Please use -XX:HeapBaseMinAddress
#     to set the Java Heap base and to place the Java Heap above 4GB virtual address.
# This output file may be truncated or incomplete.
#
#  Out of Memory Error (allocation.cpp:389), pid=8028, tid=0x0000000000002210
#
# JRE version: OpenJDK Runtime Environment (8.0_302-b08) (build 1.8.0_302-b08)
# Java VM: OpenJDK 64-Bit Server VM (25.302-b08 mixed mode windows-amd64 compressed oops)
# Failed to write core dump. Minidumps are not enabled by default on client versions of Windows
#

---------------  T H R E A D  ---------------

Current thread (0x00000293d7ab6800):  JavaThread "C2 CompilerThread0" daemon [_thread_in_native, id=8720, stack(0x000000f4d4600000,0x000000f4d4700000)]

Stack: [0x000000f4d4600000,0x000000f4d4700000]
[error occurred during error reporting (printing stack bounds), id 0xc0000005]

Native frames: (J=compiled Java code, j=interpreted, Vv=VM code, C=native code)


Current CompileTask:
C2:  42593 6487   !   4       java.net.URLClassLoader$1::run (63 bytes)


---------------  P R O C E S S  ---------------

Java Threads: ( => current thread )
  0x00000293dbb23000 JavaThread "pool-3-thread-1" [_thread_blocked, id=4468, stack(0x000000f4dda00000,0x000000f4ddb00000)]
  0x00000293dbb22800 JavaThread "Memory manager" [_thread_blocked, id=8668, stack(0x000000f4dd900000,0x000000f4dda00000)]
  0x00000293dbb28000 JavaThread "jar transforms Thread 119" [_thread_blocked, id=4056, stack(0x000000f4dd800000,0x000000f4dd900000)]
  0x00000293dbb28800 JavaThread "jar transforms Thread 118" [_thread_blocked, id=7700, stack(0x000000f4dd700000,0x000000f4dd800000)]
  0x00000293dbb20000 JavaThread "jar transforms Thread 117" [_thread_blocked, id=5780, stack(0x000000f4dd600000,0x000000f4dd700000)]
  0x00000293dbb27000 JavaThread "jar transforms Thread 116" [_thread_blocked, id=6132, stack(0x000000f4dd500000,0x000000f4dd600000)]
  0x00000293dbb21800 JavaThread "jar transforms Thread 115" [_thread_blocked, id=8024, stack(0x000000f4dd400000,0x000000f4dd500000)]
  0x00000293dbb21000 JavaThread "jar transforms Thread 114" [_thread_blocked, id=6356, stack(0x000000f4dd300000,0x000000f4dd400000)]
  0x00000293daf1a000 JavaThread "jar transforms Thread 113" [_thread_blocked, id=5216, stack(0x000000f4dd200000,0x000000f4dd300000)]
  0x00000293daf19800 JavaThread "jar transforms Thread 112" [_thread_blocked, id=972, stack(0x000000f4dd100000,0x000000f4dd200000)]
  0x00000293daf1b000 JavaThread "jar transforms Thread 111" [_thread_blocked, id=8932, stack(0x000000f4dd000000,0x000000f4dd100000)]
  0x00000293daf18800 JavaThread "jar transforms Thread 110" [_thread_blocked, id=552, stack(0x000000f4dcf00000,0x000000f4dd000000)]
  0x00000293daf17800 JavaThread "jar transforms Thread 109" [_thread_blocked, id=1248, stack(0x000000f4dce00000,0x000000f4dcf00000)]
  0x00000293daf10000 JavaThread "jar transforms Thread 108" [_thread_blocked, id=8140, stack(0x000000f4dcd00000,0x000000f4dce00000)]
  0x00000293daf17000 JavaThread "jar transforms Thread 107" [_thread_blocked, id=5300, stack(0x000000f4dcc00000,0x000000f4dcd00000)]
  0x00000293daf14000 JavaThread "jar transforms Thread 106" [_thread_blocked, id=8940, stack(0x000000f4dcb00000,0x000000f4dcc00000)]
  0x00000293daf15800 JavaThread "jar transforms Thread 105" [_thread_blocked, id=6540, stack(0x000000f4dca00000,0x000000f4dcb00000)]
  0x00000293daf16000 JavaThread "jar transforms Thread 104" [_thread_blocked, id=8492, stack(0x000000f4dc900000,0x000000f4dca00000)]
  0x00000293daf14800 JavaThread "jar transforms Thread 103" [_thread_blocked, id=1588, stack(0x000000f4dc800000,0x000000f4dc900000)]
  0x00000293daf0c000 JavaThread "jar transforms Thread 102" [_thread_blocked, id=4868, stack(0x000000f4dc700000,0x000000f4dc800000)]
  0x00000293daf0e800 JavaThread "jar transforms Thread 101" [_thread_blocked, id=8836, stack(0x000000f4dc600000,0x000000f4dc700000)]
  0x00000293daf11800 JavaThread "jar transforms Thread 100" [_thread_blocked, id=4316, stack(0x000000f4dc500000,0x000000f4dc600000)]
  0x00000293daf12000 JavaThread "jar transforms Thread 99" [_thread_blocked, id=7616, stack(0x000000f4dc400000,0x000000f4dc500000)]
  0x00000293daf0d800 JavaThread "jar transforms Thread 98" [_thread_blocked, id=4572, stack(0x000000f4dc300000,0x000000f4dc400000)]
  0x00000293daf13000 JavaThread "jar transforms Thread 97" [_thread_blocked, id=3156, stack(0x000000f4dc200000,0x000000f4dc300000)]
  0x00000293daf10800 JavaThread "jar transforms Thread 96" [_thread_blocked, id=3188, stack(0x000000f4dc100000,0x000000f4dc200000)]
  0x00000293daf0f000 JavaThread "jar transforms Thread 95" [_thread_blocked, id=2656, stack(0x000000f4dc000000,0x000000f4dc100000)]
  0x00000293daf0c800 JavaThread "jar transforms Thread 94" [_thread_blocked, id=4924, stack(0x000000f4dbf00000,0x000000f4dc000000)]
  0x00000293db538000 JavaThread "jar transforms Thread 93" [_thread_blocked, id=4352, stack(0x000000f4dbe00000,0x000000f4dbf00000)]
  0x00000293db537000 JavaThread "jar transforms Thread 92" [_thread_blocked, id=2944, stack(0x000000f4dbd00000,0x000000f4dbe00000)]
  0x00000293db535800 JavaThread "jar transforms Thread 91" [_thread_blocked, id=4076, stack(0x000000f4dbc00000,0x000000f4dbd00000)]
  0x00000293db535000 JavaThread "jar transforms Thread 90" [_thread_blocked, id=2400, stack(0x000000f4dbb00000,0x000000f4dbc00000)]
  0x00000293db534000 JavaThread "jar transforms Thread 89" [_thread_blocked, id=536, stack(0x000000f4dba00000,0x000000f4dbb00000)]
  0x00000293db538800 JavaThread "jar transforms Thread 88" [_thread_blocked, id=9112, stack(0x000000f4db900000,0x000000f4dba00000)]
  0x00000293db536800 JavaThread "jar transforms Thread 87" [_thread_blocked, id=7452, stack(0x000000f4db800000,0x000000f4db900000)]
  0x00000293db52c000 JavaThread "jar transforms Thread 86" [_thread_blocked, id=5776, stack(0x000000f4db700000,0x000000f4db800000)]
  0x00000293db533000 JavaThread "jar transforms Thread 85" [_thread_blocked, id=5500, stack(0x000000f4db600000,0x000000f4db700000)]
  0x00000293db532800 JavaThread "jar transforms Thread 84" [_thread_blocked, id=3616, stack(0x000000f4db500000,0x000000f4db600000)]
  0x00000293db52a800 JavaThread "jar transforms Thread 83" [_thread_blocked, id=9040, stack(0x000000f4db400000,0x000000f4db500000)]
  0x00000293db52b800 JavaThread "jar transforms Thread 82" [_thread_blocked, id=6368, stack(0x000000f4db300000,0x000000f4db400000)]
  0x00000293db531800 JavaThread "jar transforms Thread 81" [_thread_blocked, id=2176, stack(0x000000f4db200000,0x000000f4db300000)]
  0x00000293db52d800 JavaThread "jar transforms Thread 80" [_thread_blocked, id=3864, stack(0x000000f4db100000,0x000000f4db200000)]
  0x00000293db52d000 JavaThread "jar transforms Thread 79" [_thread_blocked, id=5436, stack(0x000000f4db000000,0x000000f4db100000)]
  0x00000293db52f800 JavaThread "jar transforms Thread 78" [_thread_blocked, id=8812, stack(0x000000f4daf00000,0x000000f4db000000)]
  0x00000293db531000 JavaThread "jar transforms Thread 77" [_thread_blocked, id=7836, stack(0x000000f4dae00000,0x000000f4daf00000)]
  0x00000293db530000 JavaThread "jar transforms Thread 76" [_thread_blocked, id=4612, stack(0x000000f4dad00000,0x000000f4dae00000)]
  0x00000293db52e800 JavaThread "jar transforms Thread 75" [_thread_blocked, id=8300, stack(0x000000f4dac00000,0x000000f4dad00000)]
  0x00000293db52a000 JavaThread "jar transforms Thread 74" [_thread_blocked, id=8420, stack(0x000000f4dab00000,0x000000f4dac00000)]
  0x00000293dc477800 JavaThread "jar transforms Thread 73" [_thread_blocked, id=2056, stack(0x000000f4daa00000,0x000000f4dab00000)]
  0x00000293dc474800 JavaThread "jar transforms Thread 72" [_thread_blocked, id=5652, stack(0x000000f4da900000,0x000000f4daa00000)]
  0x00000293dc473800 JavaThread "jar transforms Thread 71" [_thread_blocked, id=8656, stack(0x000000f4da800000,0x000000f4da900000)]
  0x00000293dc472800 JavaThread "jar transforms Thread 70" [_thread_blocked, id=8412, stack(0x000000f4da700000,0x000000f4da800000)]
  0x00000293dc476800 JavaThread "jar transforms Thread 69" [_thread_blocked, id=6820, stack(0x000000f4da600000,0x000000f4da700000)]
  0x00000293dc475000 JavaThread "jar transforms Thread 68" [_thread_blocked, id=8472, stack(0x000000f4da500000,0x000000f4da600000)]
  0x00000293dc476000 JavaThread "jar transforms Thread 67" [_thread_blocked, id=7252, stack(0x000000f4da400000,0x000000f4da500000)]
  0x00000293dc46b000 JavaThread "jar transforms Thread 66" [_thread_blocked, id=7492, stack(0x000000f4da300000,0x000000f4da400000)]
  0x00000293dc472000 JavaThread "jar transforms Thread 65" [_thread_blocked, id=7812, stack(0x000000f4da200000,0x000000f4da300000)]
  0x00000293dc46a000 JavaThread "jar transforms Thread 64" [_thread_blocked, id=5772, stack(0x000000f4da100000,0x000000f4da200000)]
  0x00000293dc471000 JavaThread "jar transforms Thread 63" [_thread_blocked, id=7552, stack(0x000000f4da000000,0x000000f4da100000)]
  0x00000293dc46e000 JavaThread "jar transforms Thread 62" [_thread_blocked, id=7560, stack(0x000000f4d9f00000,0x000000f4da000000)]
  0x00000293dc470800 JavaThread "jar transforms Thread 61" [_thread_blocked, id=5200, stack(0x000000f4d9e00000,0x000000f4d9f00000)]
  0x00000293dc468800 JavaThread "jar transforms Thread 60" [_thread_blocked, id=6916, stack(0x000000f4d9d00000,0x000000f4d9e00000)]
  0x00000293dc46f800 JavaThread "jar transforms Thread 59" [_thread_blocked, id=4856, stack(0x000000f4d9c00000,0x000000f4d9d00000)]
  0x00000293dc46f000 JavaThread "jar transforms Thread 58" [_thread_blocked, id=4120, stack(0x000000f4d9b00000,0x000000f4d9c00000)]
  0x00000293dc469800 JavaThread "jar transforms Thread 57" [_thread_blocked, id=6620, stack(0x000000f4d9a00000,0x000000f4d9b00000)]
  0x00000293dc46d000 JavaThread "jar transforms Thread 56" [_thread_blocked, id=228, stack(0x000000f4d9900000,0x000000f4d9a00000)]
  0x00000293dc46b800 JavaThread "jar transforms Thread 55" [_thread_blocked, id=6480, stack(0x000000f4d9800000,0x000000f4d9900000)]
  0x00000293dc46c800 JavaThread "jar transforms Thread 54" [_thread_blocked, id=8808, stack(0x000000f4d9700000,0x000000f4d9800000)]
  0x00000293dbf95000 JavaThread "jar transforms Thread 53" [_thread_blocked, id=8460, stack(0x000000f4d9600000,0x000000f4d9700000)]
  0x00000293dbf9b000 JavaThread "jar transforms Thread 52" [_thread_blocked, id=32, stack(0x000000f4d9500000,0x000000f4d9600000)]
  0x00000293dbf9a800 JavaThread "jar transforms Thread 51" [_thread_blocked, id=4620, stack(0x000000f4d9400000,0x000000f4d9500000)]
  0x00000293dbf99800 JavaThread "jar transforms Thread 50" [_thread_blocked, id=5900, stack(0x000000f4d9300000,0x000000f4d9400000)]
  0x00000293dbf97800 JavaThread "jar transforms Thread 49" [_thread_blocked, id=5028, stack(0x000000f4d9200000,0x000000f4d9300000)]
  0x00000293dbf92000 JavaThread "jar transforms Thread 48" [_thread_blocked, id=616, stack(0x000000f4d9100000,0x000000f4d9200000)]
  0x00000293dbf99000 JavaThread "jar transforms Thread 47" [_thread_blocked, id=2144, stack(0x000000f4d9000000,0x000000f4d9100000)]
  0x00000293dbf94000 JavaThread "jar transforms Thread 46" [_thread_blocked, id=2536, stack(0x000000f4d8f00000,0x000000f4d9000000)]
  0x00000293dbf98000 JavaThread "jar transforms Thread 45" [_thread_blocked, id=6520, stack(0x000000f4d8e00000,0x000000f4d8f00000)]
  0x00000293dbf90000 JavaThread "jar transforms Thread 44" [_thread_blocked, id=3752, stack(0x000000f4d8d00000,0x000000f4d8e00000)]
  0x00000293dbf92800 JavaThread "jar transforms Thread 43" [_thread_blocked, id=2968, stack(0x000000f4d8c00000,0x000000f4d8d00000)]
  0x00000293dbf8f800 JavaThread "jar transforms Thread 42" [_thread_blocked, id=6512, stack(0x000000f4d8b00000,0x000000f4d8c00000)]
  0x00000293dbf96800 JavaThread "jar transforms Thread 41" [_thread_blocked, id=372, stack(0x000000f4d8a00000,0x000000f4d8b00000)]
  0x00000293dbf95800 JavaThread "jar transforms Thread 40" [_thread_blocked, id=8524, stack(0x000000f4d8900000,0x000000f4d8a00000)]
  0x00000293dbf91000 JavaThread "jar transforms Thread 39" [_thread_blocked, id=4600, stack(0x000000f4d8800000,0x000000f4d8900000)]
  0x00000293dbf8c800 JavaThread "jar transforms Thread 38" [_thread_blocked, id=3060, stack(0x000000f4d8700000,0x000000f4d8800000)]
  0x00000293dbf8e000 JavaThread "jar transforms Thread 37" [_thread_blocked, id=6860, stack(0x000000f4d8600000,0x000000f4d8700000)]
  0x00000293dbf8d000 JavaThread "jar transforms Thread 36" [_thread_blocked, id=2552, stack(0x000000f4d8500000,0x000000f4d8600000)]
  0x00000293dbf8e800 JavaThread "jar transforms Thread 35" [_thread_blocked, id=804, stack(0x000000f4d8400000,0x000000f4d8500000)]
  0x00000293dbf93800 JavaThread "jar transforms Thread 34" [_thread_blocked, id=6384, stack(0x000000f4d8300000,0x000000f4d8400000)]
  0x00000293dd1d6800 JavaThread "jar transforms Thread 33" [_thread_blocked, id=3032, stack(0x000000f4d8200000,0x000000f4d8300000)]
  0x00000293dd1d6000 JavaThread "jar transforms Thread 32" [_thread_blocked, id=2740, stack(0x000000f4d8100000,0x000000f4d8200000)]
  0x00000293dd1d5000 JavaThread "jar transforms Thread 31" [_thread_blocked, id=1928, stack(0x000000f4d8000000,0x000000f4d8100000)]
  0x00000293dd1d8800 JavaThread "jar transforms Thread 30" [_thread_blocked, id=5520, stack(0x000000f4d7f00000,0x000000f4d8000000)]
  0x00000293dd1d7800 JavaThread "jar transforms Thread 29" [_thread_blocked, id=6960, stack(0x000000f4d7e00000,0x000000f4d7f00000)]
  0x00000293dd1d4800 JavaThread "jar transforms Thread 28" [_thread_blocked, id=380, stack(0x000000f4d7d00000,0x000000f4d7e00000)]
  0x00000293dd1d3800 JavaThread "jar transforms Thread 27" [_thread_blocked, id=6952, stack(0x000000f4d7c00000,0x000000f4d7d00000)]
  0x00000293dd1cb800 JavaThread "jar transforms Thread 26" [_thread_blocked, id=7680, stack(0x000000f4d7b00000,0x000000f4d7c00000)]
  0x00000293dd1d3000 JavaThread "jar transforms Thread 25" [_thread_blocked, id=7356, stack(0x000000f4d7a00000,0x000000f4d7b00000)]
  0x00000293dd1d2000 JavaThread "jar transforms Thread 24" [_thread_blocked, id=4164, stack(0x000000f4d7900000,0x000000f4d7a00000)]
  0x00000293dd1d1000 JavaThread "jar transforms Thread 23" [_thread_blocked, id=5656, stack(0x000000f4d7800000,0x000000f4d7900000)]
  0x00000293dd1c9800 JavaThread "jar transforms Thread 22" [_thread_blocked, id=5852, stack(0x000000f4d7700000,0x000000f4d7800000)]
  0x00000293dd1d0800 JavaThread "jar transforms Thread 21" [_thread_blocked, id=7920, stack(0x000000f4d7600000,0x000000f4d7700000)]
  0x00000293dd1cf800 JavaThread "Build operations Thread 2" [_thread_blocked, id=4356, stack(0x000000f4d7500000,0x000000f4d7600000)]
  0x00000293dd1cb000 JavaThread "Build operations" [_thread_blocked, id=6360, stack(0x000000f4d7400000,0x000000f4d7500000)]
  0x00000293dd1cc800 JavaThread "Cache worker for Build Output Cleanup Cache (C:\Users\stuar\StudioProjects\com.example.chaostiler\.gradle\buildOutputCleanup)" [_thread_blocked, id=3620, stack(0x000000f4d7300000,0x000000f4d7400000)]
  0x00000293d87b8800 JavaThread "Cache worker for file content cache (C:\Users\stuar\.gradle\caches\6.7.1\fileContent)" [_thread_blocked, id=6084, stack(0x000000f4d7200000,0x000000f4d7300000)]
  0x00000293d87b9000 JavaThread "Cache worker for execution history cache (C:\Users\stuar\.gradle\caches\6.7.1\executionHistory)" [_thread_blocked, id=4964, stack(0x000000f4d7100000,0x000000f4d7200000)]
  0x00000293d87b7800 JavaThread "Cache worker for cache directory md-rule (C:\Users\stuar\.gradle\caches\6.7.1\md-rule)" [_thread_blocked, id=2492, stack(0x000000f4d7000000,0x000000f4d7100000)]
  0x00000293d87b6000 JavaThread "Cache worker for cache directory md-supplier (C:\Users\stuar\.gradle\caches\6.7.1\md-supplier)" [_thread_blocked, id=9020, stack(0x000000f4d6f00000,0x000000f4d7000000)]
  0x00000293d87b5000 JavaThread "Cache worker for checksums cache (C:\Users\stuar\StudioProjects\com.example.chaostiler\.gradle\checksums)" [_thread_blocked, id=8396, stack(0x000000f4d6e00000,0x000000f4d6f00000)]
  0x00000293d87b4800 JavaThread "jar transforms Thread 20" [_thread_blocked, id=8204, stack(0x000000f4d6d00000,0x000000f4d6e00000)]
  0x00000293d87b7000 JavaThread "jar transforms Thread 19" [_thread_blocked, id=6340, stack(0x000000f4d6c00000,0x000000f4d6d00000)]
  0x00000293d87b3800 JavaThread "jar transforms Thread 18" [_thread_blocked, id=3104, stack(0x000000f4d6b00000,0x000000f4d6c00000)]
  0x00000293d87b3000 JavaThread "jar transforms Thread 17" [_thread_blocked, id=7916, stack(0x000000f4d6a00000,0x000000f4d6b00000)]
  0x00000293d87aa000 JavaThread "jar transforms Thread 16" [_thread_blocked, id=4324, stack(0x000000f4d6900000,0x000000f4d6a00000)]
  0x00000293d87af000 JavaThread "jar transforms Thread 15" [_thread_blocked, id=7568, stack(0x000000f4d6800000,0x000000f4d6900000)]
  0x00000293d87ae000 JavaThread "jar transforms Thread 14" [_thread_blocked, id=1172, stack(0x000000f4d6700000,0x000000f4d6800000)]
  0x00000293d87ab000 JavaThread "jar transforms Thread 13" [_thread_blocked, id=5220, stack(0x000000f4d6600000,0x000000f4d6700000)]
  0x00000293d87af800 JavaThread "jar transforms Thread 12" [_thread_blocked, id=6600, stack(0x000000f4d6500000,0x000000f4d6600000)]
  0x00000293d87b0800 JavaThread "jar transforms Thread 11" [_thread_blocked, id=1724, stack(0x000000f4d6400000,0x000000f4d6500000)]
  0x00000293d87b1800 JavaThread "jar transforms Thread 10" [_thread_blocked, id=9120, stack(0x000000f4d6300000,0x000000f4d6400000)]
  0x00000293d87ad800 JavaThread "jar transforms Thread 9" [_thread_blocked, id=6040, stack(0x000000f4d6200000,0x000000f4d6300000)]
  0x00000293d87ac800 JavaThread "jar transforms Thread 8" [_thread_blocked, id=8320, stack(0x000000f4d6100000,0x000000f4d6200000)]
  0x00000293d87ac000 JavaThread "jar transforms Thread 7" [_thread_blocked, id=7996, stack(0x000000f4d6000000,0x000000f4d6100000)]
  0x00000293d8b84000 JavaThread "jar transforms Thread 6" [_thread_blocked, id=4760, stack(0x000000f4d5f00000,0x000000f4d6000000)]
  0x00000293d8b83800 JavaThread "jar transforms Thread 5" [_thread_blocked, id=5104, stack(0x000000f4d5e00000,0x000000f4d5f00000)]
  0x00000293d8b82800 JavaThread "jar transforms Thread 4" [_thread_blocked, id=4328, stack(0x000000f4d5d00000,0x000000f4d5e00000)]
  0x00000293d8b89000 JavaThread "jar transforms Thread 3" [_thread_blocked, id=4008, stack(0x000000f4d5c00000,0x000000f4d5d00000)]
  0x00000293d8b88000 JavaThread "jar transforms Thread 2" [_thread_blocked, id=1508, stack(0x000000f4d5b00000,0x000000f4d5c00000)]
  0x00000293d8b87800 JavaThread "jar transforms" [_thread_blocked, id=4308, stack(0x000000f4d5a00000,0x000000f4d5b00000)]
  0x00000293d8b86800 JavaThread "Cache worker for file hash cache (C:\Users\stuar\StudioProjects\com.example.chaostiler\.gradle\6.7.1\fileHashes)" [_thread_blocked, id=5788, stack(0x000000f4d5900000,0x000000f4d5a00000)]
  0x00000293d8b85800 JavaThread "Cache worker for journal cache (C:\Users\stuar\.gradle\caches\journal-1)" [_thread_blocked, id=4428, stack(0x000000f4d5800000,0x000000f4d5900000)]
  0x00000293d8b85000 JavaThread "File lock request listener" [_thread_in_native, id=4072, stack(0x000000f4d5700000,0x000000f4d5800000)]
  0x00000293d8b82000 JavaThread "Cache worker for file hash cache (C:\Users\stuar\.gradle\caches\6.7.1\fileHashes)" [_thread_blocked, id=7828, stack(0x000000f4d5600000,0x000000f4d5700000)]
  0x00000293d90b8800 JavaThread "Thread-9" [_thread_blocked, id=4968, stack(0x000000f4d5500000,0x000000f4d5600000)]
  0x00000293d8de4800 JavaThread "Stdin handler" [_thread_blocked, id=1680, stack(0x000000f4d5400000,0x000000f4d5500000)]
  0x00000293d8dd7000 JavaThread "Asynchronous log dispatcher for DefaultDaemonConnection: socket connection from /127.0.0.1:50914 to /127.0.0.1:50915" [_thread_blocked, id=5388, stack(0x000000f4d5300000,0x000000f4d5400000)]
  0x00000293d8dd4000 JavaThread "Daemon worker" [_thread_in_native, id=1276, stack(0x000000f4d5200000,0x000000f4d5300000)]
  0x00000293d8dd3000 JavaThread "Cancel handler" [_thread_blocked, id=5304, stack(0x000000f4d5100000,0x000000f4d5200000)]
  0x00000293d82a0000 JavaThread "Handler for socket connection from /127.0.0.1:50914 to /127.0.0.1:50915" [_thread_in_native, id=2904, stack(0x000000f4d5000000,0x000000f4d5100000)]
  0x00000293d829d000 JavaThread "Daemon" [_thread_blocked, id=2148, stack(0x000000f4d4f00000,0x000000f4d5000000)]
  0x00000293d997f000 JavaThread "Daemon periodic checks" [_thread_blocked, id=2404, stack(0x000000f4d4e00000,0x000000f4d4f00000)]
  0x00000293d8a6f000 JavaThread "Incoming local TCP Connector on port 50914" [_thread_in_native, id=2420, stack(0x000000f4d4d00000,0x000000f4d4e00000)]
  0x00000293d9288000 JavaThread "Daemon health stats" [_thread_blocked, id=6752, stack(0x000000f4d4a00000,0x000000f4d4b00000)]
  0x00000293d7b0f800 JavaThread "Service Thread" daemon [_thread_blocked, id=968, stack(0x000000f4d4800000,0x000000f4d4900000)]
  0x00000293d7b0d800 JavaThread "C1 CompilerThread1" daemon [_thread_blocked, id=8520, stack(0x000000f4d4700000,0x000000f4d4800000)]
=>0x00000293d7ab6800 JavaThread "C2 CompilerThread0" daemon [_thread_in_native, id=8720, stack(0x000000f4d4600000,0x000000f4d4700000)]
  0x00000293d7ab2000 JavaThread "Attach Listener" daemon [_thread_blocked, id=5568, stack(0x000000f4d4500000,0x000000f4d4600000)]
  0x00000293d7aaf000 JavaThread "Signal Dispatcher" daemon [_thread_blocked, id=4408, stack(0x000000f4d4400000,0x000000f4d4500000)]
  0x00000293d7a7f800 JavaThread "Finalizer" daemon [_thread_blocked, id=6372, stack(0x000000f4d4300000,0x000000f4d4400000)]
  0x00000293d7a7e000 JavaThread "Reference Handler" daemon [_thread_blocked, id=1992, stack(0x000000f4d4200000,0x000000f4d4300000)]
  0x00000293c13a2000 JavaThread "main" [_thread_blocked, id=5196, stack(0x000000f4d3d00000,0x000000f4d3e00000)]

Other Threads:
  0x00000293d7a51800 VMThread [stack: 0x000000f4d4100000,0x000000f4d4200000] [id=6424]
  0x00000293d7b12800 WatcherThread [stack: 0x000000f4d4900000,0x000000f4d4a00000] [id=5484]

VM state:not at safepoint (normal execution)

VM Mutex/Monitor currently owned by a thread: None

heap address: 0x0000000080000000, size: 2048 MB, Compressed Oops mode: 32-bit
Narrow klass base: 0x0000000000000000, Narrow klass shift: 3
Compressed class space size: 1073741824 Address: 0x0000000100000000

Heap:
 PSYoungGen      total 241152K, used 210401K [0x00000000d5580000, 0x00000000e9300000, 0x0000000100000000)
  eden space 226304K, 92% used [0x00000000d5580000,0x00000000e22f8610,0x00000000e3280000)
  from space 14848K, 0% used [0x00000000e3280000,0x00000000e3280000,0x00000000e4100000)
  to   space 22016K, 0% used [0x00000000e7d80000,0x00000000e7d80000,0x00000000e9300000)
 ParOldGen       total 70656K, used 41549K [0x0000000080000000, 0x0000000084500000, 0x00000000d5580000)
  object space 70656K, 58% used [0x0000000080000000,0x0000000082893590,0x0000000084500000)
 Metaspace       used 72082K, capacity 74916K, committed 75008K, reserved 1114112K
  class space    used 9901K, capacity 10439K, committed 10496K, reserved 1048576K

Card table byte_map: [0x00000293d2100000,0x00000293d2510000] byte_map_base: 0x00000293d1d00000

Marking Bits: (ParMarkBitMap*) 0x0000000053f81820
 Begin Bits: [0x00000293d27c0000, 0x00000293d47c0000)
 End Bits:   [0x00000293d47c0000, 0x00000293d67c0000)

Polling page: 0x00000293c14b0000

CodeCache: size=245760Kb used=18021Kb max_used=18389Kb free=227738Kb
 bounds [0x00000293c2d40000, 0x00000293c3f50000, 0x00000293d1d40000]
 total_blobs=6702 nmethods=5920 adapters=695
 compilation: enabled

Compilation events (10 events):
Event: 42.430 Thread 0x00000293d7b0d800 6553       1       com.sun.xml.bind.v2.model.impl.TypeRefImpl::getTagName (5 bytes)
Event: 42.431 Thread 0x00000293d7b0d800 nmethod 6553 0x00000293c318cd50 code [0x00000293c318cea0, 0x00000293c318cfb8]
Event: 42.431 Thread 0x00000293d7b0d800 6554       2       com.sun.xml.bind.v2.util.QNameMap::indexFor (6 bytes)
Event: 42.431 Thread 0x00000293d7b0d800 nmethod 6554 0x00000293c318ca50 code [0x00000293c318cba0, 0x00000293c318ccd8]
Event: 42.432 Thread 0x00000293d7b0d800 6555       2       com.sun.xml.bind.v2.util.QNameMap::hash (36 bytes)
Event: 42.432 Thread 0x00000293d7b0d800 nmethod 6555 0x00000293c328b050 code [0x00000293c328b1c0, 0x00000293c328b350]
Event: 42.481 Thread 0x00000293d7b0d800 6557       2       java.lang.invoke.LambdaForm::signatureReturn (14 bytes)
Event: 42.482 Thread 0x00000293d7b0d800 nmethod 6557 0x00000293c3386c10 code [0x00000293c3386da0, 0x00000293c3387010]
Event: 42.492 Thread 0x00000293d7b0d800 6558       2       java.util.regex.Pattern$BmpCharProperty::match (50 bytes)
Event: 42.492 Thread 0x00000293d7b0d800 nmethod 6558 0x00000293c37f5a10 code [0x00000293c37f5ba0, 0x00000293c37f5df0]

GC Heap History (10 events):
Event: 18.264 GC heap before
{Heap before GC invocations=10 (full 1):
 PSYoungGen      total 172032K, used 87829K [0x00000000d5580000, 0x00000000e2580000, 0x0000000100000000)
  eden space 162304K, 48% used [0x00000000d5580000,0x00000000da1c68c8,0x00000000df400000)
  from space 9728K, 99% used [0x00000000e1c00000,0x00000000e257ebd8,0x00000000e2580000)
  to   space 11264K, 0% used [0x00000000e0f80000,0x00000000e0f80000,0x00000000e1a80000)
 ParOldGen       total 44032K, used 8652K [0x0000000080000000, 0x0000000082b00000, 0x00000000d5580000)
  object space 44032K, 19% used [0x0000000080000000,0x0000000080873218,0x0000000082b00000)
 Metaspace       used 34133K, capacity 35396K, committed 35416K, reserved 1079296K
  class space    used 4796K, capacity 5106K, committed 5120K, reserved 1048576K
Event: 18.330 GC heap after
Heap after GC invocations=10 (full 1):
 PSYoungGen      total 201728K, used 10478K [0x00000000d5580000, 0x00000000e4d80000, 0x0000000100000000)
  eden space 190464K, 0% used [0x00000000d5580000,0x00000000d5580000,0x00000000e0f80000)
  from space 11264K, 93% used [0x00000000e0f80000,0x00000000e19bb898,0x00000000e1a80000)
  to   space 12800K, 0% used [0x00000000e4100000,0x00000000e4100000,0x00000000e4d80000)
 ParOldGen       total 44032K, used 8660K [0x0000000080000000, 0x0000000082b00000, 0x00000000d5580000)
  object space 44032K, 19% used [0x0000000080000000,0x0000000080875218,0x0000000082b00000)
 Metaspace       used 34133K, capacity 35396K, committed 35416K, reserved 1079296K
  class space    used 4796K, capacity 5106K, committed 5120K, reserved 1048576K
}
Event: 18.330 GC heap before
{Heap before GC invocations=11 (full 2):
 PSYoungGen      total 201728K, used 10478K [0x00000000d5580000, 0x00000000e4d80000, 0x0000000100000000)
  eden space 190464K, 0% used [0x00000000d5580000,0x00000000d5580000,0x00000000e0f80000)
  from space 11264K, 93% used [0x00000000e0f80000,0x00000000e19bb898,0x00000000e1a80000)
  to   space 12800K, 0% used [0x00000000e4100000,0x00000000e4100000,0x00000000e4d80000)
 ParOldGen       total 44032K, used 8660K [0x0000000080000000, 0x0000000082b00000, 0x00000000d5580000)
  object space 44032K, 19% used [0x0000000080000000,0x0000000080875218,0x0000000082b00000)
 Metaspace       used 34133K, capacity 35396K, committed 35416K, reserved 1079296K
  class space    used 4796K, capacity 5106K, committed 5120K, reserved 1048576K
Event: 18.653 GC heap after
Heap after GC invocations=11 (full 2):
 PSYoungGen      total 201728K, used 0K [0x00000000d5580000, 0x00000000e4d80000, 0x0000000100000000)
  eden space 190464K, 0% used [0x00000000d5580000,0x00000000d5580000,0x00000000e0f80000)
  from space 11264K, 0% used [0x00000000e0f80000,0x00000000e0f80000,0x00000000e1a80000)
  to   space 12800K, 0% used [0x00000000e4100000,0x00000000e4100000,0x00000000e4d80000)
 ParOldGen       total 70656K, used 17209K [0x0000000080000000, 0x0000000084500000, 0x00000000d5580000)
  object space 70656K, 24% used [0x0000000080000000,0x00000000810ce5f0,0x0000000084500000)
 Metaspace       used 34133K, capacity 35396K, committed 35416K, reserved 1079296K
  class space    used 4796K, capacity 5106K, committed 5120K, reserved 1048576K
}
Event: 25.506 GC heap before
{Heap before GC invocations=12 (full 2):
 PSYoungGen      total 201728K, used 190464K [0x00000000d5580000, 0x00000000e4d80000, 0x0000000100000000)
  eden space 190464K, 100% used [0x00000000d5580000,0x00000000e0f80000,0x00000000e0f80000)
  from space 11264K, 0% used [0x00000000e0f80000,0x00000000e0f80000,0x00000000e1a80000)
  to   space 12800K, 0% used [0x00000000e4100000,0x00000000e4100000,0x00000000e4d80000)
 ParOldGen       total 70656K, used 17209K [0x0000000080000000, 0x0000000084500000, 0x00000000d5580000)
  object space 70656K, 24% used [0x0000000080000000,0x00000000810ce5f0,0x0000000084500000)
 Metaspace       used 42659K, capacity 44708K, committed 45056K, reserved 1087488K
  class space    used 5899K, capacity 6287K, committed 6400K, reserved 1048576K
Event: 25.599 GC heap after
Heap after GC invocations=12 (full 2):
 PSYoungGen      total 239104K, used 12772K [0x00000000d5580000, 0x00000000e5c00000, 0x0000000100000000)
  eden space 226304K, 0% used [0x00000000d5580000,0x00000000d5580000,0x00000000e3280000)
  from space 12800K, 99% used [0x00000000e4100000,0x00000000e4d79178,0x00000000e4d80000)
  to   space 14848K, 0% used [0x00000000e3280000,0x00000000e3280000,0x00000000e4100000)
 ParOldGen       total 70656K, used 19011K [0x0000000080000000, 0x0000000084500000, 0x00000000d5580000)
  object space 70656K, 26% used [0x0000000080000000,0x0000000081290f58,0x0000000084500000)
 Metaspace       used 42659K, capacity 44708K, committed 45056K, reserved 1087488K
  class space    used 5899K, capacity 6287K, committed 6400K, reserved 1048576K
}
Event: 32.455 GC heap before
{Heap before GC invocations=13 (full 2):
 PSYoungGen      total 239104K, used 199870K [0x00000000d5580000, 0x00000000e5c00000, 0x0000000100000000)
  eden space 226304K, 82% used [0x00000000d5580000,0x00000000e0c36988,0x00000000e3280000)
  from space 12800K, 99% used [0x00000000e4100000,0x00000000e4d79178,0x00000000e4d80000)
  to   space 14848K, 0% used [0x00000000e3280000,0x00000000e3280000,0x00000000e4100000)
 ParOldGen       total 70656K, used 19011K [0x0000000080000000, 0x0000000084500000, 0x00000000d5580000)
  object space 70656K, 26% used [0x0000000080000000,0x0000000081290f58,0x0000000084500000)
 Metaspace       used 56606K, capacity 59006K, committed 59028K, reserved 1099776K
  class space    used 7713K, capacity 8185K, committed 8192K, reserved 1048576K
Event: 32.546 GC heap after
Heap after GC invocations=13 (full 2):
 PSYoungGen      total 241152K, used 14847K [0x00000000d5580000, 0x00000000e9300000, 0x0000000100000000)
  eden space 226304K, 0% used [0x00000000d5580000,0x00000000d5580000,0x00000000e3280000)
  from space 14848K, 99% used [0x00000000e3280000,0x00000000e40ffd20,0x00000000e4100000)
  to   space 22016K, 0% used [0x00000000e7d80000,0x00000000e7d80000,0x00000000e9300000)
 ParOldGen       total 70656K, used 32572K [0x0000000080000000, 0x0000000084500000, 0x00000000d5580000)
  object space 70656K, 46% used [0x0000000080000000,0x0000000081fcf390,0x0000000084500000)
 Metaspace       used 56606K, capacity 59006K, committed 59028K, reserved 1099776K
  class space    used 7713K, capacity 8185K, committed 8192K, reserved 1048576K
}
Event: 32.546 GC heap before
{Heap before GC invocations=14 (full 3):
 PSYoungGen      total 241152K, used 14847K [0x00000000d5580000, 0x00000000e9300000, 0x0000000100000000)
  eden space 226304K, 0% used [0x00000000d5580000,0x00000000d5580000,0x00000000e3280000)
  from space 14848K, 99% used [0x00000000e3280000,0x00000000e40ffd20,0x00000000e4100000)
  to   space 22016K, 0% used [0x00000000e7d80000,0x00000000e7d80000,0x00000000e9300000)
 ParOldGen       total 70656K, used 32572K [0x0000000080000000, 0x0000000084500000, 0x00000000d5580000)
  object space 70656K, 46% used [0x0000000080000000,0x0000000081fcf390,0x0000000084500000)
 Metaspace       used 56606K, capacity 59006K, committed 59028K, reserved 1099776K
  class space    used 7713K, capacity 8185K, committed 8192K, reserved 1048576K
Event: 33.081 GC heap after
Heap after GC invocations=14 (full 3):
 PSYoungGen      total 241152K, used 0K [0x00000000d5580000, 0x00000000e9300000, 0x0000000100000000)
  eden space 226304K, 0% used [0x00000000d5580000,0x00000000d5580000,0x00000000e3280000)
  from space 14848K, 0% used [0x00000000e3280000,0x00000000e3280000,0x00000000e4100000)
  to   space 22016K, 0% used [0x00000000e7d80000,0x00000000e7d80000,0x00000000e9300000)
 ParOldGen       total 70656K, used 41549K [0x0000000080000000, 0x0000000084500000, 0x00000000d5580000)
  object space 70656K, 58% used [0x0000000080000000,0x0000000082893590,0x0000000084500000)
 Metaspace       used 56606K, capacity 59006K, committed 59028K, reserved 1099776K
  class space    used 7713K, capacity 8185K, committed 8192K, reserved 1048576K
}

Deoptimization events (10 events):
Event: 38.704 Thread 0x00000293d8dd4000 Uncommon trap: reason=class_check action=maybe_recompile pc=0x00000293c2f02a54 method=java.lang.Throwable.<init>(Ljava/lang/String;Ljava/lang/Throwable;)V @ 24
Event: 38.794 Thread 0x00000293d8dd4000 Uncommon trap: reason=unstable_if action=reinterpret pc=0x00000293c3d20e24 method=org.objectweb.asm.Type.getArgumentsAndReturnSizes(Ljava/lang/String;)I @ 117
Event: 38.795 Thread 0x00000293d8dd4000 Uncommon trap: reason=unstable_if action=reinterpret pc=0x00000293c379d9b0 method=org.objectweb.asm.Type.getArgumentsAndReturnSizes(Ljava/lang/String;)I @ 117
Event: 39.140 Thread 0x00000293d8dd4000 Uncommon trap: reason=unstable_if action=reinterpret pc=0x00000293c30866b4 method=java.util.HashMap.resize()[Ljava/util/HashMap$Node; @ 206
Event: 39.142 Thread 0x00000293d8dd4000 Uncommon trap: reason=unstable_if action=reinterpret pc=0x00000293c3b5b634 method=java.util.HashMap.getNode(ILjava/lang/Object;)Ljava/util/HashMap$Node; @ 84
Event: 39.143 Thread 0x00000293d8dd4000 Uncommon trap: reason=unstable_if action=reinterpret pc=0x00000293c32f2c60 method=java.util.HashMap.getNode(ILjava/lang/Object;)Ljava/util/HashMap$Node; @ 84
Event: 39.237 Thread 0x00000293d8dd4000 Uncommon trap: reason=unstable_if action=reinterpret pc=0x00000293c3956954 method=java.io.WinNTFileSystem.normalize(Ljava/lang/String;)Ljava/lang/String; @ 74
Event: 39.341 Thread 0x00000293d8dd4000 Uncommon trap: reason=unstable_if action=reinterpret pc=0x00000293c3c81914 method=java.util.HashMap.putVal(ILjava/lang/Object;Ljava/lang/Object;ZZ)Ljava/lang/Object; @ 109
Event: 41.063 Thread 0x00000293d8dd4000 Uncommon trap: reason=class_check action=maybe_recompile pc=0x00000293c2f02a54 method=java.lang.Throwable.<init>(Ljava/lang/String;Ljava/lang/Throwable;)V @ 24
Event: 42.491 Thread 0x00000293d8dd4000 Uncommon trap: reason=unstable_if action=reinterpret pc=0x00000293c33b9ee8 method=java.util.regex.Pattern$BmpCharProperty.match(Ljava/util/regex/Matcher;ILjava/lang/CharSequence;)Z @ 34

Classes redefined (0 events):
No events

Internal exceptions (10 events):
Event: 39.025 Thread 0x00000293d8dd4000 Exception <a 'java/lang/ClassNotFoundException': org/gradle/api/tasks/testing/TestCustomizer> (0x00000000de327c38) thrown at [C:\wsjdk\Corretto8Src\installers\windows\zip\corretto-build\buildRoot\src\hotspot\src\share\vm\classfile\systemDictionary.cpp, li
Event: 39.041 Thread 0x00000293d8dd4000 Exception <a 'java/lang/ClassNotFoundException': com/android/build/gradle/tasks/factory/AndroidUnitTestCustomizer> (0x00000000de43c2f8) thrown at [C:\wsjdk\Corretto8Src\installers\windows\zip\corretto-build\buildRoot\src\hotspot\src\share\vm\classfile\sys
Event: 39.044 Thread 0x00000293d8dd4000 Exception <a 'java/lang/ClassNotFoundException': com/android/build/gradle/tasks/factory/AndroidUnitTest_DecoratedCustomizer> (0x00000000de486c58) thrown at [C:\wsjdk\Corretto8Src\installers\windows\zip\corretto-build\buildRoot\src\hotspot\src\share\vm\cla
Event: 39.465 Thread 0x00000293d8dd4000 Exception <a 'java/lang/ClassNotFoundException': org/gradle/api/internal/tasks/DefaultSourceSetContainer_DecoratedBeanInfo> (0x00000000df260118) thrown at [C:\wsjdk\Corretto8Src\installers\windows\zip\corretto-build\buildRoot\src\hotspot\src\share\vm\clas
Event: 39.466 Thread 0x00000293d8dd4000 Exception <a 'java/lang/ClassNotFoundException': org/gradle/api/internal/tasks/DefaultSourceSetContainerBeanInfo> (0x00000000df2926c8) thrown at [C:\wsjdk\Corretto8Src\installers\windows\zip\corretto-build\buildRoot\src\hotspot\src\share\vm\classfile\syst
Event: 39.467 Thread 0x00000293d8dd4000 Exception <a 'java/lang/ClassNotFoundException': org/gradle/api/internal/tasks/DefaultSourceSetContainerCustomizer> (0x00000000df2c52a0) thrown at [C:\wsjdk\Corretto8Src\installers\windows\zip\corretto-build\buildRoot\src\hotspot\src\share\vm\classfile\sy
Event: 39.470 Thread 0x00000293d8dd4000 Exception <a 'java/lang/ClassNotFoundException': org/gradle/api/internal/tasks/DefaultSourceSetContainer_DecoratedCustomizer> (0x00000000df30b980) thrown at [C:\wsjdk\Corretto8Src\installers\windows\zip\corretto-build\buildRoot\src\hotspot\src\share\vm\cl
Event: 41.251 Thread 0x00000293d8dd4000 Exception <a 'sun/nio/fs/WindowsException'> (0x00000000e0519e48) thrown at [C:\wsjdk\Corretto8Src\installers\windows\zip\corretto-build\buildRoot\src\hotspot\src\share\vm\prims\jni.cpp, line 711]
Event: 41.439 Thread 0x00000293d8dd4000 Exception <a 'java/lang/ClassNotFoundException': com/sun/org/glassfish/hk2/osgiresourcelocator/ServiceLoader> (0x00000000e099a7b0) thrown at [C:\wsjdk\Corretto8Src\installers\windows\zip\corretto-build\buildRoot\src\hotspot\src\share\vm\classfile\systemDi
Event: 41.611 Thread 0x00000293d8dd4000 Exception <a 'java/lang/NullPointerException'> (0x00000000e0eb48c0) thrown at [C:\wsjdk\Corretto8Src\installers\windows\zip\corretto-build\buildRoot\src\hotspot\src\share\vm\interpreter\linkResolver.cpp, line 1287]

Events (10 events):
Event: 42.582 loading class com/sun/org/apache/xerces/internal/impl/XMLDocumentFragmentScannerImpl
Event: 42.586 loading class com/sun/org/apache/xerces/internal/xni/parser/XMLDocumentScanner
Event: 42.586 loading class com/sun/org/apache/xerces/internal/xni/parser/XMLDocumentSource
Event: 42.586 loading class com/sun/org/apache/xerces/internal/xni/parser/XMLDocumentSource done
Event: 42.586 loading class com/sun/org/apache/xerces/internal/xni/parser/XMLDocumentScanner done
Event: 42.586 loading class com/sun/org/apache/xerces/internal/impl/XMLEntityHandler
Event: 42.586 loading class com/sun/org/apache/xerces/internal/impl/XMLEntityHandler done
Event: 42.586 loading class com/sun/xml/internal/stream/XMLBufferListener
Event: 42.586 loading class com/sun/xml/internal/stream/XMLBufferListener done
Event: 42.587 loading class com/sun/org/apache/xerces/internal/impl/XMLScanner


Dynamic libraries:
0x00007ff77faf0000 - 0x00007ff77fb2a000 	C:\Users\stuar\.jdks\corretto-1.8.0_302\bin\java.exe
0x00007fff21930000 - 0x00007fff21b25000 	C:\Windows\SYSTEM32\ntdll.dll
0x00007fff20080000 - 0x00007fff2013d000 	C:\Windows\System32\KERNEL32.DLL
0x00007fff1f240000 - 0x00007fff1f508000 	C:\Windows\System32\KERNELBASE.dll
0x00007fff1ff30000 - 0x00007fff1ffdc000 	C:\Windows\System32\ADVAPI32.dll
0x00007fff20210000 - 0x00007fff202ae000 	C:\Windows\System32\msvcrt.dll
0x00007fff205c0000 - 0x00007fff2065b000 	C:\Windows\System32\sechost.dll
0x00007fff20400000 - 0x00007fff2052b000 	C:\Windows\System32\RPCRT4.dll
0x00007fff1fb70000 - 0x00007fff1fd10000 	C:\Windows\System32\USER32.dll
0x00007fff1f5b0000 - 0x00007fff1f5d2000 	C:\Windows\System32\win32u.dll
0x00007fff20590000 - 0x00007fff205ba000 	C:\Windows\System32\GDI32.dll
0x00007fff1f7f0000 - 0x00007fff1f8fb000 	C:\Windows\System32\gdi32full.dll
0x00007fff1f510000 - 0x00007fff1f5ad000 	C:\Windows\System32\msvcp_win.dll
0x00007fff1f0f0000 - 0x00007fff1f1f0000 	C:\Windows\System32\ucrtbase.dll
0x00007fff0c390000 - 0x00007fff0c62a000 	C:\Windows\WinSxS\amd64_microsoft.windows.common-controls_6595b64144ccf1df_6.0.19041.844_none_ca00b6081b84eb1d\COMCTL32.dll
0x00007fff1fd10000 - 0x00007fff1fd40000 	C:\Windows\System32\IMM32.DLL
0x00007fff0d8a0000 - 0x00007fff0d98f000 	C:\Users\stuar\.jdks\corretto-1.8.0_302\jre\bin\msvcr120.dll
0x00007fff0d7f0000 - 0x00007fff0d896000 	C:\Users\stuar\.jdks\corretto-1.8.0_302\jre\bin\msvcp120.dll
0x0000000053790000 - 0x0000000054000000 	C:\Users\stuar\.jdks\corretto-1.8.0_302\jre\bin\server\jvm.dll
0x00007fff202b0000 - 0x00007fff202b8000 	C:\Windows\System32\PSAPI.DLL
0x00007fff1a5b0000 - 0x00007fff1a5b9000 	C:\Windows\SYSTEM32\WSOCK32.dll
0x00007fff20140000 - 0x00007fff201ab000 	C:\Windows\System32\WS2_32.dll
0x00007fff0c630000 - 0x00007fff0c657000 	C:\Windows\SYSTEM32\WINMM.dll
0x00007fff10160000 - 0x00007fff1016a000 	C:\Windows\SYSTEM32\VERSION.dll
0x00007fff1ac40000 - 0x00007fff1ac4f000 	C:\Users\stuar\.jdks\corretto-1.8.0_302\jre\bin\verify.dll
0x00007fff1ac10000 - 0x00007fff1ac39000 	C:\Users\stuar\.jdks\corretto-1.8.0_302\jre\bin\java.dll
0x00007fff1abf0000 - 0x00007fff1ac06000 	C:\Users\stuar\.jdks\corretto-1.8.0_302\jre\bin\zip.dll
0x00007fff20e40000 - 0x00007fff21582000 	C:\Windows\System32\SHELL32.dll
0x00007fff1d1b0000 - 0x00007fff1d941000 	C:\Windows\SYSTEM32\windows.storage.dll
0x00007fff21590000 - 0x00007fff218e5000 	C:\Windows\System32\combase.dll
0x00007fff1ea70000 - 0x00007fff1ea9c000 	C:\Windows\SYSTEM32\Wldp.dll
0x00007fff1fac0000 - 0x00007fff1fb6e000 	C:\Windows\System32\SHCORE.dll
0x00007fff206e0000 - 0x00007fff20735000 	C:\Windows\System32\shlwapi.dll
0x00007fff1efb0000 - 0x00007fff1efcf000 	C:\Windows\SYSTEM32\profapi.dll
0x00007fff1abd0000 - 0x00007fff1abea000 	C:\Users\stuar\.jdks\corretto-1.8.0_302\jre\bin\net.dll
0x00007fff1e7e0000 - 0x00007fff1e84a000 	C:\Windows\system32\mswsock.dll
0x00007fff1abb0000 - 0x00007fff1abc2000 	C:\Users\stuar\.jdks\corretto-1.8.0_302\jre\bin\nio.dll
0x00007fff09310000 - 0x00007fff09337000 	C:\Users\stuar\.gradle\native\fdc75f09e3144964f2cf3f50f0aa648679c211496f362492102eb8c894070792\windows-amd64\native-platform.dll
0x00007ffeefa30000 - 0x00007ffeefbc6000 	C:\Users\stuar\.gradle\native\12488b8bf47d2d4c9fbf2f6322a914ad602e24e48041cd04a747c6da556b65c4\windows-amd64\native-platform-file-events.dll
0x00007fff1ab70000 - 0x00007fff1ab7d000 	C:\Users\stuar\.jdks\corretto-1.8.0_302\jre\bin\management.dll
0x00007fff1e9b0000 - 0x00007fff1e9c8000 	C:\Windows\SYSTEM32\CRYPTSP.dll
0x00007fff1e120000 - 0x00007fff1e154000 	C:\Windows\system32\rsaenh.dll
0x00007fff1f960000 - 0x00007fff1f987000 	C:\Windows\System32\bcrypt.dll
0x00007fff1ef70000 - 0x00007fff1ef9e000 	C:\Windows\SYSTEM32\USERENV.dll
0x00007fff1f070000 - 0x00007fff1f0f0000 	C:\Windows\System32\bcryptprimitives.dll
0x00007fff1e9d0000 - 0x00007fff1e9dc000 	C:\Windows\SYSTEM32\CRYPTBASE.dll
0x00007fff1e470000 - 0x00007fff1e4ab000 	C:\Windows\SYSTEM32\IPHLPAPI.DLL
0x00007fff20070000 - 0x00007fff20078000 	C:\Windows\System32\NSI.dll
0x00007fff181f0000 - 0x00007fff18207000 	C:\Windows\SYSTEM32\dhcpcsvc6.DLL
0x00007fff18170000 - 0x00007fff1818d000 	C:\Windows\SYSTEM32\dhcpcsvc.DLL
0x00007fff1e4b0000 - 0x00007fff1e57c000 	C:\Windows\SYSTEM32\DNSAPI.dll
0x00007fff19950000 - 0x00007fff1995b000 	C:\Windows\SYSTEM32\WINNSI.DLL

VM Arguments:
jvm_args: -Xmx2048m -Dfile.encoding=UTF-8 -Duser.country=GB -Duser.language=en -Duser.variant 
java_command: org.gradle.launcher.daemon.bootstrap.GradleDaemon 6.7.1
java_class_path (initial): C:\Users\stuar\.gradle\wrapper\dists\gradle-6.7.1-bin\bwlcbys1h7rz3272sye1xwiv6\gradle-6.7.1\lib\gradle-launcher-6.7.1.jar
Launcher Type: SUN_STANDARD

Environment Variables:
JAVA_HOME=C:\Program Files\Android\Android Studio\jre\bin\server
PATH=C:\Windows\system32;C:\Windows;C:\Windows\System32\Wbem;C:\Windows\System32\WindowsPowerShell\v1.0\;C:\Windows\System32\OpenSSH\;C:\Program Files\Git\cmd;C:\Users\stuar\AppData\Local\Microsoft\WindowsApps;
USERNAME=stuar
OS=Windows_NT
PROCESSOR_IDENTIFIER=Intel64 Family 6 Model 42 Stepping 7, GenuineIntel



---------------  S Y S T E M  ---------------

OS: Windows 10.0 , 64 bit Build 19041 (10.0.19041.928)

CPU:total 2 (initial active 2) (2 cores per cpu, 1 threads per core) family 6 model 42 stepping 7, cmov, cx8, fxsr, mmx, sse, sse2, sse3, ssse3, sse4.1, sse4.2, popcnt, clmul, tsc, tscinvbit

Memory: 4k page, physical 6178284k(362316k free), swap 6178284k(4556k free)

vm_info: OpenJDK 64-Bit Server VM (25.302-b08) for windows-amd64 JRE (1.8.0_302-b08), built on Jul 15 2021 19:37:21 by "Administrator" with MS VC++ 12.0 (VS2013)

time: Sun Aug 15 23:41:57 2021
timezone: GMT Summer Time
elapsed time: 42.640419 seconds (0d 0h 0m 42s)

